#
# There is insufficient memory for the Java Runtime Environment to continue.
# Native memory allocation (malloc) failed to allocate 723600 bytes for Chunk::new
# Possible reasons:
#   The system is out of physical RAM or swap space
#   The process is running with CompressedOops enabled, and the Java Heap may be blocking the growth of the native heap
# Possible solutions:
#   Reduce memory load on the system
#   Increase physical memory or swap space
#   Check if swap backing store is full
#   Decrease Java heap size (-Xmx/-Xms)
#   Decrease number of Java threads
#   Decrease Java thread stack sizes (-Xss)
#   Set larger code cache with -XX:ReservedCodeCacheSize=
#   JVM is running with Unscaled Compressed Oops mode in which the Java heap is
#     placed in the first 4GB address space. The Java Heap base address is the
#     maximum limit for the native heap growth. Please use -XX:HeapBaseMinAddress
#     to set the Java Heap base and to place the Java Heap above 4GB virtual address.
# This output file may be truncated or incomplete.
#
#  Out of Memory Error (./open/src/hotspot/share/memory/arena.cpp:195), pid=2668, tid=12140
#
# JRE version: OpenJDK Runtime Environment (15.0+36) (build 15+36-1562)
# Java VM: OpenJDK 64-Bit Server VM (15+36-1562, mixed mode, sharing, tiered, compressed oops, g1 gc, windows-amd64)
# No core dump will be written. Minidumps are not enabled by default on client versions of Windows
#

---------------  S U M M A R Y ------------

Command Line: -Dorg.gradle.internal.worker.tmpdir=C:\Users\ne466\IdeaProjects\core\core\build\tmp\test\work -Dorg.gradle.native=false -Xmx512m -Dfile.encoding=x-windows-949 -Duser.country=KR -Duser.language=ko -Duser.variant -ea worker.org.gradle.process.internal.worker.GradleWorkerMain 'Gradle Test Executor 1'

Host: Intel(R) Core(TM) i5-7200U CPU @ 2.50GHz, 4 cores, 7G,  Windows 10 , 64 bit Build 19041 (10.0.19041.1023)
Time: Wed Nov 23 07:30:32 2022 대한민국 표준시 elapsed time: 1.552789 seconds (0d 0h 0m 1s)

---------------  T H R E A D  ---------------

Current thread (0x00000205627a4b50):  JavaThread "C2 CompilerThread0" daemon [_thread_in_native, id=12140, stack(0x000000ca15d00000,0x000000ca15e00000)]


Current CompileTask:
C2:   1553  930   !   4       jdk.internal.loader.URLClassPath$JarLoader::getResource (65 bytes)

Stack: [0x000000ca15d00000,0x000000ca15e00000]
Native frames: (J=compiled Java code, j=interpreted, Vv=VM code, C=native code)
V  [jvm.dll+0x629eaa]
V  [jvm.dll+0x780379]
V  [jvm.dll+0x781ad3]
V  [jvm.dll+0x782133]
V  [jvm.dll+0x2159d5]
V  [jvm.dll+0x9794a]
V  [jvm.dll+0x9802c]
V  [jvm.dll+0x32dc35]
V  [jvm.dll+0x18dd31]
V  [jvm.dll+0x1e9ef2]
V  [jvm.dll+0x1e903e]
V  [jvm.dll+0x177f17]
V  [jvm.dll+0x1f88f5]
V  [jvm.dll+0x1f699c]
V  [jvm.dll+0x74384d]
V  [jvm.dll+0x73c64a]
V  [jvm.dll+0x628d16]
C  [ucrtbase.dll+0x21bb2]
C  [KERNEL32.DLL+0x17034]
C  [ntdll.dll+0x52651]


---------------  P R O C E S S  ---------------

Threads class SMR info:
_java_thread_list=0x0000020563968640, length=14, elements={
0x0000020547db8c10, 0x0000020547e8a700, 0x0000020547e8adf0, 0x0000020562797d70,
0x000002056279a350, 0x000002056279a920, 0x00000205627a4b50, 0x00000205627a5160,
0x00000205627b5770, 0x00000205630ec380, 0x00000205630f0b80, 0x0000020563330b10,
0x0000020563880fa0, 0x0000020563881470
}

Java Threads: ( => current thread )
  0x0000020547db8c10 JavaThread "Test worker" [_thread_in_vm, id=16004, stack(0x000000ca15100000,0x000000ca15200000)]
  0x0000020547e8a700 JavaThread "Reference Handler" daemon [_thread_blocked, id=4880, stack(0x000000ca15800000,0x000000ca15900000)]
  0x0000020547e8adf0 JavaThread "Finalizer" daemon [_thread_blocked, id=15876, stack(0x000000ca15900000,0x000000ca15a00000)]
  0x0000020562797d70 JavaThread "Signal Dispatcher" daemon [_thread_blocked, id=14184, stack(0x000000ca15a00000,0x000000ca15b00000)]
  0x000002056279a350 JavaThread "Attach Listener" daemon [_thread_blocked, id=12416, stack(0x000000ca15b00000,0x000000ca15c00000)]
  0x000002056279a920 JavaThread "Service Thread" daemon [_thread_blocked, id=1304, stack(0x000000ca15c00000,0x000000ca15d00000)]
=>0x00000205627a4b50 JavaThread "C2 CompilerThread0" daemon [_thread_in_native, id=12140, stack(0x000000ca15d00000,0x000000ca15e00000)]
  0x00000205627a5160 JavaThread "C1 CompilerThread0" daemon [_thread_blocked, id=16824, stack(0x000000ca15e00000,0x000000ca15f00000)]
  0x00000205627b5770 JavaThread "Sweeper thread" daemon [_thread_blocked, id=17512, stack(0x000000ca15f00000,0x000000ca16000000)]
  0x00000205630ec380 JavaThread "Notification Thread" daemon [_thread_blocked, id=4832, stack(0x000000ca16000000,0x000000ca16100000)]
  0x00000205630f0b80 JavaThread "Common-Cleaner" daemon [_thread_blocked, id=8892, stack(0x000000ca16200000,0x000000ca16300000)]
  0x0000020563330b10 JavaThread "/127.0.0.1:56111 to /127.0.0.1:56109 workers" [_thread_blocked, id=17372, stack(0x000000ca16700000,0x000000ca16800000)]
  0x0000020563880fa0 JavaThread "/127.0.0.1:56111 to /127.0.0.1:56109 workers Thread 2" [_thread_blocked, id=6384, stack(0x000000ca16800000,0x000000ca16900000)]
  0x0000020563881470 JavaThread "/127.0.0.1:56111 to /127.0.0.1:56109 workers Thread 3" [_thread_in_native, id=17836, stack(0x000000ca16900000,0x000000ca16a00000)]

Other Threads:
  0x0000020547e86f60 VMThread "VM Thread" [stack: 0x000000ca15700000,0x000000ca15800000] [id=16044]
  0x00000205630ec850 WatcherThread [stack: 0x000000ca16100000,0x000000ca16200000] [id=18304]
  0x0000020547de08c0 GCTaskThread "GC Thread#0" [stack: 0x000000ca15200000,0x000000ca15300000] [id=19204]
  0x000002056312ee30 GCTaskThread "GC Thread#1" [stack: 0x000000ca16400000,0x000000ca16500000] [id=1420]
  0x0000020563130150 GCTaskThread "GC Thread#2" [stack: 0x000000ca16500000,0x000000ca16600000] [id=16912]
  0x0000020547de6ab0 ConcurrentGCThread "G1 Main Marker" [stack: 0x000000ca15300000,0x000000ca15400000] [id=18344]
  0x0000020547de7dd0 ConcurrentGCThread "G1 Conc#0" [stack: 0x000000ca15400000,0x000000ca15500000] [id=16856]
  0x0000020547e626e0 ConcurrentGCThread "G1 Refine#0" [stack: 0x000000ca15500000,0x000000ca15600000] [id=13616]
  0x00000205637d88d0 ConcurrentGCThread "G1 Refine#1" [stack: 0x000000ca16600000,0x000000ca16700000] [id=18704]
  0x0000020547e64e90 ConcurrentGCThread "G1 Young RemSet Sampling" [stack: 0x000000ca15600000,0x000000ca15700000] [id=15840]

Threads with active compile tasks:
C2 CompilerThread0     1608  930   !   4       jdk.internal.loader.URLClassPath$JarLoader::getResource (65 bytes)

VM state: not at safepoint (normal execution)

VM Mutex/Monitor currently owned by a thread: None

Heap address: 0x00000000e0000000, size: 512 MB, Compressed Oops mode: 32-bit
CDS archive(s) mapped at: [0x0000000800000000-0x0000000800b50000-0x0000000800b50000), size 11862016, SharedBaseAddress: 0x0000000800000000, ArchiveRelocationMode: 0.
Compressed class space mapped at: 0x0000000800b50000-0x0000000840b50000, size: 1073741824
Narrow klass base: 0x0000000800000000, Narrow klass shift: 3, Narrow klass range: 0x100000000

GC Precious Log:
 CPUs: 4 total, 4 available
 Memory: 8102M
 Large Page Support: Disabled
 NUMA Support: Disabled
 Compressed Oops: Enabled (32-bit)
 Heap Region Size: 1M
 Heap Min Capacity: 8M
 Heap Initial Capacity: 128M
 Heap Max Capacity: 512M
 Pre-touch: Disabled
 Parallel Workers: 4
 Concurrent Workers: 1
 Concurrent Refinement Workers: 4
 Periodic GC: Disabled

Heap:
 garbage-first heap   total 131072K, used 10023K [0x00000000e0000000, 0x0000000100000000)
  region size 1024K, 8 young (8192K), 2 survivors (2048K)
 Metaspace       used 5715K, capacity 6844K, committed 7040K, reserved 1056768K
  class space    used 715K, capacity 795K, committed 896K, reserved 1048576K

Heap Regions: E=young(eden), S=young(survivor), O=old, HS=humongous(starts), HC=humongous(continues), CS=collection set, F=free, OA=open archive, CA=closed archive, TAMS=top-at-mark-start (previous, next)
|   0|0x00000000e0000000, 0x00000000e0100000, 0x00000000e0100000|100%| O|  |TAMS 0x00000000e0000000, 0x00000000e0000000| Untracked 
|   1|0x00000000e0100000, 0x00000000e0200000, 0x00000000e0200000|100%| O|  |TAMS 0x00000000e0100000, 0x00000000e0100000| Untracked 
|   2|0x00000000e0200000, 0x00000000e0300000, 0x00000000e0300000|100%| O|  |TAMS 0x00000000e0200000, 0x00000000e0200000| Untracked 
|   3|0x00000000e0300000, 0x00000000e03c9c00, 0x00000000e0400000| 78%| O|  |TAMS 0x00000000e0300000, 0x00000000e0300000| Untracked 
|   4|0x00000000e0400000, 0x00000000e0400000, 0x00000000e0500000|  0%| F|  |TAMS 0x00000000e0400000, 0x00000000e0400000| Untracked 
|   5|0x00000000e0500000, 0x00000000e0500000, 0x00000000e0600000|  0%| F|  |TAMS 0x00000000e0500000, 0x00000000e0500000| Untracked 
|   6|0x00000000e0600000, 0x00000000e0600000, 0x00000000e0700000|  0%| F|  |TAMS 0x00000000e0600000, 0x00000000e0600000| Untracked 
|   7|0x00000000e0700000, 0x00000000e0700000, 0x00000000e0800000|  0%| F|  |TAMS 0x00000000e0700000, 0x00000000e0700000| Untracked 
|   8|0x00000000e0800000, 0x00000000e0800000, 0x00000000e0900000|  0%| F|  |TAMS 0x00000000e0800000, 0x00000000e0800000| Untracked 
|   9|0x00000000e0900000, 0x00000000e0900000, 0x00000000e0a00000|  0%| F|  |TAMS 0x00000000e0900000, 0x00000000e0900000| Untracked 
|  10|0x00000000e0a00000, 0x00000000e0a00000, 0x00000000e0b00000|  0%| F|  |TAMS 0x00000000e0a00000, 0x00000000e0a00000| Untracked 
|  11|0x00000000e0b00000, 0x00000000e0b00000, 0x00000000e0c00000|  0%| F|  |TAMS 0x00000000e0b00000, 0x00000000e0b00000| Untracked 
|  12|0x00000000e0c00000, 0x00000000e0c00000, 0x00000000e0d00000|  0%| F|  |TAMS 0x00000000e0c00000, 0x00000000e0c00000| Untracked 
|  13|0x00000000e0d00000, 0x00000000e0d00000, 0x00000000e0e00000|  0%| F|  |TAMS 0x00000000e0d00000, 0x00000000e0d00000| Untracked 
|  14|0x00000000e0e00000, 0x00000000e0e00000, 0x00000000e0f00000|  0%| F|  |TAMS 0x00000000e0e00000, 0x00000000e0e00000| Untracked 
|  15|0x00000000e0f00000, 0x00000000e0f00000, 0x00000000e1000000|  0%| F|  |TAMS 0x00000000e0f00000, 0x00000000e0f00000| Untracked 
|  16|0x00000000e1000000, 0x00000000e1000000, 0x00000000e1100000|  0%| F|  |TAMS 0x00000000e1000000, 0x00000000e1000000| Untracked 
|  17|0x00000000e1100000, 0x00000000e1100000, 0x00000000e1200000|  0%| F|  |TAMS 0x00000000e1100000, 0x00000000e1100000| Untracked 
|  18|0x00000000e1200000, 0x00000000e1200000, 0x00000000e1300000|  0%| F|  |TAMS 0x00000000e1200000, 0x00000000e1200000| Untracked 
|  19|0x00000000e1300000, 0x00000000e1300000, 0x00000000e1400000|  0%| F|  |TAMS 0x00000000e1300000, 0x00000000e1300000| Untracked 
|  20|0x00000000e1400000, 0x00000000e1400000, 0x00000000e1500000|  0%| F|  |TAMS 0x00000000e1400000, 0x00000000e1400000| Untracked 
|  21|0x00000000e1500000, 0x00000000e1500000, 0x00000000e1600000|  0%| F|  |TAMS 0x00000000e1500000, 0x00000000e1500000| Untracked 
|  22|0x00000000e1600000, 0x00000000e1600000, 0x00000000e1700000|  0%| F|  |TAMS 0x00000000e1600000, 0x00000000e1600000| Untracked 
|  23|0x00000000e1700000, 0x00000000e1700000, 0x00000000e1800000|  0%| F|  |TAMS 0x00000000e1700000, 0x00000000e1700000| Untracked 
|  24|0x00000000e1800000, 0x00000000e1800000, 0x00000000e1900000|  0%| F|  |TAMS 0x00000000e1800000, 0x00000000e1800000| Untracked 
|  25|0x00000000e1900000, 0x00000000e1900000, 0x00000000e1a00000|  0%| F|  |TAMS 0x00000000e1900000, 0x00000000e1900000| Untracked 
|  26|0x00000000e1a00000, 0x00000000e1a00000, 0x00000000e1b00000|  0%| F|  |TAMS 0x00000000e1a00000, 0x00000000e1a00000| Untracked 
|  27|0x00000000e1b00000, 0x00000000e1b00000, 0x00000000e1c00000|  0%| F|  |TAMS 0x00000000e1b00000, 0x00000000e1b00000| Untracked 
|  28|0x00000000e1c00000, 0x00000000e1c00000, 0x00000000e1d00000|  0%| F|  |TAMS 0x00000000e1c00000, 0x00000000e1c00000| Untracked 
|  29|0x00000000e1d00000, 0x00000000e1d00000, 0x00000000e1e00000|  0%| F|  |TAMS 0x00000000e1d00000, 0x00000000e1d00000| Untracked 
|  30|0x00000000e1e00000, 0x00000000e1e00000, 0x00000000e1f00000|  0%| F|  |TAMS 0x00000000e1e00000, 0x00000000e1e00000| Untracked 
|  31|0x00000000e1f00000, 0x00000000e1f00000, 0x00000000e2000000|  0%| F|  |TAMS 0x00000000e1f00000, 0x00000000e1f00000| Untracked 
|  32|0x00000000e2000000, 0x00000000e2000000, 0x00000000e2100000|  0%| F|  |TAMS 0x00000000e2000000, 0x00000000e2000000| Untracked 
|  33|0x00000000e2100000, 0x00000000e2100000, 0x00000000e2200000|  0%| F|  |TAMS 0x00000000e2100000, 0x00000000e2100000| Untracked 
|  34|0x00000000e2200000, 0x00000000e2200000, 0x00000000e2300000|  0%| F|  |TAMS 0x00000000e2200000, 0x00000000e2200000| Untracked 
|  35|0x00000000e2300000, 0x00000000e2300000, 0x00000000e2400000|  0%| F|  |TAMS 0x00000000e2300000, 0x00000000e2300000| Untracked 
|  36|0x00000000e2400000, 0x00000000e2400000, 0x00000000e2500000|  0%| F|  |TAMS 0x00000000e2400000, 0x00000000e2400000| Untracked 
|  37|0x00000000e2500000, 0x00000000e2500000, 0x00000000e2600000|  0%| F|  |TAMS 0x00000000e2500000, 0x00000000e2500000| Untracked 
|  38|0x00000000e2600000, 0x00000000e2600000, 0x00000000e2700000|  0%| F|  |TAMS 0x00000000e2600000, 0x00000000e2600000| Untracked 
|  39|0x00000000e2700000, 0x00000000e2700000, 0x00000000e2800000|  0%| F|  |TAMS 0x00000000e2700000, 0x00000000e2700000| Untracked 
|  40|0x00000000e2800000, 0x00000000e2800000, 0x00000000e2900000|  0%| F|  |TAMS 0x00000000e2800000, 0x00000000e2800000| Untracked 
|  41|0x00000000e2900000, 0x00000000e2900000, 0x00000000e2a00000|  0%| F|  |TAMS 0x00000000e2900000, 0x00000000e2900000| Untracked 
|  42|0x00000000e2a00000, 0x00000000e2a00000, 0x00000000e2b00000|  0%| F|  |TAMS 0x00000000e2a00000, 0x00000000e2a00000| Untracked 
|  43|0x00000000e2b00000, 0x00000000e2b00000, 0x00000000e2c00000|  0%| F|  |TAMS 0x00000000e2b00000, 0x00000000e2b00000| Untracked 
|  44|0x00000000e2c00000, 0x00000000e2c00000, 0x00000000e2d00000|  0%| F|  |TAMS 0x00000000e2c00000, 0x00000000e2c00000| Untracked 
|  45|0x00000000e2d00000, 0x00000000e2d00000, 0x00000000e2e00000|  0%| F|  |TAMS 0x00000000e2d00000, 0x00000000e2d00000| Untracked 
|  46|0x00000000e2e00000, 0x00000000e2e00000, 0x00000000e2f00000|  0%| F|  |TAMS 0x00000000e2e00000, 0x00000000e2e00000| Untracked 
|  47|0x00000000e2f00000, 0x00000000e2f00000, 0x00000000e3000000|  0%| F|  |TAMS 0x00000000e2f00000, 0x00000000e2f00000| Untracked 
|  48|0x00000000e3000000, 0x00000000e3000000, 0x00000000e3100000|  0%| F|  |TAMS 0x00000000e3000000, 0x00000000e3000000| Untracked 
|  49|0x00000000e3100000, 0x00000000e3100000, 0x00000000e3200000|  0%| F|  |TAMS 0x00000000e3100000, 0x00000000e3100000| Untracked 
|  50|0x00000000e3200000, 0x00000000e3200000, 0x00000000e3300000|  0%| F|  |TAMS 0x00000000e3200000, 0x00000000e3200000| Untracked 
|  51|0x00000000e3300000, 0x00000000e3300000, 0x00000000e3400000|  0%| F|  |TAMS 0x00000000e3300000, 0x00000000e3300000| Untracked 
|  52|0x00000000e3400000, 0x00000000e3400000, 0x00000000e3500000|  0%| F|  |TAMS 0x00000000e3400000, 0x00000000e3400000| Untracked 
|  53|0x00000000e3500000, 0x00000000e3500000, 0x00000000e3600000|  0%| F|  |TAMS 0x00000000e3500000, 0x00000000e3500000| Untracked 
|  54|0x00000000e3600000, 0x00000000e3600000, 0x00000000e3700000|  0%| F|  |TAMS 0x00000000e3600000, 0x00000000e3600000| Untracked 
|  55|0x00000000e3700000, 0x00000000e3700000, 0x00000000e3800000|  0%| F|  |TAMS 0x00000000e3700000, 0x00000000e3700000| Untracked 
|  56|0x00000000e3800000, 0x00000000e3800000, 0x00000000e3900000|  0%| F|  |TAMS 0x00000000e3800000, 0x00000000e3800000| Untracked 
|  57|0x00000000e3900000, 0x00000000e3900000, 0x00000000e3a00000|  0%| F|  |TAMS 0x00000000e3900000, 0x00000000e3900000| Untracked 
|  58|0x00000000e3a00000, 0x00000000e3a00000, 0x00000000e3b00000|  0%| F|  |TAMS 0x00000000e3a00000, 0x00000000e3a00000| Untracked 
|  59|0x00000000e3b00000, 0x00000000e3b00000, 0x00000000e3c00000|  0%| F|  |TAMS 0x00000000e3b00000, 0x00000000e3b00000| Untracked 
|  60|0x00000000e3c00000, 0x00000000e3c00000, 0x00000000e3d00000|  0%| F|  |TAMS 0x00000000e3c00000, 0x00000000e3c00000| Untracked 
|  61|0x00000000e3d00000, 0x00000000e3d00000, 0x00000000e3e00000|  0%| F|  |TAMS 0x00000000e3d00000, 0x00000000e3d00000| Untracked 
|  62|0x00000000e3e00000, 0x00000000e3e00000, 0x00000000e3f00000|  0%| F|  |TAMS 0x00000000e3e00000, 0x00000000e3e00000| Untracked 
|  63|0x00000000e3f00000, 0x00000000e3f00000, 0x00000000e4000000|  0%| F|  |TAMS 0x00000000e3f00000, 0x00000000e3f00000| Untracked 
|  64|0x00000000e4000000, 0x00000000e4000000, 0x00000000e4100000|  0%| F|  |TAMS 0x00000000e4000000, 0x00000000e4000000| Untracked 
|  65|0x00000000e4100000, 0x00000000e4100000, 0x00000000e4200000|  0%| F|  |TAMS 0x00000000e4100000, 0x00000000e4100000| Untracked 
|  66|0x00000000e4200000, 0x00000000e4200000, 0x00000000e4300000|  0%| F|  |TAMS 0x00000000e4200000, 0x00000000e4200000| Untracked 
|  67|0x00000000e4300000, 0x00000000e4300000, 0x00000000e4400000|  0%| F|  |TAMS 0x00000000e4300000, 0x00000000e4300000| Untracked 
|  68|0x00000000e4400000, 0x00000000e4400000, 0x00000000e4500000|  0%| F|  |TAMS 0x00000000e4400000, 0x00000000e4400000| Untracked 
|  69|0x00000000e4500000, 0x00000000e4500000, 0x00000000e4600000|  0%| F|  |TAMS 0x00000000e4500000, 0x00000000e4500000| Untracked 
|  70|0x00000000e4600000, 0x00000000e4600000, 0x00000000e4700000|  0%| F|  |TAMS 0x00000000e4600000, 0x00000000e4600000| Untracked 
|  71|0x00000000e4700000, 0x00000000e4700000, 0x00000000e4800000|  0%| F|  |TAMS 0x00000000e4700000, 0x00000000e4700000| Untracked 
|  72|0x00000000e4800000, 0x00000000e4800000, 0x00000000e4900000|  0%| F|  |TAMS 0x00000000e4800000, 0x00000000e4800000| Untracked 
|  73|0x00000000e4900000, 0x00000000e4900000, 0x00000000e4a00000|  0%| F|  |TAMS 0x00000000e4900000, 0x00000000e4900000| Untracked 
|  74|0x00000000e4a00000, 0x00000000e4a00000, 0x00000000e4b00000|  0%| F|  |TAMS 0x00000000e4a00000, 0x00000000e4a00000| Untracked 
|  75|0x00000000e4b00000, 0x00000000e4b00000, 0x00000000e4c00000|  0%| F|  |TAMS 0x00000000e4b00000, 0x00000000e4b00000| Untracked 
|  76|0x00000000e4c00000, 0x00000000e4c00000, 0x00000000e4d00000|  0%| F|  |TAMS 0x00000000e4c00000, 0x00000000e4c00000| Untracked 
|  77|0x00000000e4d00000, 0x00000000e4d00000, 0x00000000e4e00000|  0%| F|  |TAMS 0x00000000e4d00000, 0x00000000e4d00000| Untracked 
|  78|0x00000000e4e00000, 0x00000000e4e00000, 0x00000000e4f00000|  0%| F|  |TAMS 0x00000000e4e00000, 0x00000000e4e00000| Untracked 
|  79|0x00000000e4f00000, 0x00000000e4f00000, 0x00000000e5000000|  0%| F|  |TAMS 0x00000000e4f00000, 0x00000000e4f00000| Untracked 
|  80|0x00000000e5000000, 0x00000000e5000000, 0x00000000e5100000|  0%| F|  |TAMS 0x00000000e5000000, 0x00000000e5000000| Untracked 
|  81|0x00000000e5100000, 0x00000000e5100000, 0x00000000e5200000|  0%| F|  |TAMS 0x00000000e5100000, 0x00000000e5100000| Untracked 
|  82|0x00000000e5200000, 0x00000000e5200000, 0x00000000e5300000|  0%| F|  |TAMS 0x00000000e5200000, 0x00000000e5200000| Untracked 
|  83|0x00000000e5300000, 0x00000000e5300000, 0x00000000e5400000|  0%| F|  |TAMS 0x00000000e5300000, 0x00000000e5300000| Untracked 
|  84|0x00000000e5400000, 0x00000000e5400000, 0x00000000e5500000|  0%| F|  |TAMS 0x00000000e5400000, 0x00000000e5400000| Untracked 
|  85|0x00000000e5500000, 0x00000000e5500000, 0x00000000e5600000|  0%| F|  |TAMS 0x00000000e5500000, 0x00000000e5500000| Untracked 
|  86|0x00000000e5600000, 0x00000000e5600000, 0x00000000e5700000|  0%| F|  |TAMS 0x00000000e5600000, 0x00000000e5600000| Untracked 
|  87|0x00000000e5700000, 0x00000000e5700000, 0x00000000e5800000|  0%| F|  |TAMS 0x00000000e5700000, 0x00000000e5700000| Untracked 
|  88|0x00000000e5800000, 0x00000000e5800000, 0x00000000e5900000|  0%| F|  |TAMS 0x00000000e5800000, 0x00000000e5800000| Untracked 
|  89|0x00000000e5900000, 0x00000000e5900000, 0x00000000e5a00000|  0%| F|  |TAMS 0x00000000e5900000, 0x00000000e5900000| Untracked 
|  90|0x00000000e5a00000, 0x00000000e5a00000, 0x00000000e5b00000|  0%| F|  |TAMS 0x00000000e5a00000, 0x00000000e5a00000| Untracked 
|  91|0x00000000e5b00000, 0x00000000e5b00000, 0x00000000e5c00000|  0%| F|  |TAMS 0x00000000e5b00000, 0x00000000e5b00000| Untracked 
|  92|0x00000000e5c00000, 0x00000000e5c00000, 0x00000000e5d00000|  0%| F|  |TAMS 0x00000000e5c00000, 0x00000000e5c00000| Untracked 
|  93|0x00000000e5d00000, 0x00000000e5d00000, 0x00000000e5e00000|  0%| F|  |TAMS 0x00000000e5d00000, 0x00000000e5d00000| Untracked 
|  94|0x00000000e5e00000, 0x00000000e5e00000, 0x00000000e5f00000|  0%| F|  |TAMS 0x00000000e5e00000, 0x00000000e5e00000| Untracked 
|  95|0x00000000e5f00000, 0x00000000e5f00000, 0x00000000e6000000|  0%| F|  |TAMS 0x00000000e5f00000, 0x00000000e5f00000| Untracked 
|  96|0x00000000e6000000, 0x00000000e6000000, 0x00000000e6100000|  0%| F|  |TAMS 0x00000000e6000000, 0x00000000e6000000| Untracked 
|  97|0x00000000e6100000, 0x00000000e6100000, 0x00000000e6200000|  0%| F|  |TAMS 0x00000000e6100000, 0x00000000e6100000| Untracked 
|  98|0x00000000e6200000, 0x00000000e6200000, 0x00000000e6300000|  0%| F|  |TAMS 0x00000000e6200000, 0x00000000e6200000| Untracked 
|  99|0x00000000e6300000, 0x00000000e6300000, 0x00000000e6400000|  0%| F|  |TAMS 0x00000000e6300000, 0x00000000e6300000| Untracked 
| 100|0x00000000e6400000, 0x00000000e6400000, 0x00000000e6500000|  0%| F|  |TAMS 0x00000000e6400000, 0x00000000e6400000| Untracked 
| 101|0x00000000e6500000, 0x00000000e6500000, 0x00000000e6600000|  0%| F|  |TAMS 0x00000000e6500000, 0x00000000e6500000| Untracked 
| 102|0x00000000e6600000, 0x00000000e6600000, 0x00000000e6700000|  0%| F|  |TAMS 0x00000000e6600000, 0x00000000e6600000| Untracked 
| 103|0x00000000e6700000, 0x00000000e6700000, 0x00000000e6800000|  0%| F|  |TAMS 0x00000000e6700000, 0x00000000e6700000| Untracked 
| 104|0x00000000e6800000, 0x00000000e6800000, 0x00000000e6900000|  0%| F|  |TAMS 0x00000000e6800000, 0x00000000e6800000| Untracked 
| 105|0x00000000e6900000, 0x00000000e6900000, 0x00000000e6a00000|  0%| F|  |TAMS 0x00000000e6900000, 0x00000000e6900000| Untracked 
| 106|0x00000000e6a00000, 0x00000000e6a00000, 0x00000000e6b00000|  0%| F|  |TAMS 0x00000000e6a00000, 0x00000000e6a00000| Untracked 
| 107|0x00000000e6b00000, 0x00000000e6b00000, 0x00000000e6c00000|  0%| F|  |TAMS 0x00000000e6b00000, 0x00000000e6b00000| Untracked 
| 108|0x00000000e6c00000, 0x00000000e6c00000, 0x00000000e6d00000|  0%| F|  |TAMS 0x00000000e6c00000, 0x00000000e6c00000| Untracked 
| 109|0x00000000e6d00000, 0x00000000e6d00000, 0x00000000e6e00000|  0%| F|  |TAMS 0x00000000e6d00000, 0x00000000e6d00000| Untracked 
| 110|0x00000000e6e00000, 0x00000000e6e00000, 0x00000000e6f00000|  0%| F|  |TAMS 0x00000000e6e00000, 0x00000000e6e00000| Untracked 
| 111|0x00000000e6f00000, 0x00000000e6f00000, 0x00000000e7000000|  0%| F|  |TAMS 0x00000000e6f00000, 0x00000000e6f00000| Untracked 
| 112|0x00000000e7000000, 0x00000000e7000000, 0x00000000e7100000|  0%| F|  |TAMS 0x00000000e7000000, 0x00000000e7000000| Untracked 
| 113|0x00000000e7100000, 0x00000000e7200000, 0x00000000e7200000|100%| S|CS|TAMS 0x00000000e7100000, 0x00000000e7100000| Complete 
| 114|0x00000000e7200000, 0x00000000e7300000, 0x00000000e7300000|100%| S|CS|TAMS 0x00000000e7200000, 0x00000000e7200000| Complete 
| 115|0x00000000e7300000, 0x00000000e7300000, 0x00000000e7400000|  0%| F|  |TAMS 0x00000000e7300000, 0x00000000e7300000| Untracked 
| 116|0x00000000e7400000, 0x00000000e7400000, 0x00000000e7500000|  0%| F|  |TAMS 0x00000000e7400000, 0x00000000e7400000| Untracked 
| 117|0x00000000e7500000, 0x00000000e7500000, 0x00000000e7600000|  0%| F|  |TAMS 0x00000000e7500000, 0x00000000e7500000| Untracked 
| 118|0x00000000e7600000, 0x00000000e7600000, 0x00000000e7700000|  0%| F|  |TAMS 0x00000000e7600000, 0x00000000e7600000| Untracked 
| 119|0x00000000e7700000, 0x00000000e7700000, 0x00000000e7800000|  0%| F|  |TAMS 0x00000000e7700000, 0x00000000e7700000| Untracked 
| 120|0x00000000e7800000, 0x00000000e7800000, 0x00000000e7900000|  0%| F|  |TAMS 0x00000000e7800000, 0x00000000e7800000| Untracked 
| 121|0x00000000e7900000, 0x00000000e7900000, 0x00000000e7a00000|  0%| F|  |TAMS 0x00000000e7900000, 0x00000000e7900000| Untracked 
| 122|0x00000000e7a00000, 0x00000000e7a70470, 0x00000000e7b00000| 43%| E|  |TAMS 0x00000000e7a00000, 0x00000000e7a00000| Complete 
| 123|0x00000000e7b00000, 0x00000000e7c00000, 0x00000000e7c00000|100%| E|CS|TAMS 0x00000000e7b00000, 0x00000000e7b00000| Complete 
| 124|0x00000000e7c00000, 0x00000000e7d00000, 0x00000000e7d00000|100%| E|CS|TAMS 0x00000000e7c00000, 0x00000000e7c00000| Complete 
| 125|0x00000000e7d00000, 0x00000000e7e00000, 0x00000000e7e00000|100%| E|CS|TAMS 0x00000000e7d00000, 0x00000000e7d00000| Complete 
| 126|0x00000000e7e00000, 0x00000000e7f00000, 0x00000000e7f00000|100%| E|  |TAMS 0x00000000e7e00000, 0x00000000e7e00000| Complete 
| 127|0x00000000e7f00000, 0x00000000e8000000, 0x00000000e8000000|100%| E|CS|TAMS 0x00000000e7f00000, 0x00000000e7f00000| Complete 

Card table byte_map: [0x000002055efe0000,0x000002055f0e0000] _byte_map_base: 0x000002055e8e0000

Marking Bits (Prev, Next): (CMBitMap*) 0x0000020547de2050, (CMBitMap*) 0x0000020547de2090
 Prev Bits: [0x000002055f1e0000, 0x000002055f9e0000)
 Next Bits: [0x000002055f9e0000, 0x00000205601e0000)

Polling page: 0x0000020545c70000

Metaspace:

Usage:
  Non-class:      5.91 MB capacity,     4.89 MB ( 83%) used,     1.01 MB ( 17%) free+waste,     7.56 KB ( <1%) overhead. 
      Class:    795.00 KB capacity,   716.55 KB ( 90%) used,    74.57 KB (  9%) free+waste,     3.88 KB ( <1%) overhead. 
       Both:      6.68 MB capacity,     5.59 MB ( 84%) used,     1.09 MB ( 16%) free+waste,    11.44 KB ( <1%) overhead. 

Virtual space:
  Non-class space:        8.00 MB reserved,       6.00 MB ( 75%) committed 
      Class space:        1.00 GB reserved,     896.00 KB ( <1%) committed 
             Both:        1.01 GB reserved,       6.88 MB ( <1%) committed 

Chunk freelists:
   Non-Class:  31.00 KB
       Class:  5.00 KB
        Both:  36.00 KB

MaxMetaspaceSize: 17179869184.00 GB
CompressedClassSpaceSize: 1.00 GB

CodeHeap 'non-profiled nmethods': size=120000Kb used=273Kb max_used=273Kb free=119726Kb
 bounds [0x0000020557ab0000, 0x0000020557d20000, 0x000002055efe0000]
CodeHeap 'profiled nmethods': size=120000Kb used=1862Kb max_used=1862Kb free=118137Kb
 bounds [0x0000020550580000, 0x00000205507f0000, 0x0000020557ab0000]
CodeHeap 'non-nmethods': size=5760Kb used=1166Kb max_used=1185Kb free=4593Kb
 bounds [0x000002054ffe0000, 0x0000020550250000, 0x0000020550580000]
 total_blobs=1429 nmethods=1006 adapters=336
 compilation: enabled
              stopped_count=0, restarted_count=0
 full_count=0

Compilation events (20 events):
Event: 1.515 Thread 0x00000205627a5160 nmethod 993 0x0000020550744210 code [0x00000205507443c0, 0x00000205507445f8]
Event: 1.515 Thread 0x00000205627a5160  994       1       java.lang.invoke.InfoFromMemberName::getReferenceKind (5 bytes)
Event: 1.516 Thread 0x00000205627a5160 nmethod 994 0x0000020557af3890 code [0x0000020557af3a20, 0x0000020557af3ad8]
Event: 1.518 Thread 0x00000205627a5160  996       3       jdk.internal.module.SystemModuleFinders$SystemModuleReader::find (54 bytes)
Event: 1.518 Thread 0x00000205627a5160 nmethod 996 0x0000020550744710 code [0x00000205507449c0, 0x00000205507454b8]
Event: 1.531 Thread 0x00000205627a5160  997       3       java.lang.invoke.MethodHandles$Lookup::<init> (84 bytes)
Event: 1.532 Thread 0x00000205627a5160 nmethod 997 0x0000020550745890 code [0x0000020550745a40, 0x0000020550745c78]
Event: 1.532 Thread 0x00000205627a5160  998       3       jdk.internal.org.objectweb.asm.SymbolTable::addConstantMethodref (24 bytes)
Event: 1.533 Thread 0x00000205627a5160 nmethod 998 0x0000020550745d10 code [0x0000020550745ec0, 0x0000020550746068]
Event: 1.533 Thread 0x00000205627a5160  999       3       java.lang.invoke.MethodHandles$Lookup::checkAccess (232 bytes)
Event: 1.535 Thread 0x00000205627a5160 nmethod 999 0x0000020550746110 code [0x00000205507464c0, 0x0000020550747cf8]
Event: 1.535 Thread 0x00000205627a5160 1001       3       java.util.HashSet::<init> (16 bytes)
Event: 1.536 Thread 0x00000205627a5160 nmethod 1001 0x0000020550748410 code [0x00000205507485e0, 0x00000205507489f8]
Event: 1.536 Thread 0x00000205627a5160 1000       1       java.lang.reflect.Constructor::getDeclaringClass (5 bytes)
Event: 1.536 Thread 0x00000205627a5160 nmethod 1000 0x0000020557af3e90 code [0x0000020557af4020, 0x0000020557af40d8]
Event: 1.538 Thread 0x00000205627a5160 1002  s    3       java.util.jar.JarFile::getInputStream (72 bytes)
Event: 1.539 Thread 0x00000205627a5160 nmethod 1002 0x0000020550748b90 code [0x0000020550748da0, 0x00000205507492b8]
Event: 1.548 Thread 0x00000205627a5160 1003       3       jdk.internal.org.objectweb.asm.ClassWriter::visitMethod (57 bytes)
Event: 1.548 Thread 0x00000205627a5160 nmethod 1003 0x0000020550749490 code [0x0000020550749640, 0x00000205507499a8]
Event: 1.548 Thread 0x00000205627a5160 1004       3       jdk.internal.org.objectweb.asm.MethodVisitor::<init> (7 bytes)

GC Heap History (2 events):
Event: 0.999 GC heap before
{Heap before GC invocations=0 (full 0):
 garbage-first heap   total 131072K, used 12288K [0x00000000e0000000, 0x0000000100000000)
  region size 1024K, 13 young (13312K), 0 survivors (0K)
 Metaspace       used 4064K, capacity 5866K, committed 6144K, reserved 1056768K
  class space    used 498K, capacity 661K, committed 768K, reserved 1048576K
}
Event: 1.006 GC heap after
{Heap after GC invocations=1 (full 0):
 garbage-first heap   total 131072K, used 5927K [0x00000000e0000000, 0x0000000100000000)
  region size 1024K, 2 young (2048K), 2 survivors (2048K)
 Metaspace       used 4064K, capacity 5866K, committed 6144K, reserved 1056768K
  class space    used 498K, capacity 661K, committed 768K, reserved 1048576K
}

Deoptimization events (20 events):
Event: 0.763 Thread 0x0000020547db8c10 Uncommon trap: trap_request=0xffffff45 fr.pc=0x0000020557ac50e4 relative=0x00000000000003c4
Event: 0.763 Thread 0x0000020547db8c10 Uncommon trap: reason=unstable_if action=reinterpret pc=0x0000020557ac50e4 method=java.lang.AbstractStringBuilder.isLatin1()Z @ 10 c2
Event: 0.763 Thread 0x0000020547db8c10 DEOPT PACKING pc=0x0000020557ac50e4 sp=0x000000ca151ff030
Event: 0.763 Thread 0x0000020547db8c10 DEOPT UNPACKING pc=0x000002055002e42f sp=0x000000ca151fefb0 mode 2
Event: 1.342 Thread 0x0000020563881470 DEOPT PACKING pc=0x000002055061c7c5 sp=0x000000ca169fd560
Event: 1.342 Thread 0x0000020563881470 DEOPT UNPACKING pc=0x000002055002e23f sp=0x000000ca169fc9c0 mode 0
Event: 1.359 Thread 0x0000020547db8c10 Uncommon trap: trap_request=0xffffff45 fr.pc=0x0000020557aeb4d0 relative=0x0000000000000f30
Event: 1.359 Thread 0x0000020547db8c10 Uncommon trap: reason=unstable_if action=reinterpret pc=0x0000020557aeb4d0 method=java.util.concurrent.ConcurrentHashMap.putVal(Ljava/lang/Object;Ljava/lang/Object;Z)Ljava/lang/Object; @ 148 c2
Event: 1.359 Thread 0x0000020547db8c10 DEOPT PACKING pc=0x0000020557aeb4d0 sp=0x000000ca151f9a50
Event: 1.359 Thread 0x0000020547db8c10 DEOPT UNPACKING pc=0x000002055002e42f sp=0x000000ca151f99d0 mode 2
Event: 1.386 Thread 0x0000020547db8c10 DEOPT PACKING pc=0x00000205505d19df sp=0x000000ca151f8300
Event: 1.386 Thread 0x0000020547db8c10 DEOPT UNPACKING pc=0x000002055002e23f sp=0x000000ca151f7750 mode 0
Event: 1.407 Thread 0x0000020547db8c10 Uncommon trap: trap_request=0xffffff45 fr.pc=0x0000020557ab1460 relative=0x0000000000000060
Event: 1.407 Thread 0x0000020547db8c10 Uncommon trap: reason=unstable_if action=reinterpret pc=0x0000020557ab1460 method=java.io.WinNTFileSystem.isSlash(C)Z @ 9 c2
Event: 1.407 Thread 0x0000020547db8c10 DEOPT PACKING pc=0x0000020557ab1460 sp=0x000000ca151fd9e0
Event: 1.407 Thread 0x0000020547db8c10 DEOPT UNPACKING pc=0x000002055002e42f sp=0x000000ca151fd968 mode 2
Event: 1.408 Thread 0x0000020547db8c10 Uncommon trap: trap_request=0xffffffde fr.pc=0x0000020557aef57c relative=0x00000000000002bc
Event: 1.408 Thread 0x0000020547db8c10 Uncommon trap: reason=class_check action=maybe_recompile pc=0x0000020557aef57c method=java.util.HashMap.getNode(Ljava/lang/Object;)Ljava/util/HashMap$Node; @ 128 c2
Event: 1.408 Thread 0x0000020547db8c10 DEOPT PACKING pc=0x0000020557aef57c sp=0x000000ca151fd9c0
Event: 1.408 Thread 0x0000020547db8c10 DEOPT UNPACKING pc=0x000002055002e42f sp=0x000000ca151fd928 mode 2

Classes unloaded (0 events):
No events

Classes redefined (0 events):
No events

Internal exceptions (20 events):
Event: 0.243 Thread 0x0000020547db8c10 Exception <a 'java/lang/NoSuchMethodError'{0x00000000e7e62ff8}: 'void java.lang.invoke.DirectMethodHandle$Holder.invokeInterface(java.lang.Object, java.lang.Object, java.lang.Object)'> (0x00000000e7e62ff8) 
thrown [./open/src/hotspot/share/interpreter/linkResolver.cpp, line 782]
Event: 0.456 Thread 0x0000020547db8c10 Exception <a 'java/lang/NoSuchMethodError'{0x00000000e7a36d20}: 'void java.lang.invoke.DirectMethodHandle$Holder.invokeSpecial(java.lang.Object, java.lang.Object, java.lang.Object)'> (0x00000000e7a36d20) 
thrown [./open/src/hotspot/share/interpreter/linkResolver.cpp, line 782]
Event: 0.673 Thread 0x0000020547db8c10 Exception <a 'java/lang/NoSuchMethodError'{0x00000000e77b6580}: 'java.lang.Object java.lang.invoke.DirectMethodHandle$Holder.invokeVirtual(java.lang.Object, java.lang.Object, java.lang.Object, java.lang.Object, java.lang.Object, java.lang.Object, java.lang.Object)'> (0x00000000e77b6580) 
thrown [./open/src/hotspot/share/interpreter/linkResolver.cpp, line 782]
Event: 0.676 Thread 0x0000020547db8c10 Exception <a 'java/lang/NoSuchMethodError'{0x00000000e77c7ba0}: 'java.lang.Object java.lang.invoke.Invokers$Holder.invoker(java.lang.Object, java.lang.Object, java.lang.Object)'> (0x00000000e77c7ba0) 
thrown [./open/src/hotspot/share/interpreter/linkResolver.cpp, line 782]
Event: 0.681 Thread 0x0000020547db8c10 Exception <a 'java/lang/NoSuchMethodError'{0x00000000e77d22b0}: 'java.lang.Object java.lang.invoke.DirectMethodHandle$Holder.invokeStatic(java.lang.Object, java.lang.Object, int)'> (0x00000000e77d22b0) 
thrown [./open/src/hotspot/share/interpreter/linkResolver.cpp, line 782]
Event: 0.683 Thread 0x0000020547db8c10 Exception <a 'java/lang/NoSuchMethodError'{0x00000000e77de460}: 'void java.lang.invoke.DelegatingMethodHandle$Holder.delegate(java.lang.Object, java.lang.Object, int, java.lang.Object)'> (0x00000000e77de460) 
thrown [./open/src/hotspot/share/interpreter/linkResolver.cpp, line 782]
Event: 0.684 Thread 0x0000020547db8c10 Exception <a 'java/lang/NoSuchMethodError'{0x00000000e77e2738}: 'int java.lang.invoke.DirectMethodHandle$Holder.invokeSpecial(java.lang.Object, java.lang.Object, java.lang.Object)'> (0x00000000e77e2738) 
thrown [./open/src/hotspot/share/interpreter/linkResolver.cpp, line 782]
Event: 0.687 Thread 0x0000020547db8c10 Exception <a 'java/lang/NoSuchMethodError'{0x00000000e77f6360}: 'java.lang.Object java.lang.invoke.Invokers$Holder.invokeExact_MT(java.lang.Object, java.lang.Object, java.lang.Object, java.lang.Object)'> (0x00000000e77f6360) 
thrown [./open/src/hotspot/share/interpreter/linkResolver.cpp, line 782]
Event: 0.785 Thread 0x0000020547db8c10 Exception <a 'java/lang/NoSuchMethodError'{0x00000000e75c2720}: 'java.lang.Object java.lang.invoke.DirectMethodHandle$Holder.invokeStatic(java.lang.Object)'> (0x00000000e75c2720) 
thrown [./open/src/hotspot/share/interpreter/linkResolver.cpp, line 782]
Event: 0.785 Thread 0x0000020547db8c10 Exception <a 'java/lang/NoSuchMethodError'{0x00000000e75c5d90}: 'java.lang.Object java.lang.invoke.DirectMethodHandle$Holder.invokeStaticInit(java.lang.Object)'> (0x00000000e75c5d90) 
thrown [./open/src/hotspot/share/interpreter/linkResolver.cpp, line 782]
Event: 0.804 Thread 0x0000020547db8c10 Exception <a 'java/lang/NoSuchMethodError'{0x00000000e7408de0}: static Ljava/lang/Object;.<clinit>()V> (0x00000000e7408de0) 
thrown [./open/src/hotspot/share/prims/jni.cpp, line 1204]
Event: 0.817 Thread 0x0000020547db8c10 Exception <a 'java/lang/NoSuchMethodError'{0x00000000e7421308}: 'void java.lang.invoke.DirectMethodHandle$Holder.invokeStatic(java.lang.Object, java.lang.Object)'> (0x00000000e7421308) 
thrown [./open/src/hotspot/share/interpreter/linkResolver.cpp, line 782]
Event: 0.818 Thread 0x0000020547db8c10 Exception <a 'java/lang/NoSuchMethodError'{0x00000000e7424d10}: 'void java.lang.invoke.DirectMethodHandle$Holder.invokeStaticInit(java.lang.Object, java.lang.Object)'> (0x00000000e7424d10) 
thrown [./open/src/hotspot/share/interpreter/linkResolver.cpp, line 782]
Event: 0.833 Thread 0x0000020547db8c10 Exception <a 'java/lang/NoSuchMethodError'{0x00000000e7460480}: static Lorg/gradle/api/internal/tasks/testing/junitplatform/JUnitPlatformTestFramework$JUnitPlatformTestClassProcessorFactory;.<clinit>()V> (0x00000000e7460480) 
thrown [./open/src/hotspot/share/prims/jni.cpp, line 1204]
Event: 0.835 Thread 0x0000020547db8c10 Exception <a 'java/lang/NoSuchMethodError'{0x00000000e7468c08}: static Lorg/gradle/api/internal/tasks/testing/junit/AbstractJUnitSpec;.<clinit>()V> (0x00000000e7468c08) 
thrown [./open/src/hotspot/share/prims/jni.cpp, line 1204]
Event: 0.841 Thread 0x0000020547db8c10 Exception <a 'java/lang/NoSuchMethodError'{0x00000000e7471608}: static Lorg/gradle/api/internal/tasks/testing/junitplatform/JUnitPlatformSpec;.<clinit>()V> (0x00000000e7471608) 
thrown [./open/src/hotspot/share/prims/jni.cpp, line 1204]
Event: 1.062 Thread 0x0000020547db8c10 Exception <a 'java/lang/NoSuchMethodError'{0x00000000e7e57090}: 'java.lang.Object java.lang.invoke.DirectMethodHandle$Holder.invokeStaticInit(java.lang.Object, int, int, int, int)'> (0x00000000e7e57090) 
thrown [./open/src/hotspot/share/interpreter/linkResolver.cpp, line 782]
Event: 1.310 Thread 0x0000020547db8c10 Exception <a 'java/lang/NoSuchMethodError'{0x00000000e7eaaa20}: 'java.lang.Object java.lang.invoke.DirectMethodHandle$Holder.invokeStaticInit(java.lang.Object, java.lang.Object, int, int, int, int)'> (0x00000000e7eaaa20) 
thrown [./open/src/hotspot/share/interpreter/linkResolver.cpp, line 782]
Event: 1.463 Thread 0x0000020547db8c10 Exception <a 'java/lang/NoSuchMethodError'{0x00000000e7cf4650}: 'void java.lang.invoke.DirectMethodHandle$Holder.invokeStatic(java.lang.Object, java.lang.Object, java.lang.Object)'> (0x00000000e7cf4650) 
thrown [./open/src/hotspot/share/interpreter/linkResolver.cpp, line 782]
Event: 1.516 Thread 0x0000020547db8c10 Exception <a 'java/lang/NoSuchMethodError'{0x00000000e7b93e70}: 'java.lang.Object java.lang.invoke.DirectMethodHandle$Holder.invokeVirtual(java.lang.Object, java.lang.Object, java.lang.Object)'> (0x00000000e7b93e70) 
thrown [./open/src/hotspot/share/interpreter/linkResolver.cpp, line 782]

Events (20 events):
Event: 1.406 loading class sun/net/www/protocol/jar/JarFileFactory
Event: 1.406 loading class sun/net/www/protocol/jar/URLJarFile$URLJarFileCloseController
Event: 1.406 loading class sun/net/www/protocol/jar/URLJarFile$URLJarFileCloseController done
Event: 1.406 loading class sun/net/www/protocol/jar/JarFileFactory done
Event: 1.407 loading class sun/net/www/protocol/jar/URLJarFile
Event: 1.407 loading class sun/net/www/protocol/jar/URLJarFile done
Event: 1.407 Executing VM operation: HandshakeAllThreads
Event: 1.407 Executing VM operation: HandshakeAllThreads done
Event: 1.408 loading class sun/net/www/protocol/jar/URLJarFile$URLJarFileEntry
Event: 1.408 loading class sun/net/www/protocol/jar/URLJarFile$URLJarFileEntry done
Event: 1.408 loading class sun/net/www/protocol/jar/JarURLConnection$JarURLInputStream
Event: 1.408 loading class sun/net/www/protocol/jar/JarURLConnection$JarURLInputStream done
Event: 1.526 loading class java/net/URISyntaxException
Event: 1.527 loading class java/net/URISyntaxException done
Event: 1.539 loading class java/util/regex/Pattern$BnM
Event: 1.539 loading class java/util/regex/Pattern$BnM done
Event: 1.539 loading class java/util/regex/Pattern$SliceS
Event: 1.540 loading class java/util/regex/Pattern$SliceS done
Event: 1.542 loading class sun/invoke/util/VerifyAccess$1
Event: 1.547 loading class sun/invoke/util/VerifyAccess$1 done


Dynamic libraries:
0x00007ff706470000 - 0x00007ff70647d000 	C:\Program Files\Java\jdk-15\bin\java.exe
0x00007ff8f0810000 - 0x00007ff8f0a05000 	C:\WINDOWS\SYSTEM32\ntdll.dll
0x00007ff8efb40000 - 0x00007ff8efbfd000 	C:\WINDOWS\System32\KERNEL32.DLL
0x00007ff8ee360000 - 0x00007ff8ee628000 	C:\WINDOWS\System32\KERNELBASE.dll
0x00007ff8ee150000 - 0x00007ff8ee250000 	C:\WINDOWS\System32\ucrtbase.dll
0x00007ff8e7580000 - 0x00007ff8e7599000 	C:\Program Files\Java\jdk-15\bin\VCRUNTIME140.dll
0x00007ff8e7410000 - 0x00007ff8e7428000 	C:\Program Files\Java\jdk-15\bin\jli.dll
0x00007ff8f05d0000 - 0x00007ff8f0770000 	C:\WINDOWS\System32\USER32.dll
0x00007ff8ee820000 - 0x00007ff8ee842000 	C:\WINDOWS\System32\win32u.dll
0x00007ff8f02e0000 - 0x00007ff8f030a000 	C:\WINDOWS\System32\GDI32.dll
0x00007ff8edf50000 - 0x00007ff8ee05b000 	C:\WINDOWS\System32\gdi32full.dll
0x00007ff8ee060000 - 0x00007ff8ee0fd000 	C:\WINDOWS\System32\msvcp_win.dll
0x00007ff8d7830000 - 0x00007ff8d7aca000 	C:\WINDOWS\WinSxS\amd64_microsoft.windows.common-controls_6595b64144ccf1df_6.0.19041.1052_none_60b8f8fd71f5e8cb\COMCTL32.dll
0x00007ff8f0240000 - 0x00007ff8f02de000 	C:\WINDOWS\System32\msvcrt.dll
0x00007ff8ee9b0000 - 0x00007ff8ee9e0000 	C:\WINDOWS\System32\IMM32.DLL
0x00007ff8e9320000 - 0x00007ff8e932c000 	C:\Program Files\Java\jdk-15\bin\vcruntime140_1.dll
0x00007ff8c22a0000 - 0x00007ff8c2331000 	C:\Program Files\Java\jdk-15\bin\msvcp140.dll
0x00007ff8877b0000 - 0x00007ff88830c000 	C:\Program Files\Java\jdk-15\bin\server\jvm.dll
0x00007ff8efe20000 - 0x00007ff8efecc000 	C:\WINDOWS\System32\ADVAPI32.dll
0x00007ff8efcd0000 - 0x00007ff8efd6b000 	C:\WINDOWS\System32\sechost.dll
0x00007ff8f0310000 - 0x00007ff8f043b000 	C:\WINDOWS\System32\RPCRT4.dll
0x00007ff8f0210000 - 0x00007ff8f0218000 	C:\WINDOWS\System32\PSAPI.DLL
0x00007ff8d7b60000 - 0x00007ff8d7b87000 	C:\WINDOWS\SYSTEM32\WINMM.dll
0x00007ff8e6310000 - 0x00007ff8e631a000 	C:\WINDOWS\SYSTEM32\VERSION.dll
0x00007ff8d06d0000 - 0x00007ff8d06d9000 	C:\WINDOWS\SYSTEM32\WSOCK32.dll
0x00007ff8efc60000 - 0x00007ff8efccb000 	C:\WINDOWS\System32\WS2_32.dll
0x00007ff8ec820000 - 0x00007ff8ec832000 	C:\WINDOWS\SYSTEM32\kernel.appcore.dll
0x00007ff8e92b0000 - 0x00007ff8e92ba000 	C:\Program Files\Java\jdk-15\bin\jimage.dll
0x00007ff8ec4f0000 - 0x00007ff8ec6d4000 	C:\WINDOWS\SYSTEM32\DBGHELP.DLL
0x00007ff8d12f0000 - 0x00007ff8d131c000 	C:\WINDOWS\SYSTEM32\dbgcore.DLL
0x00007ff8ee790000 - 0x00007ff8ee813000 	C:\WINDOWS\System32\bcryptPrimitives.dll
0x00007ff8e7390000 - 0x00007ff8e73b5000 	C:\Program Files\Java\jdk-15\bin\java.dll
0x00007ff8ef400000 - 0x00007ff8efb3f000 	C:\WINDOWS\System32\SHELL32.dll
0x00007ff8ebc90000 - 0x00007ff8ec420000 	C:\WINDOWS\SYSTEM32\windows.storage.dll
0x00007ff8ee9e0000 - 0x00007ff8eed35000 	C:\WINDOWS\System32\combase.dll
0x00007ff8ed9c0000 - 0x00007ff8ed9ec000 	C:\WINDOWS\SYSTEM32\Wldp.dll
0x00007ff8efd70000 - 0x00007ff8efe1e000 	C:\WINDOWS\System32\SHCORE.dll
0x00007ff8f0770000 - 0x00007ff8f07c5000 	C:\WINDOWS\System32\shlwapi.dll
0x00007ff8ede90000 - 0x00007ff8edeaf000 	C:\WINDOWS\SYSTEM32\profapi.dll
0x00007ff8e7370000 - 0x00007ff8e7389000 	C:\Program Files\Java\jdk-15\bin\net.dll
0x00007ff8e5390000 - 0x00007ff8e549b000 	C:\WINDOWS\SYSTEM32\WINHTTP.dll
0x00007ff8ed730000 - 0x00007ff8ed79a000 	C:\WINDOWS\system32\mswsock.dll
0x00007ff8e27a0000 - 0x00007ff8e27b2000 	C:\Program Files\Java\jdk-15\bin\nio.dll
0x00007ff8e2780000 - 0x00007ff8e2798000 	C:\Program Files\Java\jdk-15\bin\zip.dll
0x00007ff8e2770000 - 0x00007ff8e2780000 	C:\Program Files\Java\jdk-15\bin\verify.dll
0x00007ff8ed3d0000 - 0x00007ff8ed40b000 	C:\WINDOWS\SYSTEM32\IPHLPAPI.DLL
0x00007ff8eedc0000 - 0x00007ff8eedc8000 	C:\WINDOWS\System32\NSI.dll
0x00007ff8e4d40000 - 0x00007ff8e4d57000 	C:\WINDOWS\SYSTEM32\dhcpcsvc6.DLL
0x00007ff8e4d00000 - 0x00007ff8e4d1d000 	C:\WINDOWS\SYSTEM32\dhcpcsvc.DLL
0x00007ff8ed420000 - 0x00007ff8ed4ec000 	C:\WINDOWS\SYSTEM32\DNSAPI.dll
0x00007ff8ed910000 - 0x00007ff8ed928000 	C:\WINDOWS\SYSTEM32\CRYPTSP.dll
0x00007ff8ed060000 - 0x00007ff8ed094000 	C:\WINDOWS\system32\rsaenh.dll
0x00007ff8ee850000 - 0x00007ff8ee877000 	C:\WINDOWS\System32\bcrypt.dll
0x00007ff8ede50000 - 0x00007ff8ede7e000 	C:\WINDOWS\SYSTEM32\USERENV.dll
0x00007ff8ed900000 - 0x00007ff8ed90c000 	C:\WINDOWS\SYSTEM32\CRYPTBASE.dll

dbghelp: loaded successfully - version: 4.0.5 - missing functions: none
symbol engine: initialized successfully - sym options: 0x614 - pdb path: .;C:\Program Files\Java\jdk-15\bin;C:\WINDOWS\SYSTEM32;C:\WINDOWS\WinSxS\amd64_microsoft.windows.common-controls_6595b64144ccf1df_6.0.19041.1052_none_60b8f8fd71f5e8cb;C:\Program Files\Java\jdk-15\bin\server

VM Arguments:
jvm_args: -Dorg.gradle.internal.worker.tmpdir=C:\Users\ne466\IdeaProjects\core\core\build\tmp\test\work -Dorg.gradle.native=false -Xmx512m -Dfile.encoding=x-windows-949 -Duser.country=KR -Duser.language=ko -Duser.variant -ea 
java_command: worker.org.gradle.process.internal.worker.GradleWorkerMain 'Gradle Test Executor 1'
java_class_path (initial): C:\\Users\\ne466\\IdeaProjects\\Sringboot-Security-Basic-V1\\caches\\7.5.1\\workerMain\\gradle-worker.jar;C:\\Users\\ne466\\IdeaProjects\\core\\core\\build\\classes\\java\\test;C:\\Users\\ne466\\IdeaProjects\\core\\core\\build\\classes\\java\\main;C:\\Users\\ne466\\IdeaProjects\\core\\core\\build\\resources\\main;C:\\Users\\ne466\\IdeaProjects\\Sringboot-Security-Basic-V1\\caches\\modules-2\\files-2.1\\org.springframework.boot\\spring-boot-starter-test\\2.7.5\\f52fd19eda97bb76bb304f4734c3d654ecca0666\\spring-boot-starter-test-2.7.5.jar;C:\\Users\\ne466\\IdeaProjects\\Sringboot-Security-Basic-V1\\caches\\modules-2\\files-2.1\\org.springframework.boot\\spring-boot-starter\\2.7.5\\c28e1546461803490588085345ba5d2897d232bc\\spring-boot-starter-2.7.5.jar;C:\\Users\\ne466\\IdeaProjects\\Sringboot-Security-Basic-V1\\caches\\modules-2\\files-2.1\\org.springframework.boot\\spring-boot-test-autoconfigure\\2.7.5\\b01668d3ed2d5d9e56072108f04030cd2caceb0e\\spring-boot-test-autoconfigure-2.7.5.jar;C:\\Users\\ne466\\IdeaProjects\\Sringboot-Security-Basic-V1\\caches\\modules-2\\files-2.1\\org.springframework.boot\\spring-boot-autoconfigure\\2.7.5\\96646e63a2296d0a3209383e81cdb8c87ab2f913\\spring-boot-autoconfigure-2.7.5.jar;C:\\Users\\ne466\\IdeaProjects\\Sringboot-Security-Basic-V1\\caches\\modules-2\\files-2.1\\org.springframework.boot\\spring-boot-test\\2.7.5\\2db591bb7568aa41795d595cabf99ef837b860c0\\spring-boot-test-2.7.5.jar;C:\\Users\\ne466\\IdeaProjects\\Sringboot-Security-Basic-V1\\caches\\modules-2\\files-2.1\\org.springframework.boot\\spring-boot\\2.7.5\\fd04e228e6e21b7ad13c10ae29afd31868d842e5\\spring-boot-2.7.5.jar;C:\\Users\\ne466\\IdeaProjects\\Sringboot-Security-Basic-V1\\caches\\modules-2\\files-2.1\\org.springframework.boot\\spring-boot-starter-logging\\2.7.5\\61f4c53e35baa31a269bbeb7bb9d5e781448feef\\spring-boot-starter-logging-2.7.5.jar;C:\\Users\\ne466\\IdeaProjects\\Sringboot-Security-Basic-V1\\caches\\modules-2\\files-2.1\\jakarta.
Launcher Type: SUN_STANDARD

[Global flags]
     intx CICompilerCount                          = 3                                         {product} {ergonomic}
     uint ConcGCThreads                            = 1                                         {product} {ergonomic}
     uint G1ConcRefinementThreads                  = 4                                         {product} {ergonomic}
   size_t G1HeapRegionSize                         = 1048576                                   {product} {ergonomic}
    uintx GCDrainStackTargetSize                   = 64                                        {product} {ergonomic}
   size_t InitialHeapSize                          = 134217728                                 {product} {ergonomic}
   size_t MarkStackSize                            = 4194304                                   {product} {ergonomic}
   size_t MaxHeapSize                              = 536870912                                 {product} {command line}
   size_t MaxNewSize                               = 321912832                                 {product} {ergonomic}
   size_t MinHeapDeltaBytes                        = 1048576                                   {product} {ergonomic}
   size_t MinHeapSize                              = 8388608                                   {product} {ergonomic}
    uintx NonNMethodCodeHeapSize                   = 5832780                                {pd product} {ergonomic}
    uintx NonProfiledCodeHeapSize                  = 122912730                              {pd product} {ergonomic}
    uintx ProfiledCodeHeapSize                     = 122912730                              {pd product} {ergonomic}
    uintx ReservedCodeCacheSize                    = 251658240                              {pd product} {ergonomic}
     bool SegmentedCodeCache                       = true                                      {product} {ergonomic}
   size_t SoftMaxHeapSize                          = 536870912                              {manageable} {ergonomic}
     bool UseCompressedClassPointers               = true                                 {lp64_product} {ergonomic}
     bool UseCompressedOops                        = true                                 {lp64_product} {ergonomic}
     bool UseG1GC                                  = true                                      {product} {ergonomic}
     bool UseLargePagesIndividualAllocation        = false                                  {pd product} {ergonomic}

Logging:
Log output configuration:
 #0: stdout all=warning uptime,level,tags
 #1: stderr all=off uptime,level,tags

Environment Variables:
JAVA_HOME=C:\Program Files\Java\jdk-15
PATH=C:\Program Files\Java\jdk-15\bin\;C:\Program Files (x86)\VMware\VMware Player\bin\;C:\Program Files\Common Files\Oracle\Java\javapath;C:\Program Files (x86)\NAT Service;C:\Program Files (x86)\Common Files\Intel\Shared Libraries\redist\intel64\compiler;C:\Program Files (x86)\Intel\iCLS Client\;C:\Program Files\Intel\iCLS Client\;C:\windows\system32;C:\windows;C:\windows\System32\Wbem;C:\windows\System32\WindowsPowerShell\v1.0\;C:\Program Files (x86)\Intel\Intel(R) Management Engine Components\DAL;C:\Program Files\Intel\Intel(R) Management Engine Components\DAL;C:\Program Files (x86)\Intel\Intel(R) Management Engine Components\IPT;C:\Program Files\Intel\Intel(R) Management Engine Components\IPT;C:\Program Files (x86)\NVIDIA Corporation\PhysX\Common;C:\WINDOWS\system32;C:\WINDOWS;C:\WINDOWS\System32\Wbem;C:\WINDOWS\System32\WindowsPowerShell\v1.0\;C:\WINDOWS\System32\OpenSSH\;C:\Program Files\Intel\WiFi\bin\;C:\Program Files\Common Files\Intel\WirelessCommon\;C:\Program Files\Git\cmd;C:\Program Files\NVIDIA Corporation\NVIDIA NvDLISR;C:\Program Files\MySQL\MySQL Server 8.0\bin;C:\Program Files\MySQL\MySQL Shell 8.0\bin\;C:\Users\ne466\AppData\Local\Microsoft\WindowsApps;C:\Program Files (x86)\SoftForum\XecureHSM\;C:\Program Files\JetBrains\IntelliJ IDEA 2022.1\bin;;C:\Users\ne466\AppData\Local\Programs\Microsoft VS Code\bin;C:\Program Files\Java\jdk-15\bin;
USERNAME=ne466
OS=Windows_NT
PROCESSOR_IDENTIFIER=Intel64 Family 6 Model 142 Stepping 9, GenuineIntel



---------------  S Y S T E M  ---------------

OS:
 Windows 10 , 64 bit Build 19041 (10.0.19041.1023)
OS uptime: 0 days 13:11 hours

CPU: total 4 (initial active 4) (2 cores per cpu, 2 threads per core) family 6 model 142 stepping 9, cmov, cx8, fxsr, mmx, sse, sse2, sse3, ssse3, sse4.1, sse4.2, popcnt, vzeroupper, avx, avx2, aes, clmul, erms, 3dnowpref, lzcnt, ht, tsc, tscinvbit, bmi1, bmi2, adx, fma, clflush, clflushopt

Memory: 4k page, system-wide physical 8102M (211M free)
TotalPageFile size 11326M (AvailPageFile size 3M)
current process WorkingSet (physical memory assigned to process): 75M, peak: 75M
current process commit charge ("private bytes"): 225M, peak: 226M

vm_info: OpenJDK 64-Bit Server VM (15+36-1562) for windows-amd64 JRE (15+36-1562), built on Aug 11 2020 22:33:04 by "mach5one" with unknown MS VC++:1925

END.
