#
# There is insufficient memory for the Java Runtime Environment to continue.
# Native memory allocation (mmap) failed to map 134217728 bytes for G1 virtual space
# Possible reasons:
#   The system is out of physical RAM or swap space
#   The process is running with CompressedOops enabled, and the Java Heap may be blocking the growth of the native heap
# Possible solutions:
#   Reduce memory load on the system
#   Increase physical memory or swap space
#   Check if swap backing store is full
#   Decrease Java heap size (-Xmx/-Xms)
#   Decrease number of Java threads
#   Decrease Java thread stack sizes (-Xss)
#   Set larger code cache with -XX:ReservedCodeCacheSize=
#   JVM is running with Unscaled Compressed Oops mode in which the Java heap is
#     placed in the first 4GB address space. The Java Heap base address is the
#     maximum limit for the native heap growth. Please use -XX:HeapBaseMinAddress
#     to set the Java Heap base and to place the Java Heap above 4GB virtual address.
# This output file may be truncated or incomplete.
#
#  Out of Memory Error (./open/src/hotspot/os/windows/os_windows.cpp:3472), pid=2552, tid=15856
#
# JRE version:  (15.0+36) (build )
# Java VM: OpenJDK 64-Bit Server VM (15+36-1562, mixed mode, sharing, tiered, compressed oops, g1 gc, windows-amd64)
# No core dump will be written. Minidumps are not enabled by default on client versions of Windows
#

---------------  S U M M A R Y ------------

Command Line: -Dfile.encoding=x-windows-949 -Duser.country=KR -Duser.language=ko -Duser.variant hello.core.MemberApp

Host: Intel(R) Core(TM) i5-7200U CPU @ 2.50GHz, 4 cores, 7G,  Windows 10 , 64 bit Build 19041 (10.0.19041.1023)
Time: Wed Nov 23 07:51:13 2022 대한민국 표준시 elapsed time: 0.030864 seconds (0d 0h 0m 0s)

---------------  T H R E A D  ---------------

Current thread (0x000001ccbecd54c0):  JavaThread "Unknown thread" [_thread_in_vm, id=15856, stack(0x000000a102700000,0x000000a102800000)]

Stack: [0x000000a102700000,0x000000a102800000]
Native frames: (J=compiled Java code, j=interpreted, Vv=VM code, C=native code)
V  [jvm.dll+0x629eaa]
V  [jvm.dll+0x780379]
V  [jvm.dll+0x781ad3]
V  [jvm.dll+0x782133]
V  [jvm.dll+0x2159d5]
V  [jvm.dll+0x627299]
V  [jvm.dll+0x61bdd5]
V  [jvm.dll+0x2cf96d]
V  [jvm.dll+0x2cf7d2]
V  [jvm.dll+0x2d57ac]
V  [jvm.dll+0x32523a]
V  [jvm.dll+0x324904]
V  [jvm.dll+0x2a68ea]
V  [jvm.dll+0x2a7a88]
V  [jvm.dll+0x75d0f1]
V  [jvm.dll+0x333af4]
V  [jvm.dll+0x73d816]
V  [jvm.dll+0x3b68e7]
V  [jvm.dll+0x3b8371]
C  [jli.dll+0x52fb]
C  [ucrtbase.dll+0x21bb2]
C  [KERNEL32.DLL+0x17034]
C  [ntdll.dll+0x52651]


---------------  P R O C E S S  ---------------

Threads class SMR info:
_java_thread_list=0x00007ff888272fa0, length=0, elements={
}

Java Threads: ( => current thread )

Other Threads:
  0x000001ccbed15720 GCTaskThread "GC Thread#0" [stack: 0x000000a102800000,0x000000a102900000] [id=12852]
  0x000001ccbed27740 ConcurrentGCThread "G1 Main Marker" [stack: 0x000000a102900000,0x000000a102a00000] [id=19260]
  0x000001ccbed28b50 ConcurrentGCThread "G1 Conc#0" [stack: 0x000000a102a00000,0x000000a102b00000] [id=15944]

[error occurred during error reporting (printing all threads), id 0xc0000005, EXCEPTION_ACCESS_VIOLATION (0xc0000005) at pc=0x00007ff887a677b7]

VM state: not at safepoint (not fully initialized)

VM Mutex/Monitor currently owned by a thread:  ([mutex/lock_event])
[0x000001ccbecd1360] Heap_lock - owner thread: 0x000001ccbecd54c0

Heap address: 0x0000000081600000, size: 2026 MB, Compressed Oops mode: 32-bit
CDS archive(s) mapped at: [0x0000000000000000-0x0000000000000000-0x0000000000000000), size 0, SharedBaseAddress: 0x0000000800000000, ArchiveRelocationMode: 0.
Narrow klass base: 0x0000000000000000, Narrow klass shift: 0, Narrow klass range: 0x0

Heap:
 garbage-first heap   total 131072K, used 0K [0x0000000081600000, 0x0000000100000000)
  region size 1024K, 0 young (0K), 0 survivors (0K)
 Metaspace       used 0K, capacity 0K, committed 0K, reserved 0K
  class space    used 0K, capacity 0K, committed 0K, reserved 0K

Heap Regions: E=young(eden), S=young(survivor), O=old, HS=humongous(starts), HC=humongous(continues), CS=collection set, F=free, OA=open archive, CA=closed archive, TAMS=top-at-mark-start (previous, next)

Card table byte_map: [0x000001ccd6300000,0x000001ccd6700000] _byte_map_base: 0x000001ccd5ef5000

Marking Bits (Prev, Next): (CMBitMap*) 0x000001ccbed16fa0, (CMBitMap*) 0x000001ccbed16fe0
 Prev Bits: [0x000001ccd6b00000, 0x000001ccd8aa8000)
 Next Bits: [0x000001ccd8ab0000, 0x000001ccdaa58000)

GC Heap History (0 events):
No events

Deoptimization events (0 events):
No events

Classes unloaded (0 events):
No events

Classes redefined (0 events):
No events

Internal exceptions (0 events):
No events

Events (1 events):
Event: 0.020 Loaded shared library C:\Program Files\Java\jdk-15\bin\java.dll


Dynamic libraries:
0x00007ff706470000 - 0x00007ff70647d000 	C:\Program Files\Java\jdk-15\bin\java.exe
0x00007ff8f0810000 - 0x00007ff8f0a05000 	C:\WINDOWS\SYSTEM32\ntdll.dll
0x00007ff8efb40000 - 0x00007ff8efbfd000 	C:\WINDOWS\System32\KERNEL32.DLL
0x00007ff8ee360000 - 0x00007ff8ee628000 	C:\WINDOWS\System32\KERNELBASE.dll
0x00007ff8ee150000 - 0x00007ff8ee250000 	C:\WINDOWS\System32\ucrtbase.dll
0x00007ff8e7410000 - 0x00007ff8e7428000 	C:\Program Files\Java\jdk-15\bin\jli.dll
0x00007ff8e7580000 - 0x00007ff8e7599000 	C:\Program Files\Java\jdk-15\bin\VCRUNTIME140.dll
0x00007ff8f05d0000 - 0x00007ff8f0770000 	C:\WINDOWS\System32\USER32.dll
0x00007ff8ee820000 - 0x00007ff8ee842000 	C:\WINDOWS\System32\win32u.dll
0x00007ff8f02e0000 - 0x00007ff8f030a000 	C:\WINDOWS\System32\GDI32.dll
0x00007ff8edf50000 - 0x00007ff8ee05b000 	C:\WINDOWS\System32\gdi32full.dll
0x00007ff8d7830000 - 0x00007ff8d7aca000 	C:\WINDOWS\WinSxS\amd64_microsoft.windows.common-controls_6595b64144ccf1df_6.0.19041.1052_none_60b8f8fd71f5e8cb\COMCTL32.dll
0x00007ff8f0240000 - 0x00007ff8f02de000 	C:\WINDOWS\System32\msvcrt.dll
0x00007ff8ee060000 - 0x00007ff8ee0fd000 	C:\WINDOWS\System32\msvcp_win.dll
0x00007ff8ee9b0000 - 0x00007ff8ee9e0000 	C:\WINDOWS\System32\IMM32.DLL
0x00007ff8e9320000 - 0x00007ff8e932c000 	C:\Program Files\Java\jdk-15\bin\vcruntime140_1.dll
0x00007ff8c22a0000 - 0x00007ff8c2331000 	C:\Program Files\Java\jdk-15\bin\msvcp140.dll
0x00007ff8877b0000 - 0x00007ff88830c000 	C:\Program Files\Java\jdk-15\bin\server\jvm.dll
0x00007ff8efe20000 - 0x00007ff8efecc000 	C:\WINDOWS\System32\ADVAPI32.dll
0x00007ff8efcd0000 - 0x00007ff8efd6b000 	C:\WINDOWS\System32\sechost.dll
0x00007ff8f0310000 - 0x00007ff8f043b000 	C:\WINDOWS\System32\RPCRT4.dll
0x00007ff8f0210000 - 0x00007ff8f0218000 	C:\WINDOWS\System32\PSAPI.DLL
0x00007ff8d06d0000 - 0x00007ff8d06d9000 	C:\WINDOWS\SYSTEM32\WSOCK32.dll
0x00007ff8d7b60000 - 0x00007ff8d7b87000 	C:\WINDOWS\SYSTEM32\WINMM.dll
0x00007ff8efc60000 - 0x00007ff8efccb000 	C:\WINDOWS\System32\WS2_32.dll
0x00007ff8e6310000 - 0x00007ff8e631a000 	C:\WINDOWS\SYSTEM32\VERSION.dll
0x00007ff8ec820000 - 0x00007ff8ec832000 	C:\WINDOWS\SYSTEM32\kernel.appcore.dll
0x00007ff8e92b0000 - 0x00007ff8e92ba000 	C:\Program Files\Java\jdk-15\bin\jimage.dll
0x00007ff8ec4f0000 - 0x00007ff8ec6d4000 	C:\WINDOWS\SYSTEM32\DBGHELP.DLL
0x00007ff8d12f0000 - 0x00007ff8d131c000 	C:\WINDOWS\SYSTEM32\dbgcore.DLL
0x00007ff8ee790000 - 0x00007ff8ee813000 	C:\WINDOWS\System32\bcryptPrimitives.dll
0x00007ff8e7390000 - 0x00007ff8e73b5000 	C:\Program Files\Java\jdk-15\bin\java.dll

dbghelp: loaded successfully - version: 4.0.5 - missing functions: none
symbol engine: initialized successfully - sym options: 0x614 - pdb path: .;C:\Program Files\Java\jdk-15\bin;C:\WINDOWS\SYSTEM32;C:\WINDOWS\WinSxS\amd64_microsoft.windows.common-controls_6595b64144ccf1df_6.0.19041.1052_none_60b8f8fd71f5e8cb;C:\Program Files\Java\jdk-15\bin\server

VM Arguments:
jvm_args: -Dfile.encoding=x-windows-949 -Duser.country=KR -Duser.language=ko -Duser.variant 
java_command: hello.core.MemberApp
java_class_path (initial): C:\Users\ne466\IdeaProjects\core\core\build\classes\java\main;C:\Users\ne466\IdeaProjects\core\core\build\resources\main;C:\Users\ne466\IdeaProjects\Sringboot-Security-Basic-V1\caches\modules-2\files-2.1\org.springframework.boot\spring-boot-starter\2.7.5\c28e1546461803490588085345ba5d2897d232bc\spring-boot-starter-2.7.5.jar;C:\Users\ne466\IdeaProjects\Sringboot-Security-Basic-V1\caches\modules-2\files-2.1\org.springframework.boot\spring-boot-autoconfigure\2.7.5\96646e63a2296d0a3209383e81cdb8c87ab2f913\spring-boot-autoconfigure-2.7.5.jar;C:\Users\ne466\IdeaProjects\Sringboot-Security-Basic-V1\caches\modules-2\files-2.1\org.springframework.boot\spring-boot\2.7.5\fd04e228e6e21b7ad13c10ae29afd31868d842e5\spring-boot-2.7.5.jar;C:\Users\ne466\IdeaProjects\Sringboot-Security-Basic-V1\caches\modules-2\files-2.1\org.springframework.boot\spring-boot-starter-logging\2.7.5\61f4c53e35baa31a269bbeb7bb9d5e781448feef\spring-boot-starter-logging-2.7.5.jar;C:\Users\ne466\IdeaProjects\Sringboot-Security-Basic-V1\caches\modules-2\files-2.1\jakarta.annotation\jakarta.annotation-api\1.3.5\59eb84ee0d616332ff44aba065f3888cf002cd2d\jakarta.annotation-api-1.3.5.jar;C:\Users\ne466\IdeaProjects\Sringboot-Security-Basic-V1\caches\modules-2\files-2.1\org.springframework\spring-context\5.3.23\530b36b2ce2c9e471c6a260c3f181bcd20325a58\spring-context-5.3.23.jar;C:\Users\ne466\IdeaProjects\Sringboot-Security-Basic-V1\caches\modules-2\files-2.1\org.springframework\spring-aop\5.3.23\30d0034ba29178e98781d85f51a7eb709a628e9b\spring-aop-5.3.23.jar;C:\Users\ne466\IdeaProjects\Sringboot-Security-Basic-V1\caches\modules-2\files-2.1\org.springframework\spring-beans\5.3.23\3bdefbf6042ed742cbe16f27d2d14cca9096a606\spring-beans-5.3.23.jar;C:\Users\ne466\IdeaProjects\Sringboot-Security-Basic-V1\caches\modules-2\files-2.1\org.springframework\spring-expression\5.3.23\3a676bf4b9bc42bd37ab5ad264acb6ceb63397a2\spring-expression-5.3.23.jar;C:\Users\ne466\IdeaProjects\Sringboot-Security-Basi
Launcher Type: SUN_STANDARD

[Global flags]
     intx CICompilerCount                          = 3                                         {product} {ergonomic}
     uint ConcGCThreads                            = 1                                         {product} {ergonomic}
     uint G1ConcRefinementThreads                  = 4                                         {product} {ergonomic}
   size_t G1HeapRegionSize                         = 1048576                                   {product} {ergonomic}
    uintx GCDrainStackTargetSize                   = 64                                        {product} {ergonomic}
   size_t InitialHeapSize                          = 134217728                                 {product} {ergonomic}
   size_t MarkStackSize                            = 4194304                                   {product} {ergonomic}
   size_t MaxHeapSize                              = 2124414976                                {product} {ergonomic}
   size_t MinHeapDeltaBytes                        = 1048576                                   {product} {ergonomic}
   size_t MinHeapSize                              = 8388608                                   {product} {ergonomic}
    uintx NonNMethodCodeHeapSize                   = 5832780                                {pd product} {ergonomic}
    uintx NonProfiledCodeHeapSize                  = 122912730                              {pd product} {ergonomic}
    uintx ProfiledCodeHeapSize                     = 122912730                              {pd product} {ergonomic}
    uintx ReservedCodeCacheSize                    = 251658240                              {pd product} {ergonomic}
     bool SegmentedCodeCache                       = true                                      {product} {ergonomic}
   size_t SoftMaxHeapSize                          = 2124414976                             {manageable} {ergonomic}
     bool UseCompressedClassPointers               = true                                 {lp64_product} {ergonomic}
     bool UseCompressedOops                        = true                                 {lp64_product} {ergonomic}
     bool UseG1GC                                  = true                                      {product} {ergonomic}
     bool UseLargePagesIndividualAllocation        = false                                  {pd product} {ergonomic}

Logging:
Log output configuration:
 #0: stdout all=warning uptime,level,tags
 #1: stderr all=off uptime,level,tags

Environment Variables:
JAVA_HOME=C:\Program Files\Java\jdk-15
PATH=C:\Program Files\Java\jdk-15\bin\;C:\Program Files (x86)\VMware\VMware Player\bin\;C:\Program Files\Common Files\Oracle\Java\javapath;C:\Program Files (x86)\NAT Service;C:\Program Files (x86)\Common Files\Intel\Shared Libraries\redist\intel64\compiler;C:\Program Files (x86)\Intel\iCLS Client\;C:\Program Files\Intel\iCLS Client\;C:\windows\system32;C:\windows;C:\windows\System32\Wbem;C:\windows\System32\WindowsPowerShell\v1.0\;C:\Program Files (x86)\Intel\Intel(R) Management Engine Components\DAL;C:\Program Files\Intel\Intel(R) Management Engine Components\DAL;C:\Program Files (x86)\Intel\Intel(R) Management Engine Components\IPT;C:\Program Files\Intel\Intel(R) Management Engine Components\IPT;C:\Program Files (x86)\NVIDIA Corporation\PhysX\Common;C:\WINDOWS\system32;C:\WINDOWS;C:\WINDOWS\System32\Wbem;C:\WINDOWS\System32\WindowsPowerShell\v1.0\;C:\WINDOWS\System32\OpenSSH\;C:\Program Files\Intel\WiFi\bin\;C:\Program Files\Common Files\Intel\WirelessCommon\;C:\Program Files\Git\cmd;C:\Program Files\NVIDIA Corporation\NVIDIA NvDLISR;C:\Program Files\MySQL\MySQL Server 8.0\bin;C:\Program Files\MySQL\MySQL Shell 8.0\bin\;C:\Users\ne466\AppData\Local\Microsoft\WindowsApps;C:\Program Files (x86)\SoftForum\XecureHSM\;C:\Program Files\JetBrains\IntelliJ IDEA 2022.1\bin;;C:\Users\ne466\AppData\Local\Programs\Microsoft VS Code\bin;C:\Program Files\Java\jdk-15\bin;
USERNAME=ne466
OS=Windows_NT
PROCESSOR_IDENTIFIER=Intel64 Family 6 Model 142 Stepping 9, GenuineIntel



---------------  S Y S T E M  ---------------

OS:
 Windows 10 , 64 bit Build 19041 (10.0.19041.1023)
OS uptime: 0 days 13:32 hours

CPU: total 4 (initial active 4) (2 cores per cpu, 2 threads per core) family 6 model 142 stepping 9, cmov, cx8, fxsr, mmx, sse, sse2, sse3, ssse3, sse4.1, sse4.2, popcnt, vzeroupper, avx, avx2, aes, clmul, erms, 3dnowpref, lzcnt, ht, tsc, tscinvbit, bmi1, bmi2, adx, fma, clflush, clflushopt

Memory: 4k page, system-wide physical 8102M (714M free)
TotalPageFile size 11326M (AvailPageFile size 50M)
current process WorkingSet (physical memory assigned to process): 10M, peak: 10M
current process commit charge ("private bytes"): 51M, peak: 179M

vm_info: OpenJDK 64-Bit Server VM (15+36-1562) for windows-amd64 JRE (15+36-1562), built on Aug 11 2020 22:33:04 by "mach5one" with unknown MS VC++:1925

END.
