#
# There is insufficient memory for the Java Runtime Environment to continue.
# Native memory allocation (malloc) failed to allocate 935440 bytes for Chunk::new
# Possible reasons:
#   The system is out of physical RAM or swap space
#   The process is running with CompressedOops enabled, and the Java Heap may be blocking the growth of the native heap
# Possible solutions:
#   Reduce memory load on the system
#   Increase physical memory or swap space
#   Check if swap backing store is full
#   Decrease Java heap size (-Xmx/-Xms)
#   Decrease number of Java threads
#   Decrease Java thread stack sizes (-Xss)
#   Set larger code cache with -XX:ReservedCodeCacheSize=
#   JVM is running with Unscaled Compressed Oops mode in which the Java heap is
#     placed in the first 4GB address space. The Java Heap base address is the
#     maximum limit for the native heap growth. Please use -XX:HeapBaseMinAddress
#     to set the Java Heap base and to place the Java Heap above 4GB virtual address.
# This output file may be truncated or incomplete.
#
#  Out of Memory Error (./open/src/hotspot/share/memory/arena.cpp:195), pid=244, tid=3088
#
# JRE version: OpenJDK Runtime Environment (15.0+36) (build 15+36-1562)
# Java VM: OpenJDK 64-Bit Server VM (15+36-1562, mixed mode, sharing, tiered, compressed oops, g1 gc, windows-amd64)
# No core dump will be written. Minidumps are not enabled by default on client versions of Windows
#

---------------  S U M M A R Y ------------

Command Line: --add-opens=java.base/java.util=ALL-UNNAMED --add-opens=java.base/java.lang=ALL-UNNAMED --add-opens=java.base/java.lang.invoke=ALL-UNNAMED --add-opens=java.base/java.util=ALL-UNNAMED --add-opens=java.prefs/java.util.prefs=ALL-UNNAMED --add-opens=java.prefs/java.util.prefs=ALL-UNNAMED --add-opens=java.base/java.nio.charset=ALL-UNNAMED --add-opens=java.base/java.net=ALL-UNNAMED --add-opens=java.base/java.util.concurrent.atomic=ALL-UNNAMED -XX:MaxMetaspaceSize=256m -XX:+HeapDumpOnOutOfMemoryError -Xms256m -Xmx512m -Dfile.encoding=x-windows-949 -Duser.country=KR -Duser.language=ko -Duser.variant org.gradle.launcher.daemon.bootstrap.GradleDaemon 7.5.1

Host: Intel(R) Core(TM) i5-7200U CPU @ 2.50GHz, 4 cores, 7G,  Windows 10 , 64 bit Build 19041 (10.0.19041.1023)
Time: Wed Nov 23 07:30:32 2022 대한민국 표준시 elapsed time: 22.795101 seconds (0d 0h 0m 22s)

---------------  T H R E A D  ---------------

Current thread (0x00000146bb28fad0):  JavaThread "C2 CompilerThread0" daemon [_thread_in_native, id=3088, stack(0x0000002614000000,0x0000002614100000)]


Current CompileTask:
C2:  22795 10510       4       org.gradle.internal.logging.text.AbstractLineChoppingStyledTextOutput::doAppend (43 bytes)

Stack: [0x0000002614000000,0x0000002614100000]
Native frames: (J=compiled Java code, j=interpreted, Vv=VM code, C=native code)
V  [jvm.dll+0x629eaa]
V  [jvm.dll+0x780379]
V  [jvm.dll+0x781ad3]
V  [jvm.dll+0x782133]
V  [jvm.dll+0x2159d5]
V  [jvm.dll+0x9794a]
V  [jvm.dll+0x9802c]
V  [jvm.dll+0x32dc35]
V  [jvm.dll+0x2f6ffa]
V  [jvm.dll+0x2f63ba]
V  [jvm.dll+0x1e9dd5]
V  [jvm.dll+0x1e903e]
V  [jvm.dll+0x177f17]
V  [jvm.dll+0x1f88f5]
V  [jvm.dll+0x1f699c]
V  [jvm.dll+0x74384d]
V  [jvm.dll+0x73c64a]
V  [jvm.dll+0x628d16]
C  [ucrtbase.dll+0x21bb2]
C  [KERNEL32.DLL+0x17034]
C  [ntdll.dll+0x52651]


---------------  P R O C E S S  ---------------

Threads class SMR info:
_java_thread_list=0x00000146bf3f2260, length=101, elements={
0x000001469e73afc0, 0x00000146bb2663c0, 0x00000146bb267540, 0x00000146bb287300,
0x00000146bb289bd0, 0x00000146bb28b240, 0x00000146bb28fad0, 0x00000146bb291b80,
0x00000146bb29bb90, 0x00000146bbbbdbe0, 0x00000146bbbe3100, 0x00000146bcf63190,
0x00000146bd43c850, 0x00000146bd6ad030, 0x00000146bd4963a0, 0x00000146bd12b540,
0x00000146bd814d80, 0x00000146bd1f7b00, 0x00000146bceaaff0, 0x00000146bceab4c0,
0x00000146bceab990, 0x00000146bcea9310, 0x00000146bceaa180, 0x00000146bdd7e080,
0x00000146bdd7f3c0, 0x00000146bdd810a0, 0x00000146bdd7eef0, 0x00000146bdd828b0,
0x00000146bdd83bf0, 0x00000146bdd7cd40, 0x00000146bdd7d210, 0x00000146bf99fc80,
0x00000146bf9a1e30, 0x00000146bf9a3fe0, 0x00000146bf9a3b10, 0x00000146bf99e940,
0x00000146bf99dfa0, 0x00000146bf9a0fc0, 0x00000146bf9a0620, 0x00000146bf9a1490,
0x00000146bfe8ed40, 0x00000146bfe92bd0, 0x00000146bfe90a20, 0x00000146bfe91d60,
0x00000146bfe8ded0, 0x00000146bfe90ef0, 0x00000146bfe92230, 0x00000146bfe93f10,
0x00000146bfe93a40, 0x00000146bfe943e0, 0x00000146bfe930a0, 0x00000146bfe8e3a0,
0x00000146bfe90550, 0x00000146bfe913c0, 0x00000146bfe93570, 0x00000146bfe948b0,
0x00000146bfe90080, 0x00000146bfe8f210, 0x00000146bd951630, 0x00000146bd94c930,
0x00000146bd94c460, 0x00000146bd94eae0, 0x00000146bd952970, 0x00000146bd94b120,
0x00000146bd94d7a0, 0x00000146bd94fe20, 0x00000146bd94b5f0, 0x00000146bd94dc70,
0x00000146bd94f480, 0x00000146bd94d2d0, 0x00000146bd94bac0, 0x00000146bd94ce00,
0x00000146bd9502f0, 0x00000146bd9507c0, 0x00000146bd94e610, 0x00000146bd94e140,
0x00000146bd950c90, 0x00000146bd951b00, 0x00000146bf3cdcd0, 0x00000146bf3cc990,
0x00000146bf3cd330, 0x00000146bf3cacb0, 0x00000146bf3cc4c0, 0x00000146bf3c94a0,
0x00000146bf3cb650, 0x00000146bf3d0820, 0x00000146bf3c9970, 0x00000146bf3cd800,
0x00000146bf3ce1a0, 0x00000146bf3cce60, 0x00000146bf3cf4e0, 0x00000146bf3cfe80,
0x00000146bfe92700, 0x00000146bdd1e230, 0x00000146bdd208b0, 0x00000146bdd19ed0,
0x00000146bdd1d3c0, 0x00000146bdd1fa40, 0x00000146bdd1ca20, 0x00000146bdd1e700,
0x00000146bdd1ff10
}

Java Threads: ( => current thread )
  0x000001469e73afc0 JavaThread "main" [_thread_blocked, id=19632, stack(0x0000002613400000,0x0000002613500000)]
  0x00000146bb2663c0 JavaThread "Reference Handler" daemon [_thread_blocked, id=19760, stack(0x0000002613b00000,0x0000002613c00000)]
  0x00000146bb267540 JavaThread "Finalizer" daemon [_thread_blocked, id=19168, stack(0x0000002613c00000,0x0000002613d00000)]
  0x00000146bb287300 JavaThread "Signal Dispatcher" daemon [_thread_blocked, id=12884, stack(0x0000002613d00000,0x0000002613e00000)]
  0x00000146bb289bd0 JavaThread "Attach Listener" daemon [_thread_blocked, id=11172, stack(0x0000002613e00000,0x0000002613f00000)]
  0x00000146bb28b240 JavaThread "Service Thread" daemon [_thread_blocked, id=20196, stack(0x0000002613f00000,0x0000002614000000)]
=>0x00000146bb28fad0 JavaThread "C2 CompilerThread0" daemon [_thread_in_native, id=3088, stack(0x0000002614000000,0x0000002614100000)]
  0x00000146bb291b80 JavaThread "C1 CompilerThread0" daemon [_thread_blocked, id=16256, stack(0x0000002614100000,0x0000002614200000)]
  0x00000146bb29bb90 JavaThread "Sweeper thread" daemon [_thread_blocked, id=19680, stack(0x0000002614200000,0x0000002614300000)]
  0x00000146bbbbdbe0 JavaThread "Common-Cleaner" daemon [_thread_blocked, id=18888, stack(0x0000002614300000,0x0000002614400000)]
  0x00000146bbbe3100 JavaThread "Notification Thread" daemon [_thread_blocked, id=20064, stack(0x0000002614400000,0x0000002614500000)]
  0x00000146bcf63190 JavaThread "Daemon health stats" [_thread_blocked, id=19272, stack(0x0000002614a00000,0x0000002614b00000)]
  0x00000146bd43c850 JavaThread "Incoming local TCP Connector on port 56099" [_thread_in_native, id=15896, stack(0x0000002614600000,0x0000002614700000)]
  0x00000146bd6ad030 JavaThread "Daemon periodic checks" [_thread_blocked, id=17044, stack(0x0000002614b00000,0x0000002614c00000)]
  0x00000146bd4963a0 JavaThread "Daemon" [_thread_blocked, id=6928, stack(0x0000002614c00000,0x0000002614d00000)]
  0x00000146bd12b540 JavaThread "Handler for socket connection from /127.0.0.1:56099 to /127.0.0.1:56100" [_thread_in_native, id=9772, stack(0x0000002614d00000,0x0000002614e00000)]
  0x00000146bd814d80 JavaThread "Cancel handler" [_thread_blocked, id=4688, stack(0x0000002614e00000,0x0000002614f00000)]
  0x00000146bd1f7b00 JavaThread "Daemon worker" [_thread_blocked, id=7404, stack(0x0000002614f00000,0x0000002615000000)]
  0x00000146bceaaff0 JavaThread "Asynchronous log dispatcher for DefaultDaemonConnection: socket connection from /127.0.0.1:56099 to /127.0.0.1:56100" [_thread_blocked, id=17048, stack(0x0000002615000000,0x0000002615100000)]
  0x00000146bceab4c0 JavaThread "Stdin handler" [_thread_blocked, id=3392, stack(0x0000002615100000,0x0000002615200000)]
  0x00000146bceab990 JavaThread "Daemon client event forwarder" [_thread_blocked, id=20032, stack(0x0000002615200000,0x0000002615300000)]
  0x00000146bcea9310 JavaThread "Cache worker for journal cache (C:\Users\ne466\IdeaProjects\Sringboot-Security-Basic-V1\caches\journal-1)" [_thread_blocked, id=12340, stack(0x0000002615300000,0x0000002615400000)]
  0x00000146bceaa180 JavaThread "File lock request listener" [_thread_in_native, id=19424, stack(0x0000002615400000,0x0000002615500000)]
  0x00000146bdd7e080 JavaThread "Cache worker for file hash cache (C:\Users\ne466\IdeaProjects\Sringboot-Security-Basic-V1\caches\7.5.1\fileHashes)" [_thread_blocked, id=9244, stack(0x0000002615500000,0x0000002615600000)]
  0x00000146bdd7f3c0 JavaThread "File watcher server" daemon [_thread_in_native, id=14924, stack(0x0000002615600000,0x0000002615700000)]
  0x00000146bdd810a0 JavaThread "File watcher consumer" daemon [_thread_blocked, id=4476, stack(0x0000002615700000,0x0000002615800000)]
  0x00000146bdd7eef0 JavaThread "Cache worker for checksums cache (C:\Users\ne466\IdeaProjects\core\core\.gradle\7.5.1\checksums)" [_thread_blocked, id=18028, stack(0x0000002615800000,0x0000002615900000)]
  0x00000146bdd828b0 JavaThread "Cache worker for cache directory md-rule (C:\Users\ne466\IdeaProjects\Sringboot-Security-Basic-V1\caches\7.5.1\md-rule)" [_thread_blocked, id=2564, stack(0x0000002615900000,0x0000002615a00000)]
  0x00000146bdd83bf0 JavaThread "Cache worker for file content cache (C:\Users\ne466\IdeaProjects\Sringboot-Security-Basic-V1\caches\7.5.1\fileContent)" [_thread_blocked, id=5844, stack(0x0000002615a00000,0x0000002615b00000)]
  0x00000146bdd7cd40 JavaThread "Cache worker for file hash cache (C:\Users\ne466\IdeaProjects\core\core\.gradle\7.5.1\fileHashes)" [_thread_blocked, id=7732, stack(0x0000002615b00000,0x0000002615c00000)]
  0x00000146bdd7d210 JavaThread "Cache worker for cache directory md-supplier (C:\Users\ne466\IdeaProjects\Sringboot-Security-Basic-V1\caches\7.5.1\md-supplier)" [_thread_blocked, id=3368, stack(0x0000002615c00000,0x0000002615d00000)]
  0x00000146bf99fc80 JavaThread "Cache worker for execution history cache (C:\Users\ne466\IdeaProjects\Sringboot-Security-Basic-V1\caches\7.5.1\executionHistory)" [_thread_blocked, id=10572, stack(0x0000002615d00000,0x0000002615e00000)]
  0x00000146bf9a1e30 JavaThread "jar transforms" [_thread_blocked, id=14500, stack(0x0000002615e00000,0x0000002615f00000)]
  0x00000146bf9a3fe0 JavaThread "jar transforms Thread 2" [_thread_blocked, id=15564, stack(0x0000002615f00000,0x0000002616000000)]
  0x00000146bf9a3b10 JavaThread "jar transforms Thread 3" [_thread_blocked, id=14440, stack(0x0000002616000000,0x0000002616100000)]
  0x00000146bf99e940 JavaThread "jar transforms Thread 4" [_thread_blocked, id=5828, stack(0x0000002616100000,0x0000002616200000)]
  0x00000146bf99dfa0 JavaThread "Cache worker for dependencies-accessors (C:\Users\ne466\IdeaProjects\core\core\.gradle\7.5.1\dependencies-accessors)" [_thread_blocked, id=19988, stack(0x0000002616200000,0x0000002616300000)]
  0x00000146bf9a0fc0 JavaThread "Cache worker for Build Output Cleanup Cache (C:\Users\ne466\IdeaProjects\core\core\.gradle\buildOutputCleanup)" [_thread_blocked, id=20164, stack(0x0000002616300000,0x0000002616400000)]
  0x00000146bf9a0620 JavaThread "Unconstrained build operations" [_thread_blocked, id=18980, stack(0x0000002616500000,0x0000002616600000)]
  0x00000146bf9a1490 JavaThread "Unconstrained build operations Thread 2" [_thread_blocked, id=1412, stack(0x0000002616600000,0x0000002616700000)]
  0x00000146bfe8ed40 JavaThread "Unconstrained build operations Thread 3" [_thread_blocked, id=20292, stack(0x0000002616700000,0x0000002616800000)]
  0x00000146bfe92bd0 JavaThread "Unconstrained build operations Thread 4" [_thread_blocked, id=20156, stack(0x0000002616800000,0x0000002616900000)]
  0x00000146bfe90a20 JavaThread "Unconstrained build operations Thread 5" [_thread_blocked, id=20440, stack(0x0000002616900000,0x0000002616a00000)]
  0x00000146bfe91d60 JavaThread "Unconstrained build operations Thread 6" [_thread_blocked, id=18792, stack(0x0000002616a00000,0x0000002616b00000)]
  0x00000146bfe8ded0 JavaThread "Unconstrained build operations Thread 7" [_thread_blocked, id=4588, stack(0x0000002616b00000,0x0000002616c00000)]
  0x00000146bfe90ef0 JavaThread "Unconstrained build operations Thread 8" [_thread_blocked, id=14868, stack(0x0000002616c00000,0x0000002616d00000)]
  0x00000146bfe92230 JavaThread "Unconstrained build operations Thread 9" [_thread_blocked, id=2036, stack(0x0000002616d00000,0x0000002616e00000)]
  0x00000146bfe93f10 JavaThread "Unconstrained build operations Thread 10" [_thread_blocked, id=7120, stack(0x0000002616e00000,0x0000002616f00000)]
  0x00000146bfe93a40 JavaThread "Unconstrained build operations Thread 11" [_thread_blocked, id=19248, stack(0x0000002616f00000,0x0000002617000000)]
  0x00000146bfe943e0 JavaThread "Unconstrained build operations Thread 12" [_thread_blocked, id=908, stack(0x0000002617000000,0x0000002617100000)]
  0x00000146bfe930a0 JavaThread "Unconstrained build operations Thread 13" [_thread_blocked, id=2376, stack(0x0000002617100000,0x0000002617200000)]
  0x00000146bfe8e3a0 JavaThread "Unconstrained build operations Thread 14" [_thread_blocked, id=14976, stack(0x0000002617200000,0x0000002617300000)]
  0x00000146bfe90550 JavaThread "Unconstrained build operations Thread 15" [_thread_blocked, id=10444, stack(0x0000002617300000,0x0000002617400000)]
  0x00000146bfe913c0 JavaThread "Unconstrained build operations Thread 16" [_thread_blocked, id=500, stack(0x0000002617400000,0x0000002617500000)]
  0x00000146bfe93570 JavaThread "Unconstrained build operations Thread 17" [_thread_blocked, id=12740, stack(0x0000002617500000,0x0000002617600000)]
  0x00000146bfe948b0 JavaThread "Unconstrained build operations Thread 18" [_thread_blocked, id=15012, stack(0x0000002617600000,0x0000002617700000)]
  0x00000146bfe90080 JavaThread "Unconstrained build operations Thread 19" [_thread_blocked, id=3336, stack(0x0000002617700000,0x0000002617800000)]
  0x00000146bfe8f210 JavaThread "Memory manager" [_thread_blocked, id=17080, stack(0x0000002617800000,0x0000002617900000)]
  0x00000146bd951630 JavaThread "included builds" [_thread_blocked, id=18656, stack(0x0000002617a00000,0x0000002617b00000)]
  0x00000146bd94c930 JavaThread "Execution worker" [_thread_blocked, id=2088, stack(0x0000002617b00000,0x0000002617c00000)]
  0x00000146bd94c460 JavaThread "Execution worker Thread 2" [_thread_blocked, id=16472, stack(0x0000002617c00000,0x0000002617d00000)]
  0x00000146bd94eae0 JavaThread "Execution worker Thread 3" [_thread_blocked, id=7924, stack(0x0000002617d00000,0x0000002617e00000)]
  0x00000146bd952970 JavaThread "Cache worker for execution history cache (C:\Users\ne466\IdeaProjects\core\core\.gradle\7.5.1\executionHistory)" [_thread_blocked, id=2552, stack(0x0000002617e00000,0x0000002617f00000)]
  0x00000146bd94b120 JavaThread "Unconstrained build operations Thread 20" [_thread_blocked, id=19496, stack(0x0000002617f00000,0x0000002618000000)]
  0x00000146bd94d7a0 JavaThread "Unconstrained build operations Thread 21" [_thread_blocked, id=12584, stack(0x0000002618000000,0x0000002618100000)]
  0x00000146bd94fe20 JavaThread "Unconstrained build operations Thread 22" [_thread_blocked, id=17004, stack(0x0000002618100000,0x0000002618200000)]
  0x00000146bd94b5f0 JavaThread "Unconstrained build operations Thread 23" [_thread_blocked, id=19820, stack(0x0000002618200000,0x0000002618300000)]
  0x00000146bd94dc70 JavaThread "Unconstrained build operations Thread 24" [_thread_blocked, id=12848, stack(0x0000002618300000,0x0000002618400000)]
  0x00000146bd94f480 JavaThread "Unconstrained build operations Thread 25" [_thread_blocked, id=15940, stack(0x0000002618400000,0x0000002618500000)]
  0x00000146bd94d2d0 JavaThread "Unconstrained build operations Thread 26" [_thread_blocked, id=4108, stack(0x0000002618500000,0x0000002618600000)]
  0x00000146bd94bac0 JavaThread "Unconstrained build operations Thread 27" [_thread_blocked, id=1320, stack(0x0000002618600000,0x0000002618700000)]
  0x00000146bd94ce00 JavaThread "Unconstrained build operations Thread 28" [_thread_blocked, id=11400, stack(0x0000002618700000,0x0000002618800000)]
  0x00000146bd9502f0 JavaThread "Unconstrained build operations Thread 29" [_thread_blocked, id=2476, stack(0x0000002618800000,0x0000002618900000)]
  0x00000146bd9507c0 JavaThread "Unconstrained build operations Thread 30" [_thread_blocked, id=4216, stack(0x0000002618900000,0x0000002618a00000)]
  0x00000146bd94e610 JavaThread "Unconstrained build operations Thread 31" [_thread_blocked, id=12724, stack(0x0000002618a00000,0x0000002618b00000)]
  0x00000146bd94e140 JavaThread "Unconstrained build operations Thread 32" [_thread_blocked, id=11944, stack(0x0000002618b00000,0x0000002618c00000)]
  0x00000146bd950c90 JavaThread "Unconstrained build operations Thread 33" [_thread_blocked, id=18736, stack(0x0000002618c00000,0x0000002618d00000)]
  0x00000146bd951b00 JavaThread "Unconstrained build operations Thread 34" [_thread_blocked, id=11832, stack(0x0000002618d00000,0x0000002618e00000)]
  0x00000146bf3cdcd0 JavaThread "Unconstrained build operations Thread 35" [_thread_blocked, id=10464, stack(0x0000002618e00000,0x0000002618f00000)]
  0x00000146bf3cc990 JavaThread "Unconstrained build operations Thread 36" [_thread_blocked, id=13080, stack(0x0000002618f00000,0x0000002619000000)]
  0x00000146bf3cd330 JavaThread "Unconstrained build operations Thread 37" [_thread_blocked, id=20376, stack(0x0000002619000000,0x0000002619100000)]
  0x00000146bf3cacb0 JavaThread "Unconstrained build operations Thread 38" [_thread_blocked, id=16880, stack(0x0000002619100000,0x0000002619200000)]
  0x00000146bf3cc4c0 JavaThread "Unconstrained build operations Thread 39" [_thread_blocked, id=8964, stack(0x0000002619200000,0x0000002619300000)]
  0x00000146bf3c94a0 JavaThread "Unconstrained build operations Thread 40" [_thread_blocked, id=724, stack(0x0000002619300000,0x0000002619400000)]
  0x00000146bf3cb650 JavaThread "Cache worker for Java compile cache (C:\Users\ne466\IdeaProjects\Sringboot-Security-Basic-V1\caches\7.5.1\javaCompile)" [_thread_blocked, id=2056, stack(0x0000002619400000,0x0000002619500000)]
  0x00000146bf3d0820 JavaThread "Build operations" [_thread_blocked, id=10920, stack(0x0000002619500000,0x0000002619600000)]
  0x00000146bf3c9970 JavaThread "Build operations Thread 2" [_thread_blocked, id=216, stack(0x0000002619600000,0x0000002619700000)]
  0x00000146bf3cd800 JavaThread "Build operations Thread 3" [_thread_blocked, id=3504, stack(0x0000002619700000,0x0000002619800000)]
  0x00000146bf3ce1a0 JavaThread "Build operations Thread 4" [_thread_blocked, id=5280, stack(0x0000002619800000,0x0000002619900000)]
  0x00000146bf3cce60 JavaThread "Dispatch org.gradle.api.internal.tasks.testing.results.AttachParentTestResultProcessor@33a415d9" [_thread_blocked, id=11340, stack(0x0000002619a00000,0x0000002619b00000)]
  0x00000146bf3cf4e0 JavaThread "Dispatch org.gradle.api.internal.tasks.testing.processors.RestartEveryNTestClassProcessor@33323098" [_thread_blocked, id=18264, stack(0x0000002619b00000,0x0000002619c00000)]
  0x00000146bf3cfe80 JavaThread "Incoming local TCP Connector on port 56109" [_thread_blocked, id=10460, stack(0x0000002619c00000,0x0000002619d00000)]
  0x00000146bfe92700 JavaThread "Exec process" [_thread_in_Java, id=19464, stack(0x0000002619d00000,0x0000002619e00000)]
  0x00000146bdd1e230 JavaThread "Exec process Thread 2" [_thread_blocked, id=10800, stack(0x0000002619f00000,0x000000261a000000)]
  0x00000146bdd208b0 JavaThread "Exec process Thread 3" [_thread_blocked, id=8796, stack(0x000000261a000000,0x000000261a100000)]
  0x00000146bdd19ed0 JavaThread "Exec process Thread 4" [_thread_blocked, id=8784, stack(0x000000261a100000,0x000000261a200000)]
  0x00000146bdd1d3c0 JavaThread "/127.0.0.1:56109 to /127.0.0.1:56111 workers" [_thread_blocked, id=18212, stack(0x0000002619e00000,0x0000002619f00000)]
  0x00000146bdd1fa40 JavaThread "/127.0.0.1:56109 to /127.0.0.1:56111 workers Thread 2" [_thread_blocked, id=14400, stack(0x000000261a200000,0x000000261a300000)]
  0x00000146bdd1ca20 JavaThread "/127.0.0.1:56109 to /127.0.0.1:56111 workers Thread 3" [_thread_blocked, id=7376, stack(0x000000261a300000,0x000000261a400000)]
  0x00000146bdd1e700 JavaThread "/127.0.0.1:56109 to /127.0.0.1:56111 workers Thread 4" [_thread_blocked, id=14920, stack(0x000000261a400000,0x000000261a500000)]
  0x00000146bdd1ff10 JavaThread "File lock release action executor" [_thread_blocked, id=12360, stack(0x000000261a500000,0x000000261a600000)]

Other Threads:
  0x00000146bb264590 VMThread "VM Thread" [stack: 0x0000002613a00000,0x0000002613b00000] [id=17576]
  0x00000146bbbe3de0 WatcherThread [stack: 0x0000002614500000,0x0000002614600000] [id=7064]
  0x00000146a08ae5f0 GCTaskThread "GC Thread#0" [stack: 0x0000002613500000,0x0000002613600000] [id=18904]
  0x00000146bbd82bd0 GCTaskThread "GC Thread#1" [stack: 0x0000002614700000,0x0000002614800000] [id=1904]
  0x00000146bbd7f270 GCTaskThread "GC Thread#2" [stack: 0x0000002614800000,0x0000002614900000] [id=18720]
  0x00000146bbd818b0 GCTaskThread "GC Thread#3" [stack: 0x0000002614900000,0x0000002614a00000] [id=17720]
  0x00000146a08b36d0 ConcurrentGCThread "G1 Main Marker" [stack: 0x0000002613600000,0x0000002613700000] [id=18976]
  0x00000146a08b48f0 ConcurrentGCThread "G1 Conc#0" [stack: 0x0000002613700000,0x0000002613800000] [id=3480]
  0x00000146a095c890 ConcurrentGCThread "G1 Refine#0" [stack: 0x0000002613800000,0x0000002613900000] [id=9428]
  0x00000146c17019c0 ConcurrentGCThread "G1 Refine#1" [stack: 0x0000002617900000,0x0000002617a00000] [id=16872]
  0x00000146bd33fb50 ConcurrentGCThread "G1 Refine#2" [stack: 0x0000002619900000,0x0000002619a00000] [id=2448]
  0x00000146a095e2b0 ConcurrentGCThread "G1 Young RemSet Sampling" [stack: 0x0000002613900000,0x0000002613a00000] [id=3076]

Threads with active compile tasks:
C2 CompilerThread0    22867 10510       4       org.gradle.internal.logging.text.AbstractLineChoppingStyledTextOutput::doAppend (43 bytes)

VM state: not at safepoint (normal execution)

VM Mutex/Monitor currently owned by a thread: None

Heap address: 0x00000000e0000000, size: 512 MB, Compressed Oops mode: 32-bit
CDS archive(s) mapped at: [0x0000000800000000-0x0000000800b50000-0x0000000800b50000), size 11862016, SharedBaseAddress: 0x0000000800000000, ArchiveRelocationMode: 0.
Compressed class space mapped at: 0x0000000800b50000-0x0000000810350000, size: 260046848
Narrow klass base: 0x0000000800000000, Narrow klass shift: 3, Narrow klass range: 0x100000000

GC Precious Log:
 CPUs: 4 total, 4 available
 Memory: 8102M
 Large Page Support: Disabled
 NUMA Support: Disabled
 Compressed Oops: Enabled (32-bit)
 Heap Region Size: 1M
 Heap Min Capacity: 256M
 Heap Initial Capacity: 256M
 Heap Max Capacity: 512M
 Pre-touch: Disabled
 Parallel Workers: 4
 Concurrent Workers: 1
 Concurrent Refinement Workers: 4
 Periodic GC: Disabled

Heap:
 garbage-first heap   total 262144K, used 124703K [0x00000000e0000000, 0x0000000100000000)
  region size 1024K, 79 young (80896K), 20 survivors (20480K)
 Metaspace       used 70885K, capacity 72006K, committed 72368K, reserved 317440K
  class space    used 9294K, capacity 9618K, committed 9728K, reserved 253952K

Heap Regions: E=young(eden), S=young(survivor), O=old, HS=humongous(starts), HC=humongous(continues), CS=collection set, F=free, OA=open archive, CA=closed archive, TAMS=top-at-mark-start (previous, next)
|   0|0x00000000e0000000, 0x00000000e0100000, 0x00000000e0100000|100%|HS|  |TAMS 0x00000000e0100000, 0x00000000e0000000| Complete 
|   1|0x00000000e0100000, 0x00000000e0200000, 0x00000000e0200000|100%|HC|  |TAMS 0x00000000e0200000, 0x00000000e0100000| Complete 
|   2|0x00000000e0200000, 0x00000000e0300000, 0x00000000e0300000|100%|HC|  |TAMS 0x00000000e0300000, 0x00000000e0200000| Complete 
|   3|0x00000000e0300000, 0x00000000e0400000, 0x00000000e0400000|100%| O|  |TAMS 0x00000000e0400000, 0x00000000e0300000| Untracked 
|   4|0x00000000e0400000, 0x00000000e0500000, 0x00000000e0500000|100%| O|  |TAMS 0x00000000e0500000, 0x00000000e0400000| Untracked 
|   5|0x00000000e0500000, 0x00000000e0600000, 0x00000000e0600000|100%| O|  |TAMS 0x00000000e0600000, 0x00000000e0500000| Untracked 
|   6|0x00000000e0600000, 0x00000000e0700000, 0x00000000e0700000|100%| O|  |TAMS 0x00000000e0700000, 0x00000000e0600000| Untracked 
|   7|0x00000000e0700000, 0x00000000e0800000, 0x00000000e0800000|100%| O|  |TAMS 0x00000000e0800000, 0x00000000e0700000| Untracked 
|   8|0x00000000e0800000, 0x00000000e0900000, 0x00000000e0900000|100%| O|  |TAMS 0x00000000e0900000, 0x00000000e0800000| Untracked 
|   9|0x00000000e0900000, 0x00000000e0a00000, 0x00000000e0a00000|100%| O|  |TAMS 0x00000000e0a00000, 0x00000000e0900000| Untracked 
|  10|0x00000000e0a00000, 0x00000000e0b00000, 0x00000000e0b00000|100%| O|  |TAMS 0x00000000e0a00000, 0x00000000e0a00000| Untracked 
|  11|0x00000000e0b00000, 0x00000000e0c00000, 0x00000000e0c00000|100%| O|  |TAMS 0x00000000e0c00000, 0x00000000e0b00000| Untracked 
|  12|0x00000000e0c00000, 0x00000000e0d00000, 0x00000000e0d00000|100%| O|  |TAMS 0x00000000e0d00000, 0x00000000e0c00000| Untracked 
|  13|0x00000000e0d00000, 0x00000000e0e00000, 0x00000000e0e00000|100%| O|  |TAMS 0x00000000e0e00000, 0x00000000e0d00000| Untracked 
|  14|0x00000000e0e00000, 0x00000000e0f00000, 0x00000000e0f00000|100%| O|  |TAMS 0x00000000e0f00000, 0x00000000e0e00000| Untracked 
|  15|0x00000000e0f00000, 0x00000000e1000000, 0x00000000e1000000|100%| O|  |TAMS 0x00000000e1000000, 0x00000000e0f00000| Untracked 
|  16|0x00000000e1000000, 0x00000000e1100000, 0x00000000e1100000|100%| O|  |TAMS 0x00000000e1100000, 0x00000000e1000000| Untracked 
|  17|0x00000000e1100000, 0x00000000e1200000, 0x00000000e1200000|100%| O|  |TAMS 0x00000000e1200000, 0x00000000e1100000| Untracked 
|  18|0x00000000e1200000, 0x00000000e1300000, 0x00000000e1300000|100%| O|  |TAMS 0x00000000e1300000, 0x00000000e1200000| Untracked 
|  19|0x00000000e1300000, 0x00000000e1400000, 0x00000000e1400000|100%| O|  |TAMS 0x00000000e1400000, 0x00000000e1300000| Untracked 
|  20|0x00000000e1400000, 0x00000000e1500000, 0x00000000e1500000|100%| O|  |TAMS 0x00000000e1441e00, 0x00000000e1400000| Untracked 
|  21|0x00000000e1500000, 0x00000000e1600000, 0x00000000e1600000|100%| O|  |TAMS 0x00000000e1500000, 0x00000000e1500000| Untracked 
|  22|0x00000000e1600000, 0x00000000e1700000, 0x00000000e1700000|100%| O|  |TAMS 0x00000000e1600000, 0x00000000e1600000| Untracked 
|  23|0x00000000e1700000, 0x00000000e1800000, 0x00000000e1800000|100%| O|  |TAMS 0x00000000e1700000, 0x00000000e1700000| Untracked 
|  24|0x00000000e1800000, 0x00000000e1900000, 0x00000000e1900000|100%| O|  |TAMS 0x00000000e1800000, 0x00000000e1800000| Untracked 
|  25|0x00000000e1900000, 0x00000000e1a00000, 0x00000000e1a00000|100%| O|  |TAMS 0x00000000e1900000, 0x00000000e1900000| Untracked 
|  26|0x00000000e1a00000, 0x00000000e1b00000, 0x00000000e1b00000|100%| O|  |TAMS 0x00000000e1a00000, 0x00000000e1a00000| Untracked 
|  27|0x00000000e1b00000, 0x00000000e1c00000, 0x00000000e1c00000|100%| O|  |TAMS 0x00000000e1b00000, 0x00000000e1b00000| Untracked 
|  28|0x00000000e1c00000, 0x00000000e1d00000, 0x00000000e1d00000|100%| O|  |TAMS 0x00000000e1c00000, 0x00000000e1c00000| Untracked 
|  29|0x00000000e1d00000, 0x00000000e1e00000, 0x00000000e1e00000|100%| O|  |TAMS 0x00000000e1d00000, 0x00000000e1d00000| Untracked 
|  30|0x00000000e1e00000, 0x00000000e1f00000, 0x00000000e1f00000|100%| O|  |TAMS 0x00000000e1e00000, 0x00000000e1e00000| Untracked 
|  31|0x00000000e1f00000, 0x00000000e2000000, 0x00000000e2000000|100%| O|  |TAMS 0x00000000e1f00000, 0x00000000e1f00000| Untracked 
|  32|0x00000000e2000000, 0x00000000e2100000, 0x00000000e2100000|100%| O|  |TAMS 0x00000000e2000000, 0x00000000e2000000| Untracked 
|  33|0x00000000e2100000, 0x00000000e2200000, 0x00000000e2200000|100%| O|  |TAMS 0x00000000e2100000, 0x00000000e2100000| Untracked 
|  34|0x00000000e2200000, 0x00000000e2300000, 0x00000000e2300000|100%| O|  |TAMS 0x00000000e2200000, 0x00000000e2200000| Untracked 
|  35|0x00000000e2300000, 0x00000000e2400000, 0x00000000e2400000|100%| O|  |TAMS 0x00000000e2300000, 0x00000000e2300000| Untracked 
|  36|0x00000000e2400000, 0x00000000e2500000, 0x00000000e2500000|100%| O|  |TAMS 0x00000000e2400000, 0x00000000e2400000| Untracked 
|  37|0x00000000e2500000, 0x00000000e2600000, 0x00000000e2600000|100%| O|  |TAMS 0x00000000e2500000, 0x00000000e2500000| Untracked 
|  38|0x00000000e2600000, 0x00000000e2700000, 0x00000000e2700000|100%| O|  |TAMS 0x00000000e2600000, 0x00000000e2600000| Untracked 
|  39|0x00000000e2700000, 0x00000000e2800000, 0x00000000e2800000|100%| O|  |TAMS 0x00000000e2700000, 0x00000000e2700000| Untracked 
|  40|0x00000000e2800000, 0x00000000e2900000, 0x00000000e2900000|100%| O|  |TAMS 0x00000000e2800000, 0x00000000e2800000| Untracked 
|  41|0x00000000e2900000, 0x00000000e2a00000, 0x00000000e2a00000|100%| O|  |TAMS 0x00000000e2900000, 0x00000000e2900000| Untracked 
|  42|0x00000000e2a00000, 0x00000000e2b00000, 0x00000000e2b00000|100%| O|  |TAMS 0x00000000e2a00000, 0x00000000e2a00000| Untracked 
|  43|0x00000000e2b00000, 0x00000000e2bc7e00, 0x00000000e2c00000| 78%| O|  |TAMS 0x00000000e2b00000, 0x00000000e2b00000| Untracked 
|  44|0x00000000e2c00000, 0x00000000e2c00000, 0x00000000e2d00000|  0%| F|  |TAMS 0x00000000e2c00000, 0x00000000e2c00000| Untracked 
|  45|0x00000000e2d00000, 0x00000000e2d00000, 0x00000000e2e00000|  0%| F|  |TAMS 0x00000000e2d00000, 0x00000000e2d00000| Untracked 
|  46|0x00000000e2e00000, 0x00000000e2e00000, 0x00000000e2f00000|  0%| F|  |TAMS 0x00000000e2e00000, 0x00000000e2e00000| Untracked 
|  47|0x00000000e2f00000, 0x00000000e2f00000, 0x00000000e3000000|  0%| F|  |TAMS 0x00000000e2f00000, 0x00000000e2f00000| Untracked 
|  48|0x00000000e3000000, 0x00000000e3000000, 0x00000000e3100000|  0%| F|  |TAMS 0x00000000e3000000, 0x00000000e3000000| Untracked 
|  49|0x00000000e3100000, 0x00000000e3100000, 0x00000000e3200000|  0%| F|  |TAMS 0x00000000e3100000, 0x00000000e3100000| Untracked 
|  50|0x00000000e3200000, 0x00000000e3200000, 0x00000000e3300000|  0%| F|  |TAMS 0x00000000e3200000, 0x00000000e3200000| Untracked 
|  51|0x00000000e3300000, 0x00000000e3300000, 0x00000000e3400000|  0%| F|  |TAMS 0x00000000e3300000, 0x00000000e3300000| Untracked 
|  52|0x00000000e3400000, 0x00000000e3400000, 0x00000000e3500000|  0%| F|  |TAMS 0x00000000e3400000, 0x00000000e3400000| Untracked 
|  53|0x00000000e3500000, 0x00000000e3500000, 0x00000000e3600000|  0%| F|  |TAMS 0x00000000e3500000, 0x00000000e3500000| Untracked 
|  54|0x00000000e3600000, 0x00000000e3600000, 0x00000000e3700000|  0%| F|  |TAMS 0x00000000e3600000, 0x00000000e3600000| Untracked 
|  55|0x00000000e3700000, 0x00000000e3700000, 0x00000000e3800000|  0%| F|  |TAMS 0x00000000e3700000, 0x00000000e3700000| Untracked 
|  56|0x00000000e3800000, 0x00000000e3800000, 0x00000000e3900000|  0%| F|  |TAMS 0x00000000e3800000, 0x00000000e3800000| Untracked 
|  57|0x00000000e3900000, 0x00000000e3900000, 0x00000000e3a00000|  0%| F|  |TAMS 0x00000000e3900000, 0x00000000e3900000| Untracked 
|  58|0x00000000e3a00000, 0x00000000e3a00000, 0x00000000e3b00000|  0%| F|  |TAMS 0x00000000e3a00000, 0x00000000e3a00000| Untracked 
|  59|0x00000000e3b00000, 0x00000000e3b00000, 0x00000000e3c00000|  0%| F|  |TAMS 0x00000000e3b00000, 0x00000000e3b00000| Untracked 
|  60|0x00000000e3c00000, 0x00000000e3c00000, 0x00000000e3d00000|  0%| F|  |TAMS 0x00000000e3c00000, 0x00000000e3c00000| Untracked 
|  61|0x00000000e3d00000, 0x00000000e3d00000, 0x00000000e3e00000|  0%| F|  |TAMS 0x00000000e3d00000, 0x00000000e3d00000| Untracked 
|  62|0x00000000e3e00000, 0x00000000e3e00000, 0x00000000e3f00000|  0%| F|  |TAMS 0x00000000e3e00000, 0x00000000e3e00000| Untracked 
|  63|0x00000000e3f00000, 0x00000000e3f00000, 0x00000000e4000000|  0%| F|  |TAMS 0x00000000e3f00000, 0x00000000e3f00000| Untracked 
|  64|0x00000000e4000000, 0x00000000e4000000, 0x00000000e4100000|  0%| F|  |TAMS 0x00000000e4000000, 0x00000000e4000000| Untracked 
|  65|0x00000000e4100000, 0x00000000e4100000, 0x00000000e4200000|  0%| F|  |TAMS 0x00000000e4100000, 0x00000000e4100000| Untracked 
|  66|0x00000000e4200000, 0x00000000e4200000, 0x00000000e4300000|  0%| F|  |TAMS 0x00000000e4200000, 0x00000000e4200000| Untracked 
|  67|0x00000000e4300000, 0x00000000e4300000, 0x00000000e4400000|  0%| F|  |TAMS 0x00000000e4300000, 0x00000000e4300000| Untracked 
|  68|0x00000000e4400000, 0x00000000e4400000, 0x00000000e4500000|  0%| F|  |TAMS 0x00000000e4400000, 0x00000000e4400000| Untracked 
|  69|0x00000000e4500000, 0x00000000e4500000, 0x00000000e4600000|  0%| F|  |TAMS 0x00000000e4500000, 0x00000000e4500000| Untracked 
|  70|0x00000000e4600000, 0x00000000e4600000, 0x00000000e4700000|  0%| F|  |TAMS 0x00000000e4600000, 0x00000000e4600000| Untracked 
|  71|0x00000000e4700000, 0x00000000e4700000, 0x00000000e4800000|  0%| F|  |TAMS 0x00000000e4700000, 0x00000000e4700000| Untracked 
|  72|0x00000000e4800000, 0x00000000e4800000, 0x00000000e4900000|  0%| F|  |TAMS 0x00000000e4800000, 0x00000000e4800000| Untracked 
|  73|0x00000000e4900000, 0x00000000e4900000, 0x00000000e4a00000|  0%| F|  |TAMS 0x00000000e4900000, 0x00000000e4900000| Untracked 
|  74|0x00000000e4a00000, 0x00000000e4a00000, 0x00000000e4b00000|  0%| F|  |TAMS 0x00000000e4a00000, 0x00000000e4a00000| Untracked 
|  75|0x00000000e4b00000, 0x00000000e4b00000, 0x00000000e4c00000|  0%| F|  |TAMS 0x00000000e4b00000, 0x00000000e4b00000| Untracked 
|  76|0x00000000e4c00000, 0x00000000e4c00000, 0x00000000e4d00000|  0%| F|  |TAMS 0x00000000e4c00000, 0x00000000e4c00000| Untracked 
|  77|0x00000000e4d00000, 0x00000000e4d00000, 0x00000000e4e00000|  0%| F|  |TAMS 0x00000000e4d00000, 0x00000000e4d00000| Untracked 
|  78|0x00000000e4e00000, 0x00000000e4e00000, 0x00000000e4f00000|  0%| F|  |TAMS 0x00000000e4e00000, 0x00000000e4e00000| Untracked 
|  79|0x00000000e4f00000, 0x00000000e4f00000, 0x00000000e5000000|  0%| F|  |TAMS 0x00000000e4f00000, 0x00000000e4f00000| Untracked 
|  80|0x00000000e5000000, 0x00000000e5000000, 0x00000000e5100000|  0%| F|  |TAMS 0x00000000e5000000, 0x00000000e5000000| Untracked 
|  81|0x00000000e5100000, 0x00000000e5100000, 0x00000000e5200000|  0%| F|  |TAMS 0x00000000e5100000, 0x00000000e5100000| Untracked 
|  82|0x00000000e5200000, 0x00000000e5200000, 0x00000000e5300000|  0%| F|  |TAMS 0x00000000e5200000, 0x00000000e5200000| Untracked 
|  83|0x00000000e5300000, 0x00000000e5400000, 0x00000000e5400000|100%| S|CS|TAMS 0x00000000e5300000, 0x00000000e5300000| Complete 
|  84|0x00000000e5400000, 0x00000000e5500000, 0x00000000e5500000|100%| S|CS|TAMS 0x00000000e5400000, 0x00000000e5400000| Complete 
|  85|0x00000000e5500000, 0x00000000e5600000, 0x00000000e5600000|100%| S|CS|TAMS 0x00000000e5500000, 0x00000000e5500000| Complete 
|  86|0x00000000e5600000, 0x00000000e5700000, 0x00000000e5700000|100%| S|CS|TAMS 0x00000000e5600000, 0x00000000e5600000| Complete 
|  87|0x00000000e5700000, 0x00000000e5800000, 0x00000000e5800000|100%| S|CS|TAMS 0x00000000e5700000, 0x00000000e5700000| Complete 
|  88|0x00000000e5800000, 0x00000000e5900000, 0x00000000e5900000|100%| S|CS|TAMS 0x00000000e5800000, 0x00000000e5800000| Complete 
|  89|0x00000000e5900000, 0x00000000e5a00000, 0x00000000e5a00000|100%| S|CS|TAMS 0x00000000e5900000, 0x00000000e5900000| Complete 
|  90|0x00000000e5a00000, 0x00000000e5b00000, 0x00000000e5b00000|100%| S|CS|TAMS 0x00000000e5a00000, 0x00000000e5a00000| Complete 
|  91|0x00000000e5b00000, 0x00000000e5c00000, 0x00000000e5c00000|100%| S|CS|TAMS 0x00000000e5b00000, 0x00000000e5b00000| Complete 
|  92|0x00000000e5c00000, 0x00000000e5d00000, 0x00000000e5d00000|100%| S|CS|TAMS 0x00000000e5c00000, 0x00000000e5c00000| Complete 
|  93|0x00000000e5d00000, 0x00000000e5e00000, 0x00000000e5e00000|100%| S|CS|TAMS 0x00000000e5d00000, 0x00000000e5d00000| Complete 
|  94|0x00000000e5e00000, 0x00000000e5f00000, 0x00000000e5f00000|100%| S|CS|TAMS 0x00000000e5e00000, 0x00000000e5e00000| Complete 
|  95|0x00000000e5f00000, 0x00000000e6000000, 0x00000000e6000000|100%| S|CS|TAMS 0x00000000e5f00000, 0x00000000e5f00000| Complete 
|  96|0x00000000e6000000, 0x00000000e6100000, 0x00000000e6100000|100%| S|CS|TAMS 0x00000000e6000000, 0x00000000e6000000| Complete 
|  97|0x00000000e6100000, 0x00000000e6200000, 0x00000000e6200000|100%| S|CS|TAMS 0x00000000e6100000, 0x00000000e6100000| Complete 
|  98|0x00000000e6200000, 0x00000000e6300000, 0x00000000e6300000|100%| S|CS|TAMS 0x00000000e6200000, 0x00000000e6200000| Complete 
|  99|0x00000000e6300000, 0x00000000e6400000, 0x00000000e6400000|100%| S|CS|TAMS 0x00000000e6300000, 0x00000000e6300000| Complete 
| 100|0x00000000e6400000, 0x00000000e6500000, 0x00000000e6500000|100%| S|CS|TAMS 0x00000000e6400000, 0x00000000e6400000| Complete 
| 101|0x00000000e6500000, 0x00000000e6600000, 0x00000000e6600000|100%| S|CS|TAMS 0x00000000e6500000, 0x00000000e6500000| Complete 
| 102|0x00000000e6600000, 0x00000000e6700000, 0x00000000e6700000|100%| S|CS|TAMS 0x00000000e6600000, 0x00000000e6600000| Complete 
| 103|0x00000000e6700000, 0x00000000e6700000, 0x00000000e6800000|  0%| F|  |TAMS 0x00000000e6700000, 0x00000000e6700000| Untracked 
| 104|0x00000000e6800000, 0x00000000e6800000, 0x00000000e6900000|  0%| F|  |TAMS 0x00000000e6800000, 0x00000000e6800000| Untracked 
| 105|0x00000000e6900000, 0x00000000e6900000, 0x00000000e6a00000|  0%| F|  |TAMS 0x00000000e6900000, 0x00000000e6900000| Untracked 
| 106|0x00000000e6a00000, 0x00000000e6a00000, 0x00000000e6b00000|  0%| F|  |TAMS 0x00000000e6a00000, 0x00000000e6a00000| Untracked 
| 107|0x00000000e6b00000, 0x00000000e6b00000, 0x00000000e6c00000|  0%| F|  |TAMS 0x00000000e6b00000, 0x00000000e6b00000| Untracked 
| 108|0x00000000e6c00000, 0x00000000e6c00000, 0x00000000e6d00000|  0%| F|  |TAMS 0x00000000e6c00000, 0x00000000e6c00000| Untracked 
| 109|0x00000000e6d00000, 0x00000000e6d00000, 0x00000000e6e00000|  0%| F|  |TAMS 0x00000000e6d00000, 0x00000000e6d00000| Untracked 
| 110|0x00000000e6e00000, 0x00000000e6e00000, 0x00000000e6f00000|  0%| F|  |TAMS 0x00000000e6e00000, 0x00000000e6e00000| Untracked 
| 111|0x00000000e6f00000, 0x00000000e6f00000, 0x00000000e7000000|  0%| F|  |TAMS 0x00000000e6f00000, 0x00000000e6f00000| Untracked 
| 112|0x00000000e7000000, 0x00000000e7000000, 0x00000000e7100000|  0%| F|  |TAMS 0x00000000e7000000, 0x00000000e7000000| Untracked 
| 113|0x00000000e7100000, 0x00000000e7100000, 0x00000000e7200000|  0%| F|  |TAMS 0x00000000e7100000, 0x00000000e7100000| Untracked 
| 114|0x00000000e7200000, 0x00000000e7200000, 0x00000000e7300000|  0%| F|  |TAMS 0x00000000e7200000, 0x00000000e7200000| Untracked 
| 115|0x00000000e7300000, 0x00000000e7300000, 0x00000000e7400000|  0%| F|  |TAMS 0x00000000e7300000, 0x00000000e7300000| Untracked 
| 116|0x00000000e7400000, 0x00000000e7400000, 0x00000000e7500000|  0%| F|  |TAMS 0x00000000e7400000, 0x00000000e7400000| Untracked 
| 117|0x00000000e7500000, 0x00000000e7500000, 0x00000000e7600000|  0%| F|  |TAMS 0x00000000e7500000, 0x00000000e7500000| Untracked 
| 118|0x00000000e7600000, 0x00000000e7600000, 0x00000000e7700000|  0%| F|  |TAMS 0x00000000e7600000, 0x00000000e7600000| Untracked 
| 119|0x00000000e7700000, 0x00000000e7700000, 0x00000000e7800000|  0%| F|  |TAMS 0x00000000e7700000, 0x00000000e7700000| Untracked 
| 120|0x00000000e7800000, 0x00000000e7800000, 0x00000000e7900000|  0%| F|  |TAMS 0x00000000e7800000, 0x00000000e7800000| Untracked 
| 121|0x00000000e7900000, 0x00000000e7900000, 0x00000000e7a00000|  0%| F|  |TAMS 0x00000000e7900000, 0x00000000e7900000| Untracked 
| 122|0x00000000e7a00000, 0x00000000e7a00000, 0x00000000e7b00000|  0%| F|  |TAMS 0x00000000e7a00000, 0x00000000e7a00000| Untracked 
| 123|0x00000000e7b00000, 0x00000000e7b00000, 0x00000000e7c00000|  0%| F|  |TAMS 0x00000000e7b00000, 0x00000000e7b00000| Untracked 
| 124|0x00000000e7c00000, 0x00000000e7c00000, 0x00000000e7d00000|  0%| F|  |TAMS 0x00000000e7c00000, 0x00000000e7c00000| Untracked 
| 125|0x00000000e7d00000, 0x00000000e7d00000, 0x00000000e7e00000|  0%| F|  |TAMS 0x00000000e7d00000, 0x00000000e7d00000| Untracked 
| 126|0x00000000e7e00000, 0x00000000e7e00000, 0x00000000e7f00000|  0%| F|  |TAMS 0x00000000e7e00000, 0x00000000e7e00000| Untracked 
| 127|0x00000000e7f00000, 0x00000000e7f00000, 0x00000000e8000000|  0%| F|  |TAMS 0x00000000e7f00000, 0x00000000e7f00000| Untracked 
| 128|0x00000000e8000000, 0x00000000e8000000, 0x00000000e8100000|  0%| F|  |TAMS 0x00000000e8000000, 0x00000000e8000000| Untracked 
| 129|0x00000000e8100000, 0x00000000e8100000, 0x00000000e8200000|  0%| F|  |TAMS 0x00000000e8100000, 0x00000000e8100000| Untracked 
| 130|0x00000000e8200000, 0x00000000e8200000, 0x00000000e8300000|  0%| F|  |TAMS 0x00000000e8200000, 0x00000000e8200000| Untracked 
| 131|0x00000000e8300000, 0x00000000e8300000, 0x00000000e8400000|  0%| F|  |TAMS 0x00000000e8300000, 0x00000000e8300000| Untracked 
| 132|0x00000000e8400000, 0x00000000e8400000, 0x00000000e8500000|  0%| F|  |TAMS 0x00000000e8400000, 0x00000000e8400000| Untracked 
| 133|0x00000000e8500000, 0x00000000e8500000, 0x00000000e8600000|  0%| F|  |TAMS 0x00000000e8500000, 0x00000000e8500000| Untracked 
| 134|0x00000000e8600000, 0x00000000e8600000, 0x00000000e8700000|  0%| F|  |TAMS 0x00000000e8600000, 0x00000000e8600000| Untracked 
| 135|0x00000000e8700000, 0x00000000e8700000, 0x00000000e8800000|  0%| F|  |TAMS 0x00000000e8700000, 0x00000000e8700000| Untracked 
| 136|0x00000000e8800000, 0x00000000e8800000, 0x00000000e8900000|  0%| F|  |TAMS 0x00000000e8800000, 0x00000000e8800000| Untracked 
| 137|0x00000000e8900000, 0x00000000e8900000, 0x00000000e8a00000|  0%| F|  |TAMS 0x00000000e8900000, 0x00000000e8900000| Untracked 
| 138|0x00000000e8a00000, 0x00000000e8a00000, 0x00000000e8b00000|  0%| F|  |TAMS 0x00000000e8a00000, 0x00000000e8a00000| Untracked 
| 139|0x00000000e8b00000, 0x00000000e8b00000, 0x00000000e8c00000|  0%| F|  |TAMS 0x00000000e8b00000, 0x00000000e8b00000| Untracked 
| 140|0x00000000e8c00000, 0x00000000e8c00000, 0x00000000e8d00000|  0%| F|  |TAMS 0x00000000e8c00000, 0x00000000e8c00000| Untracked 
| 141|0x00000000e8d00000, 0x00000000e8d00000, 0x00000000e8e00000|  0%| F|  |TAMS 0x00000000e8d00000, 0x00000000e8d00000| Untracked 
| 142|0x00000000e8e00000, 0x00000000e8e00000, 0x00000000e8f00000|  0%| F|  |TAMS 0x00000000e8e00000, 0x00000000e8e00000| Untracked 
| 143|0x00000000e8f00000, 0x00000000e8f00000, 0x00000000e9000000|  0%| F|  |TAMS 0x00000000e8f00000, 0x00000000e8f00000| Untracked 
| 144|0x00000000e9000000, 0x00000000e9000000, 0x00000000e9100000|  0%| F|  |TAMS 0x00000000e9000000, 0x00000000e9000000| Untracked 
| 145|0x00000000e9100000, 0x00000000e9100000, 0x00000000e9200000|  0%| F|  |TAMS 0x00000000e9100000, 0x00000000e9100000| Untracked 
| 146|0x00000000e9200000, 0x00000000e9200000, 0x00000000e9300000|  0%| F|  |TAMS 0x00000000e9200000, 0x00000000e9200000| Untracked 
| 147|0x00000000e9300000, 0x00000000e9300000, 0x00000000e9400000|  0%| F|  |TAMS 0x00000000e9300000, 0x00000000e9300000| Untracked 
| 148|0x00000000e9400000, 0x00000000e9400000, 0x00000000e9500000|  0%| F|  |TAMS 0x00000000e9400000, 0x00000000e9400000| Untracked 
| 149|0x00000000e9500000, 0x00000000e9500000, 0x00000000e9600000|  0%| F|  |TAMS 0x00000000e9500000, 0x00000000e9500000| Untracked 
| 150|0x00000000e9600000, 0x00000000e9600000, 0x00000000e9700000|  0%| F|  |TAMS 0x00000000e9600000, 0x00000000e9600000| Untracked 
| 151|0x00000000e9700000, 0x00000000e9700000, 0x00000000e9800000|  0%| F|  |TAMS 0x00000000e9700000, 0x00000000e9700000| Untracked 
| 152|0x00000000e9800000, 0x00000000e9800000, 0x00000000e9900000|  0%| F|  |TAMS 0x00000000e9800000, 0x00000000e9800000| Untracked 
| 153|0x00000000e9900000, 0x00000000e9900000, 0x00000000e9a00000|  0%| F|  |TAMS 0x00000000e9900000, 0x00000000e9900000| Untracked 
| 154|0x00000000e9a00000, 0x00000000e9a00000, 0x00000000e9b00000|  0%| F|  |TAMS 0x00000000e9a00000, 0x00000000e9a00000| Untracked 
| 155|0x00000000e9b00000, 0x00000000e9b00000, 0x00000000e9c00000|  0%| F|  |TAMS 0x00000000e9b00000, 0x00000000e9b00000| Untracked 
| 156|0x00000000e9c00000, 0x00000000e9c00000, 0x00000000e9d00000|  0%| F|  |TAMS 0x00000000e9c00000, 0x00000000e9c00000| Untracked 
| 157|0x00000000e9d00000, 0x00000000e9d00000, 0x00000000e9e00000|  0%| F|  |TAMS 0x00000000e9d00000, 0x00000000e9d00000| Untracked 
| 158|0x00000000e9e00000, 0x00000000e9e00000, 0x00000000e9f00000|  0%| F|  |TAMS 0x00000000e9e00000, 0x00000000e9e00000| Untracked 
| 159|0x00000000e9f00000, 0x00000000e9f00000, 0x00000000ea000000|  0%| F|  |TAMS 0x00000000e9f00000, 0x00000000e9f00000| Untracked 
| 160|0x00000000ea000000, 0x00000000ea000000, 0x00000000ea100000|  0%| F|  |TAMS 0x00000000ea000000, 0x00000000ea000000| Untracked 
| 161|0x00000000ea100000, 0x00000000ea100000, 0x00000000ea200000|  0%| F|  |TAMS 0x00000000ea100000, 0x00000000ea100000| Untracked 
| 162|0x00000000ea200000, 0x00000000ea200000, 0x00000000ea300000|  0%| F|  |TAMS 0x00000000ea200000, 0x00000000ea200000| Untracked 
| 163|0x00000000ea300000, 0x00000000ea300000, 0x00000000ea400000|  0%| F|  |TAMS 0x00000000ea300000, 0x00000000ea300000| Untracked 
| 164|0x00000000ea400000, 0x00000000ea400000, 0x00000000ea500000|  0%| F|  |TAMS 0x00000000ea400000, 0x00000000ea400000| Untracked 
| 165|0x00000000ea500000, 0x00000000ea500000, 0x00000000ea600000|  0%| F|  |TAMS 0x00000000ea500000, 0x00000000ea500000| Untracked 
| 166|0x00000000ea600000, 0x00000000ea600000, 0x00000000ea700000|  0%| F|  |TAMS 0x00000000ea600000, 0x00000000ea600000| Untracked 
| 167|0x00000000ea700000, 0x00000000ea700000, 0x00000000ea800000|  0%| F|  |TAMS 0x00000000ea700000, 0x00000000ea700000| Untracked 
| 168|0x00000000ea800000, 0x00000000ea800000, 0x00000000ea900000|  0%| F|  |TAMS 0x00000000ea800000, 0x00000000ea800000| Untracked 
| 169|0x00000000ea900000, 0x00000000ea900000, 0x00000000eaa00000|  0%| F|  |TAMS 0x00000000ea900000, 0x00000000ea900000| Untracked 
| 170|0x00000000eaa00000, 0x00000000eaa00000, 0x00000000eab00000|  0%| F|  |TAMS 0x00000000eaa00000, 0x00000000eaa00000| Untracked 
| 171|0x00000000eab00000, 0x00000000eab00000, 0x00000000eac00000|  0%| F|  |TAMS 0x00000000eab00000, 0x00000000eab00000| Untracked 
| 172|0x00000000eac00000, 0x00000000eac00000, 0x00000000ead00000|  0%| F|  |TAMS 0x00000000eac00000, 0x00000000eac00000| Untracked 
| 173|0x00000000ead00000, 0x00000000ead00000, 0x00000000eae00000|  0%| F|  |TAMS 0x00000000ead00000, 0x00000000ead00000| Untracked 
| 174|0x00000000eae00000, 0x00000000eae00000, 0x00000000eaf00000|  0%| F|  |TAMS 0x00000000eae00000, 0x00000000eae00000| Untracked 
| 175|0x00000000eaf00000, 0x00000000eaf00000, 0x00000000eb000000|  0%| F|  |TAMS 0x00000000eaf00000, 0x00000000eaf00000| Untracked 
| 176|0x00000000eb000000, 0x00000000eb000000, 0x00000000eb100000|  0%| F|  |TAMS 0x00000000eb000000, 0x00000000eb000000| Untracked 
| 177|0x00000000eb100000, 0x00000000eb100000, 0x00000000eb200000|  0%| F|  |TAMS 0x00000000eb100000, 0x00000000eb100000| Untracked 
| 178|0x00000000eb200000, 0x00000000eb200000, 0x00000000eb300000|  0%| F|  |TAMS 0x00000000eb200000, 0x00000000eb200000| Untracked 
| 179|0x00000000eb300000, 0x00000000eb300000, 0x00000000eb400000|  0%| F|  |TAMS 0x00000000eb300000, 0x00000000eb300000| Untracked 
| 180|0x00000000eb400000, 0x00000000eb400000, 0x00000000eb500000|  0%| F|  |TAMS 0x00000000eb400000, 0x00000000eb400000| Untracked 
| 181|0x00000000eb500000, 0x00000000eb500000, 0x00000000eb600000|  0%| F|  |TAMS 0x00000000eb500000, 0x00000000eb500000| Untracked 
| 182|0x00000000eb600000, 0x00000000eb600000, 0x00000000eb700000|  0%| F|  |TAMS 0x00000000eb600000, 0x00000000eb600000| Untracked 
| 183|0x00000000eb700000, 0x00000000eb700000, 0x00000000eb800000|  0%| F|  |TAMS 0x00000000eb700000, 0x00000000eb700000| Untracked 
| 184|0x00000000eb800000, 0x00000000eb800000, 0x00000000eb900000|  0%| F|  |TAMS 0x00000000eb800000, 0x00000000eb800000| Untracked 
| 185|0x00000000eb900000, 0x00000000eb900000, 0x00000000eba00000|  0%| F|  |TAMS 0x00000000eb900000, 0x00000000eb900000| Untracked 
| 186|0x00000000eba00000, 0x00000000eba00000, 0x00000000ebb00000|  0%| F|  |TAMS 0x00000000eba00000, 0x00000000eba00000| Untracked 
| 187|0x00000000ebb00000, 0x00000000ebb00000, 0x00000000ebc00000|  0%| F|  |TAMS 0x00000000ebb00000, 0x00000000ebb00000| Untracked 
| 188|0x00000000ebc00000, 0x00000000ebc00000, 0x00000000ebd00000|  0%| F|  |TAMS 0x00000000ebc00000, 0x00000000ebc00000| Untracked 
| 189|0x00000000ebd00000, 0x00000000ebd00000, 0x00000000ebe00000|  0%| F|  |TAMS 0x00000000ebd00000, 0x00000000ebd00000| Untracked 
| 190|0x00000000ebe00000, 0x00000000ebe00000, 0x00000000ebf00000|  0%| F|  |TAMS 0x00000000ebe00000, 0x00000000ebe00000| Untracked 
| 191|0x00000000ebf00000, 0x00000000ebf00000, 0x00000000ec000000|  0%| F|  |TAMS 0x00000000ebf00000, 0x00000000ebf00000| Untracked 
| 192|0x00000000ec000000, 0x00000000ec000000, 0x00000000ec100000|  0%| F|  |TAMS 0x00000000ec000000, 0x00000000ec000000| Untracked 
| 193|0x00000000ec100000, 0x00000000ec100000, 0x00000000ec200000|  0%| F|  |TAMS 0x00000000ec100000, 0x00000000ec100000| Untracked 
| 194|0x00000000ec200000, 0x00000000ec200000, 0x00000000ec300000|  0%| F|  |TAMS 0x00000000ec200000, 0x00000000ec200000| Untracked 
| 195|0x00000000ec300000, 0x00000000ec300000, 0x00000000ec400000|  0%| F|  |TAMS 0x00000000ec300000, 0x00000000ec300000| Untracked 
| 196|0x00000000ec400000, 0x00000000ec400000, 0x00000000ec500000|  0%| F|  |TAMS 0x00000000ec400000, 0x00000000ec400000| Untracked 
| 197|0x00000000ec500000, 0x00000000ec56dda8, 0x00000000ec600000| 42%| E|  |TAMS 0x00000000ec500000, 0x00000000ec500000| Complete 
| 198|0x00000000ec600000, 0x00000000ec700000, 0x00000000ec700000|100%| E|CS|TAMS 0x00000000ec600000, 0x00000000ec600000| Complete 
| 199|0x00000000ec700000, 0x00000000ec800000, 0x00000000ec800000|100%| E|CS|TAMS 0x00000000ec700000, 0x00000000ec700000| Complete 
| 200|0x00000000ec800000, 0x00000000ec900000, 0x00000000ec900000|100%| E|CS|TAMS 0x00000000ec800000, 0x00000000ec800000| Complete 
| 201|0x00000000ec900000, 0x00000000eca00000, 0x00000000eca00000|100%| E|CS|TAMS 0x00000000ec900000, 0x00000000ec900000| Complete 
| 202|0x00000000eca00000, 0x00000000ecb00000, 0x00000000ecb00000|100%| E|CS|TAMS 0x00000000eca00000, 0x00000000eca00000| Complete 
| 203|0x00000000ecb00000, 0x00000000ecc00000, 0x00000000ecc00000|100%| E|CS|TAMS 0x00000000ecb00000, 0x00000000ecb00000| Complete 
| 204|0x00000000ecc00000, 0x00000000ecd00000, 0x00000000ecd00000|100%| E|CS|TAMS 0x00000000ecc00000, 0x00000000ecc00000| Complete 
| 205|0x00000000ecd00000, 0x00000000ece00000, 0x00000000ece00000|100%| E|CS|TAMS 0x00000000ecd00000, 0x00000000ecd00000| Complete 
| 206|0x00000000ece00000, 0x00000000ecf00000, 0x00000000ecf00000|100%| E|CS|TAMS 0x00000000ece00000, 0x00000000ece00000| Complete 
| 207|0x00000000ecf00000, 0x00000000ed000000, 0x00000000ed000000|100%| E|CS|TAMS 0x00000000ecf00000, 0x00000000ecf00000| Complete 
| 208|0x00000000ed000000, 0x00000000ed100000, 0x00000000ed100000|100%| E|CS|TAMS 0x00000000ed000000, 0x00000000ed000000| Complete 
| 209|0x00000000ed100000, 0x00000000ed200000, 0x00000000ed200000|100%| E|CS|TAMS 0x00000000ed100000, 0x00000000ed100000| Complete 
| 210|0x00000000ed200000, 0x00000000ed300000, 0x00000000ed300000|100%| E|CS|TAMS 0x00000000ed200000, 0x00000000ed200000| Complete 
| 211|0x00000000ed300000, 0x00000000ed400000, 0x00000000ed400000|100%| E|CS|TAMS 0x00000000ed300000, 0x00000000ed300000| Complete 
| 212|0x00000000ed400000, 0x00000000ed500000, 0x00000000ed500000|100%| E|CS|TAMS 0x00000000ed400000, 0x00000000ed400000| Complete 
| 213|0x00000000ed500000, 0x00000000ed600000, 0x00000000ed600000|100%| E|CS|TAMS 0x00000000ed500000, 0x00000000ed500000| Complete 
| 214|0x00000000ed600000, 0x00000000ed700000, 0x00000000ed700000|100%| E|CS|TAMS 0x00000000ed600000, 0x00000000ed600000| Complete 
| 215|0x00000000ed700000, 0x00000000ed800000, 0x00000000ed800000|100%| E|CS|TAMS 0x00000000ed700000, 0x00000000ed700000| Complete 
| 216|0x00000000ed800000, 0x00000000ed900000, 0x00000000ed900000|100%| E|CS|TAMS 0x00000000ed800000, 0x00000000ed800000| Complete 
| 217|0x00000000ed900000, 0x00000000eda00000, 0x00000000eda00000|100%| E|CS|TAMS 0x00000000ed900000, 0x00000000ed900000| Complete 
| 218|0x00000000eda00000, 0x00000000edb00000, 0x00000000edb00000|100%| E|CS|TAMS 0x00000000eda00000, 0x00000000eda00000| Complete 
| 219|0x00000000edb00000, 0x00000000edc00000, 0x00000000edc00000|100%| E|CS|TAMS 0x00000000edb00000, 0x00000000edb00000| Complete 
| 220|0x00000000edc00000, 0x00000000edd00000, 0x00000000edd00000|100%| E|CS|TAMS 0x00000000edc00000, 0x00000000edc00000| Complete 
| 221|0x00000000edd00000, 0x00000000ede00000, 0x00000000ede00000|100%| E|CS|TAMS 0x00000000edd00000, 0x00000000edd00000| Complete 
| 222|0x00000000ede00000, 0x00000000edf00000, 0x00000000edf00000|100%| E|CS|TAMS 0x00000000ede00000, 0x00000000ede00000| Complete 
| 223|0x00000000edf00000, 0x00000000ee000000, 0x00000000ee000000|100%| E|CS|TAMS 0x00000000edf00000, 0x00000000edf00000| Complete 
| 224|0x00000000ee000000, 0x00000000ee100000, 0x00000000ee100000|100%| E|CS|TAMS 0x00000000ee000000, 0x00000000ee000000| Complete 
| 225|0x00000000ee100000, 0x00000000ee200000, 0x00000000ee200000|100%| E|CS|TAMS 0x00000000ee100000, 0x00000000ee100000| Complete 
| 226|0x00000000ee200000, 0x00000000ee300000, 0x00000000ee300000|100%| E|CS|TAMS 0x00000000ee200000, 0x00000000ee200000| Complete 
| 227|0x00000000ee300000, 0x00000000ee400000, 0x00000000ee400000|100%| E|CS|TAMS 0x00000000ee300000, 0x00000000ee300000| Complete 
| 228|0x00000000ee400000, 0x00000000ee500000, 0x00000000ee500000|100%| E|CS|TAMS 0x00000000ee400000, 0x00000000ee400000| Complete 
| 229|0x00000000ee500000, 0x00000000ee600000, 0x00000000ee600000|100%| E|CS|TAMS 0x00000000ee500000, 0x00000000ee500000| Complete 
| 230|0x00000000ee600000, 0x00000000ee700000, 0x00000000ee700000|100%| E|CS|TAMS 0x00000000ee600000, 0x00000000ee600000| Complete 
| 231|0x00000000ee700000, 0x00000000ee800000, 0x00000000ee800000|100%| E|CS|TAMS 0x00000000ee700000, 0x00000000ee700000| Complete 
| 232|0x00000000ee800000, 0x00000000ee900000, 0x00000000ee900000|100%| E|CS|TAMS 0x00000000ee800000, 0x00000000ee800000| Complete 
| 233|0x00000000ee900000, 0x00000000eea00000, 0x00000000eea00000|100%| E|CS|TAMS 0x00000000ee900000, 0x00000000ee900000| Complete 
| 234|0x00000000eea00000, 0x00000000eeb00000, 0x00000000eeb00000|100%| E|CS|TAMS 0x00000000eea00000, 0x00000000eea00000| Complete 
| 235|0x00000000eeb00000, 0x00000000eec00000, 0x00000000eec00000|100%| E|CS|TAMS 0x00000000eeb00000, 0x00000000eeb00000| Complete 
| 236|0x00000000eec00000, 0x00000000eed00000, 0x00000000eed00000|100%| E|CS|TAMS 0x00000000eec00000, 0x00000000eec00000| Complete 
| 237|0x00000000eed00000, 0x00000000eee00000, 0x00000000eee00000|100%| E|CS|TAMS 0x00000000eed00000, 0x00000000eed00000| Complete 
| 238|0x00000000eee00000, 0x00000000eef00000, 0x00000000eef00000|100%| E|CS|TAMS 0x00000000eee00000, 0x00000000eee00000| Complete 
| 239|0x00000000eef00000, 0x00000000ef000000, 0x00000000ef000000|100%| E|CS|TAMS 0x00000000eef00000, 0x00000000eef00000| Complete 
| 240|0x00000000ef000000, 0x00000000ef100000, 0x00000000ef100000|100%| E|CS|TAMS 0x00000000ef000000, 0x00000000ef000000| Complete 
| 241|0x00000000ef100000, 0x00000000ef200000, 0x00000000ef200000|100%| E|CS|TAMS 0x00000000ef100000, 0x00000000ef100000| Complete 
| 242|0x00000000ef200000, 0x00000000ef300000, 0x00000000ef300000|100%| E|CS|TAMS 0x00000000ef200000, 0x00000000ef200000| Complete 
| 243|0x00000000ef300000, 0x00000000ef400000, 0x00000000ef400000|100%| E|CS|TAMS 0x00000000ef300000, 0x00000000ef300000| Complete 
| 244|0x00000000ef400000, 0x00000000ef500000, 0x00000000ef500000|100%| E|CS|TAMS 0x00000000ef400000, 0x00000000ef400000| Complete 
| 245|0x00000000ef500000, 0x00000000ef600000, 0x00000000ef600000|100%| E|CS|TAMS 0x00000000ef500000, 0x00000000ef500000| Complete 
| 246|0x00000000ef600000, 0x00000000ef700000, 0x00000000ef700000|100%| E|CS|TAMS 0x00000000ef600000, 0x00000000ef600000| Complete 
| 247|0x00000000ef700000, 0x00000000ef800000, 0x00000000ef800000|100%| E|CS|TAMS 0x00000000ef700000, 0x00000000ef700000| Complete 
| 248|0x00000000ef800000, 0x00000000ef900000, 0x00000000ef900000|100%| E|CS|TAMS 0x00000000ef800000, 0x00000000ef800000| Complete 
| 249|0x00000000ef900000, 0x00000000efa00000, 0x00000000efa00000|100%| E|CS|TAMS 0x00000000ef900000, 0x00000000ef900000| Complete 
| 250|0x00000000efa00000, 0x00000000efb00000, 0x00000000efb00000|100%| E|CS|TAMS 0x00000000efa00000, 0x00000000efa00000| Complete 
| 251|0x00000000efb00000, 0x00000000efc00000, 0x00000000efc00000|100%| E|CS|TAMS 0x00000000efb00000, 0x00000000efb00000| Complete 
| 252|0x00000000efc00000, 0x00000000efd00000, 0x00000000efd00000|100%| E|CS|TAMS 0x00000000efc00000, 0x00000000efc00000| Complete 
| 253|0x00000000efd00000, 0x00000000efe00000, 0x00000000efe00000|100%| E|CS|TAMS 0x00000000efd00000, 0x00000000efd00000| Complete 
| 254|0x00000000efe00000, 0x00000000eff00000, 0x00000000eff00000|100%| E|CS|TAMS 0x00000000efe00000, 0x00000000efe00000| Complete 
| 255|0x00000000eff00000, 0x00000000f0000000, 0x00000000f0000000|100%| E|CS|TAMS 0x00000000eff00000, 0x00000000eff00000| Complete 

Card table byte_map: [0x00000146b7ab0000,0x00000146b7bb0000] _byte_map_base: 0x00000146b73b0000

Marking Bits (Prev, Next): (CMBitMap*) 0x00000146a08aecb0, (CMBitMap*) 0x00000146a08aec70
 Prev Bits: [0x00000146b84b0000, 0x00000146b8cb0000)
 Next Bits: [0x00000146b7cb0000, 0x00000146b84b0000)

Polling page: 0x000001469e850000

Metaspace:

Usage:
  Non-class:     61.01 MB capacity,    60.20 MB ( 99%) used,   721.67 KB (  1%) free+waste,   103.69 KB ( <1%) overhead. 
      Class:      9.40 MB capacity,     9.09 MB ( 97%) used,   274.59 KB (  3%) free+waste,    42.00 KB ( <1%) overhead. 
       Both:     70.40 MB capacity,    69.29 MB ( 98%) used,   996.27 KB (  1%) free+waste,   145.69 KB ( <1%) overhead. 

Virtual space:
  Non-class space:       62.00 MB reserved,      61.17 MB ( 99%) committed 
      Class space:      248.00 MB reserved,       9.50 MB (  4%) committed 
             Both:      310.00 MB reserved,      70.67 MB ( 23%) committed 

Chunk freelists:
   Non-Class:  40.00 KB
       Class:  10.00 KB
        Both:  50.00 KB

MaxMetaspaceSize: 256.00 MB
CompressedClassSpaceSize: 248.00 MB

CodeHeap 'non-profiled nmethods': size=120000Kb used=3948Kb max_used=3948Kb free=116051Kb
 bounds [0x00000146b0580000, 0x00000146b0960000, 0x00000146b7ab0000]
CodeHeap 'profiled nmethods': size=120000Kb used=17788Kb max_used=17788Kb free=102211Kb
 bounds [0x00000146a9050000, 0x00000146aa1b0000, 0x00000146b0580000]
CodeHeap 'non-nmethods': size=5760Kb used=2414Kb max_used=2497Kb free=3345Kb
 bounds [0x00000146a8ab0000, 0x00000146a8d50000, 0x00000146a9050000]
 total_blobs=10441 nmethods=9530 adapters=821
 compilation: enabled
              stopped_count=0, restarted_count=0
 full_count=0

Compilation events (20 events):
Event: 22.135 Thread 0x00000146bb28fad0 nmethod 10499 0x00000146b0958510 code [0x00000146b0958680, 0x00000146b0958798]
Event: 22.163 Thread 0x00000146bb28fad0 10500       4       org.gradle.internal.serialize.kryo.KryoBackedEncoder::writeString (23 bytes)
Event: 22.173 Thread 0x00000146bb28fad0 nmethod 10500 0x00000146b0958810 code [0x00000146b09589e0, 0x00000146b0958d50]
Event: 22.511 Thread 0x00000146bb291b80 10501       1       org.codehaus.groovy.runtime.metaclass.ClosureMetaClass::isInitialized (5 bytes)
Event: 22.512 Thread 0x00000146bb291b80 nmethod 10501 0x00000146b0959090 code [0x00000146b0959220, 0x00000146b09592d8]
Event: 22.512 Thread 0x00000146bb291b80 10502       1       groovy.lang.Closure::getResolveStrategy (5 bytes)
Event: 22.512 Thread 0x00000146bb291b80 nmethod 10502 0x00000146b0959390 code [0x00000146b0959520, 0x00000146b09595d8]
Event: 22.516 Thread 0x00000146bb28fad0 10503   !   4       sun.nio.cs.DoubleByte$Encoder::encodeArrayLoop (409 bytes)
Event: 22.518 Thread 0x00000146bb291b80 10504       3       org.gradle.internal.io.StreamByteBuffer::allocateSpace (73 bytes)
Event: 22.518 Thread 0x00000146bb291b80 nmethod 10504 0x00000146aa1ab090 code [0x00000146aa1ab2a0, 0x00000146aa1aba08]
Event: 22.518 Thread 0x00000146bb291b80 10505       3       org.gradle.internal.io.StreamByteBuffer$StreamByteBufferChunk::write (32 bytes)
Event: 22.519 Thread 0x00000146bb291b80 nmethod 10505 0x00000146aa1abd10 code [0x00000146aa1abea0, 0x00000146aa1ac038]
Event: 22.540 Thread 0x00000146bb28fad0 nmethod 10503 0x00000146b0959690 code [0x00000146b0959840, 0x00000146b095a238]
Event: 22.707 Thread 0x00000146bb291b80 10506       3       java.nio.Buffer::position (55 bytes)
Event: 22.707 Thread 0x00000146bb291b80 nmethod 10506 0x00000146aa1ac110 code [0x00000146aa1ac2c0, 0x00000146aa1ac528]
Event: 22.708 Thread 0x00000146bb28fad0 10507       4       org.gradle.internal.logging.text.AbstractLineChoppingStyledTextOutput$StateContext::hasChar (25 bytes)
Event: 22.709 Thread 0x00000146bb291b80 10511       3       java.io.Writer::write (11 bytes)
Event: 22.710 Thread 0x00000146bb291b80 nmethod 10511 0x00000146aa1ac610 code [0x00000146aa1ac7c0, 0x00000146aa1aca88]
Event: 22.713 Thread 0x00000146bb28fad0 nmethod 10507 0x00000146b095a890 code [0x00000146b095aa00, 0x00000146b095aa98]
Event: 22.713 Thread 0x00000146bb28fad0 10510       4       org.gradle.internal.logging.text.AbstractLineChoppingStyledTextOutput::doAppend (43 bytes)

GC Heap History (16 events):
Event: 0.655 GC heap before
{Heap before GC invocations=0 (full 0):
 garbage-first heap   total 262144K, used 15360K [0x00000000e0000000, 0x0000000100000000)
  region size 1024K, 13 young (13312K), 0 survivors (0K)
 Metaspace       used 1086K, capacity 4759K, committed 4864K, reserved 262144K
  class space    used 87K, capacity 433K, committed 512K, reserved 253952K
}
Event: 0.658 GC heap after
{Heap after GC invocations=1 (full 0):
 garbage-first heap   total 262144K, used 3198K [0x00000000e0000000, 0x0000000100000000)
  region size 1024K, 2 young (2048K), 2 survivors (2048K)
 Metaspace       used 1086K, capacity 4759K, committed 4864K, reserved 262144K
  class space    used 87K, capacity 433K, committed 512K, reserved 253952K
}
Event: 1.336 GC heap before
{Heap before GC invocations=1 (full 0):
 garbage-first heap   total 262144K, used 21630K [0x00000000e0000000, 0x0000000100000000)
  region size 1024K, 18 young (18432K), 2 survivors (2048K)
 Metaspace       used 3684K, capacity 6352K, committed 6656K, reserved 262144K
  class space    used 454K, capacity 708K, committed 768K, reserved 253952K
}
Event: 1.341 GC heap after
{Heap after GC invocations=2 (full 0):
 garbage-first heap   total 262144K, used 9682K [0x00000000e0000000, 0x0000000100000000)
  region size 1024K, 3 young (3072K), 3 survivors (3072K)
 Metaspace       used 3684K, capacity 6352K, committed 6656K, reserved 262144K
  class space    used 454K, capacity 708K, committed 768K, reserved 253952K
}
Event: 1.859 GC heap before
{Heap before GC invocations=2 (full 0):
 garbage-first heap   total 262144K, used 31186K [0x00000000e0000000, 0x0000000100000000)
  region size 1024K, 25 young (25600K), 3 survivors (3072K)
 Metaspace       used 4355K, capacity 6739K, committed 7040K, reserved 262144K
  class space    used 526K, capacity 773K, committed 896K, reserved 253952K
}
Event: 1.862 GC heap after
{Heap after GC invocations=3 (full 0):
 garbage-first heap   total 262144K, used 10424K [0x00000000e0000000, 0x0000000100000000)
  region size 1024K, 1 young (1024K), 1 survivors (1024K)
 Metaspace       used 4355K, capacity 6739K, committed 7040K, reserved 262144K
  class space    used 526K, capacity 773K, committed 896K, reserved 253952K
}
Event: 5.339 GC heap before
{Heap before GC invocations=3 (full 0):
 garbage-first heap   total 262144K, used 119992K [0x00000000e0000000, 0x0000000100000000)
  region size 1024K, 109 young (111616K), 1 survivors (1024K)
 Metaspace       used 20796K, capacity 21188K, committed 21296K, reserved 272384K
  class space    used 3019K, capacity 3155K, committed 3200K, reserved 253952K
}
Event: 5.352 GC heap after
{Heap after GC invocations=4 (full 0):
 garbage-first heap   total 262144K, used 20313K [0x00000000e0000000, 0x0000000100000000)
  region size 1024K, 11 young (11264K), 11 survivors (11264K)
 Metaspace       used 20796K, capacity 21188K, committed 21296K, reserved 272384K
  class space    used 3019K, capacity 3155K, committed 3200K, reserved 253952K
}
Event: 7.476 GC heap before
{Heap before GC invocations=5 (full 0):
 garbage-first heap   total 262144K, used 125785K [0x00000000e0000000, 0x0000000100000000)
  region size 1024K, 112 young (114688K), 11 survivors (11264K)
 Metaspace       used 35258K, capacity 35783K, committed 35888K, reserved 286720K
  class space    used 4774K, capacity 4918K, committed 4992K, reserved 253952K
}
Event: 7.497 GC heap after
{Heap after GC invocations=6 (full 0):
 garbage-first heap   total 262144K, used 28731K [0x00000000e0000000, 0x0000000100000000)
  region size 1024K, 19 young (19456K), 19 survivors (19456K)
 Metaspace       used 35258K, capacity 35783K, committed 35888K, reserved 286720K
  class space    used 4774K, capacity 4918K, committed 4992K, reserved 253952K
}
Event: 10.480 GC heap before
{Heap before GC invocations=7 (full 0):
 garbage-first heap   total 262144K, used 165947K [0x00000000e0000000, 0x0000000100000000)
  region size 1024K, 153 young (156672K), 19 survivors (19456K)
 Metaspace       used 53430K, capacity 54301K, committed 54448K, reserved 301056K
  class space    used 7164K, capacity 7405K, committed 7424K, reserved 253952K
}
Event: 10.528 GC heap after
{Heap after GC invocations=8 (full 0):
 garbage-first heap   total 262144K, used 39687K [0x00000000e0000000, 0x0000000100000000)
  region size 1024K, 20 young (20480K), 20 survivors (20480K)
 Metaspace       used 53430K, capacity 54301K, committed 54448K, reserved 301056K
  class space    used 7164K, capacity 7405K, committed 7424K, reserved 253952K
}
Event: 12.820 GC heap before
{Heap before GC invocations=8 (full 0):
 garbage-first heap   total 262144K, used 167687K [0x00000000e0000000, 0x0000000100000000)
  region size 1024K, 147 young (150528K), 20 survivors (20480K)
 Metaspace       used 59194K, capacity 60111K, committed 60208K, reserved 307200K
  class space    used 7925K, capacity 8239K, committed 8320K, reserved 253952K
}
Event: 12.854 GC heap after
{Heap after GC invocations=9 (full 0):
 garbage-first heap   total 262144K, used 49114K [0x00000000e0000000, 0x0000000100000000)
  region size 1024K, 10 young (10240K), 10 survivors (10240K)
 Metaspace       used 59194K, capacity 60111K, committed 60208K, reserved 307200K
  class space    used 7925K, capacity 8239K, committed 8320K, reserved 253952K
}
Event: 18.524 GC heap before
{Heap before GC invocations=10 (full 0):
 garbage-first heap   total 262144K, used 194522K [0x00000000e0000000, 0x0000000100000000)
  region size 1024K, 153 young (156672K), 10 survivors (10240K)
 Metaspace       used 69082K, capacity 70199K, committed 70320K, reserved 315392K
  class space    used 9096K, capacity 9455K, committed 9472K, reserved 253952K
}
Event: 18.568 GC heap after
{Heap after GC invocations=11 (full 0):
 garbage-first heap   total 262144K, used 65311K [0x00000000e0000000, 0x0000000100000000)
  region size 1024K, 20 young (20480K), 20 survivors (20480K)
 Metaspace       used 69082K, capacity 70199K, committed 70320K, reserved 315392K
  class space    used 9096K, capacity 9455K, committed 9472K, reserved 253952K
}

Deoptimization events (20 events):
Event: 20.960 Thread 0x00000146bf3cf4e0 Uncommon trap: trap_request=0xffffffc6 fr.pc=0x00000146b092bc50 relative=0x0000000000000870
Event: 20.960 Thread 0x00000146bf3cf4e0 Uncommon trap: reason=bimorphic_or_optimized_type_check action=maybe_recompile pc=0x00000146b092bc50 method=sun.security.provider.DigestBase.engineUpdate([BII)V @ 128 c2
Event: 20.960 Thread 0x00000146bf3cf4e0 DEOPT PACKING pc=0x00000146b092bc50 sp=0x0000002619bfd470
Event: 20.960 Thread 0x00000146bf3cf4e0 DEOPT UNPACKING pc=0x00000146a8afe42f sp=0x0000002619bfd458 mode 2
Event: 20.962 Thread 0x00000146bf3cf4e0 Uncommon trap: trap_request=0xffffffc6 fr.pc=0x00000146b092bc50 relative=0x0000000000000870
Event: 20.962 Thread 0x00000146bf3cf4e0 Uncommon trap: reason=bimorphic_or_optimized_type_check action=maybe_recompile pc=0x00000146b092bc50 method=sun.security.provider.DigestBase.engineUpdate([BII)V @ 128 c2
Event: 20.962 Thread 0x00000146bf3cf4e0 DEOPT PACKING pc=0x00000146b092bc50 sp=0x0000002619bfd100
Event: 20.962 Thread 0x00000146bf3cf4e0 DEOPT UNPACKING pc=0x00000146a8afe42f sp=0x0000002619bfd0e8 mode 2
Event: 22.089 Thread 0x00000146bf3cfe80 Uncommon trap: trap_request=0xffffff45 fr.pc=0x00000146b0905f0c relative=0x000000000000026c
Event: 22.089 Thread 0x00000146bf3cfe80 Uncommon trap: reason=unstable_if action=reinterpret pc=0x00000146b0905f0c method=java.nio.channels.spi.AbstractInterruptibleChannel.end(Z)V @ 34 c2
Event: 22.089 Thread 0x00000146bf3cfe80 DEOPT PACKING pc=0x00000146b0905f0c sp=0x0000002619cfedb0
Event: 22.089 Thread 0x00000146bf3cfe80 DEOPT UNPACKING pc=0x00000146a8afe42f sp=0x0000002619cfed88 mode 2
Event: 22.137 Thread 0x00000146bf3cf4e0 Uncommon trap: trap_request=0xffffff45 fr.pc=0x00000146b0907738 relative=0x0000000000000618
Event: 22.137 Thread 0x00000146bf3cf4e0 Uncommon trap: reason=unstable_if action=reinterpret pc=0x00000146b0907738 method=sun.nio.ch.Util$BufferCache.get(I)Ljava/nio/ByteBuffer; @ 25 c2
Event: 22.137 Thread 0x00000146bf3cf4e0 DEOPT PACKING pc=0x00000146b0907738 sp=0x0000002619bfdb50
Event: 22.137 Thread 0x00000146bf3cf4e0 DEOPT UNPACKING pc=0x00000146a8afe42f sp=0x0000002619bfdaa0 mode 2
Event: 22.565 Thread 0x00000146bdd1ff10 Uncommon trap: trap_request=0xffffff45 fr.pc=0x00000146b09085f8 relative=0x0000000000000358
Event: 22.565 Thread 0x00000146bdd1ff10 Uncommon trap: reason=unstable_if action=reinterpret pc=0x00000146b09085f8 method=sun.nio.ch.Util$BufferCache.get(I)Ljava/nio/ByteBuffer; @ 25 c2
Event: 22.565 Thread 0x00000146bdd1ff10 DEOPT PACKING pc=0x00000146b09085f8 sp=0x000000261a5fe660
Event: 22.566 Thread 0x00000146bdd1ff10 DEOPT UNPACKING pc=0x00000146a8afe42f sp=0x000000261a5fe620 mode 2

Classes unloaded (0 events):
No events

Classes redefined (0 events):
No events

Internal exceptions (20 events):
Event: 20.617 Thread 0x00000146bd94eae0 Exception <a 'java/lang/ClassNotFoundException'{0x00000000ed7f85c0}: java/lang/ClassLoaderCustomizer> (0x00000000ed7f85c0) 
thrown [./open/src/hotspot/share/classfile/systemDictionary.cpp, line 295]
Event: 20.618 Thread 0x00000146bd94eae0 Exception <a 'java/lang/ClassNotFoundException'{0x00000000ed60b348}: java/security/SecureClassLoaderCustomizer> (0x00000000ed60b348) 
thrown [./open/src/hotspot/share/classfile/systemDictionary.cpp, line 295]
Event: 20.618 Thread 0x00000146bd94eae0 Exception <a 'java/lang/ClassNotFoundException'{0x00000000ed612760}: java/net/URLClassLoaderCustomizer> (0x00000000ed612760) 
thrown [./open/src/hotspot/share/classfile/systemDictionary.cpp, line 295]
Event: 20.619 Thread 0x00000146bd94eae0 Exception <a 'java/lang/ClassNotFoundException'{0x00000000ed624750}: org/gradle/internal/classloader/VisitableURLClassLoaderCustomizer> (0x00000000ed624750) 
thrown [./open/src/hotspot/share/classfile/systemDictionary.cpp, line 295]
Event: 20.737 Thread 0x00000146bd94eae0 Exception <a 'java/lang/ClassNotFoundException'{0x00000000ed4fe808}: groovy/lang/GString$1BeanInfo> (0x00000000ed4fe808) 
thrown [./open/src/hotspot/share/classfile/systemDictionary.cpp, line 295]
Event: 20.738 Thread 0x00000146bd94eae0 Exception <a 'java/lang/ClassNotFoundException'{0x00000000ed31f6b0}: groovy/lang/GStringBeanInfo> (0x00000000ed31f6b0) 
thrown [./open/src/hotspot/share/classfile/systemDictionary.cpp, line 295]
Event: 20.739 Thread 0x00000146bd94eae0 Exception <a 'java/lang/ClassNotFoundException'{0x00000000ed340250}: groovy/lang/GStringCustomizer> (0x00000000ed340250) 
thrown [./open/src/hotspot/share/classfile/systemDictionary.cpp, line 295]
Event: 20.741 Thread 0x00000146bd94eae0 Exception <a 'java/lang/ClassNotFoundException'{0x00000000ed36ab28}: groovy/lang/GString$1Customizer> (0x00000000ed36ab28) 
thrown [./open/src/hotspot/share/classfile/systemDictionary.cpp, line 295]
Event: 20.755 Thread 0x00000146bd94eae0 Exception <a 'java/lang/ClassNotFoundException'{0x00000000ed0f1ef8}: org/codehaus/groovy/runtime/GStringImplBeanInfo> (0x00000000ed0f1ef8) 
thrown [./open/src/hotspot/share/classfile/systemDictionary.cpp, line 295]
Event: 20.766 Thread 0x00000146bd94eae0 Exception <a 'java/lang/ClassNotFoundException'{0x00000000ecd81300}: org/codehaus/groovy/runtime/GStringImplCustomizer> (0x00000000ecd81300) 
thrown [./open/src/hotspot/share/classfile/systemDictionary.cpp, line 295]
Event: 20.777 Thread 0x00000146bd94eae0 Exception <a 'java/lang/ClassNotFoundException'{0x00000000ecdccce8}: org/gradle/api/internal/tasks/testing/DecoratingTestDescriptorBeanInfo> (0x00000000ecdccce8) 
thrown [./open/src/hotspot/share/classfile/systemDictionary.cpp, line 295]
Event: 20.779 Thread 0x00000146bd94eae0 Exception <a 'java/lang/ClassNotFoundException'{0x00000000ecddd878}: org/gradle/api/internal/tasks/testing/DecoratingTestDescriptorCustomizer> (0x00000000ecddd878) 
thrown [./open/src/hotspot/share/classfile/systemDictionary.cpp, line 295]
Event: 20.959 Thread 0x00000146bf3cf4e0 Exception <a 'java/lang/NoSuchMethodError'{0x00000000ec81bc50}: static Ljava/lang/Object;.<clinit>()V> (0x00000000ec81bc50) 
thrown [./open/src/hotspot/share/prims/jni.cpp, line 1204]
Event: 20.960 Thread 0x00000146bf3cf4e0 Exception <a 'java/lang/NoSuchMethodError'{0x00000000ec829ee0}: static Lorg/gradle/api/internal/tasks/testing/junitplatform/JUnitPlatformTestFramework$JUnitPlatformTestClassProcessorFactory;.<clinit>()V> (0x00000000ec829ee0) 
thrown [./open/src/hotspot/share/prims/jni.cpp, line 1204]
Event: 20.961 Thread 0x00000146bf3cf4e0 Exception <a 'java/lang/NoSuchMethodError'{0x00000000ec83c510}: static Lorg/gradle/api/internal/tasks/testing/junitplatform/JUnitPlatformSpec;.<clinit>()V> (0x00000000ec83c510) 
thrown [./open/src/hotspot/share/prims/jni.cpp, line 1204]
Event: 20.962 Thread 0x00000146bf3cf4e0 Exception <a 'java/lang/NoSuchMethodError'{0x00000000ec83e590}: static Lorg/gradle/api/internal/tasks/testing/junit/AbstractJUnitSpec;.<clinit>()V> (0x00000000ec83e590) 
thrown [./open/src/hotspot/share/prims/jni.cpp, line 1204]
Event: 21.019 Thread 0x00000146bfe92700 Exception <a 'java/lang/NoSuchMethodError'{0x00000000ec8dce50}: 'void java.lang.invoke.DirectMethodHandle$Holder.invokeStatic(java.lang.Object, long)'> (0x00000000ec8dce50) 
thrown [./open/src/hotspot/share/interpreter/linkResolver.cpp, line 782]
Event: 21.022 Thread 0x00000146bfe92700 Exception <a 'java/lang/NoSuchMethodError'{0x00000000ec8e23a0}: 'java.lang.Object java.lang.invoke.DirectMethodHandle$Holder.newInvokeSpecial(java.lang.Object, long)'> (0x00000000ec8e23a0) 
thrown [./open/src/hotspot/share/interpreter/linkResolver.cpp, line 782]
Event: 21.029 Thread 0x00000146bfe92700 Exception <a 'java/lang/NoSuchMethodError'{0x00000000ec8e94d0}: 'java.lang.Object java.lang.invoke.DirectMethodHandle$Holder.invokeStatic(java.lang.Object, java.lang.Object, long, java.lang.Object)'> (0x00000000ec8e94d0) 
thrown [./open/src/hotspot/share/interpreter/linkResolver.cpp, line 782]
Event: 21.029 Thread 0x00000146bfe92700 Exception <a 'java/lang/NoSuchMethodError'{0x00000000ec8ed170}: 'java.lang.Object java.lang.invoke.DirectMethodHandle$Holder.invokeStaticInit(java.lang.Object, java.lang.Object, long, java.lang.Object)'> (0x00000000ec8ed170) 
thrown [./open/src/hotspot/share/interpreter/linkResolver.cpp, line 782]

Events (20 events):
Event: 21.030 loading class java/lang/ProcessImpl$2
Event: 21.030 loading class java/lang/ProcessImpl$2 done
Event: 21.030 loading class java/lang/Process$PipeInputStream
Event: 21.030 loading class java/lang/Process$PipeInputStream done
Event: 21.031 Executing VM operation: HandshakeAllThreads
Event: 21.032 Executing VM operation: HandshakeAllThreads done
Event: 21.032 loading class jdk/internal/event/ProcessStartEvent
Event: 21.033 loading class jdk/internal/event/ProcessStartEvent done
Event: 21.037 Thread 0x00000146bdd1f570 Thread added: 0x00000146bdd1f570
Event: 21.045 Thread 0x00000146bdd1e230 Thread added: 0x00000146bdd1e230
Event: 21.045 Thread 0x00000146bdd208b0 Thread added: 0x00000146bdd208b0
Event: 21.046 Thread 0x00000146bdd19ed0 Thread added: 0x00000146bdd19ed0
Event: 21.363 Thread 0x00000146bdd1f570 Thread exited: 0x00000146bdd1f570
Event: 22.088 Thread 0x00000146bdd1d3c0 Thread added: 0x00000146bdd1d3c0
Event: 22.089 loading class java/nio/channels/AsynchronousCloseException
Event: 22.089 loading class java/nio/channels/AsynchronousCloseException done
Event: 22.114 Thread 0x00000146bdd1fa40 Thread added: 0x00000146bdd1fa40
Event: 22.154 Thread 0x00000146bdd1ca20 Thread added: 0x00000146bdd1ca20
Event: 22.155 Thread 0x00000146bdd1e700 Thread added: 0x00000146bdd1e700
Event: 22.555 Thread 0x00000146bdd1ff10 Thread added: 0x00000146bdd1ff10


Dynamic libraries:
0x00007ff706470000 - 0x00007ff70647d000 	C:\Program Files\Java\jdk-15\bin\java.exe
0x00007ff8f0810000 - 0x00007ff8f0a05000 	C:\WINDOWS\SYSTEM32\ntdll.dll
0x00007ff8efb40000 - 0x00007ff8efbfd000 	C:\WINDOWS\System32\KERNEL32.DLL
0x00007ff8ee360000 - 0x00007ff8ee628000 	C:\WINDOWS\System32\KERNELBASE.dll
0x00007ff8ee150000 - 0x00007ff8ee250000 	C:\WINDOWS\System32\ucrtbase.dll
0x00007ff8e7580000 - 0x00007ff8e7599000 	C:\Program Files\Java\jdk-15\bin\VCRUNTIME140.dll
0x00007ff8e7410000 - 0x00007ff8e7428000 	C:\Program Files\Java\jdk-15\bin\jli.dll
0x00007ff8f05d0000 - 0x00007ff8f0770000 	C:\WINDOWS\System32\USER32.dll
0x00007ff8ee820000 - 0x00007ff8ee842000 	C:\WINDOWS\System32\win32u.dll
0x00007ff8f02e0000 - 0x00007ff8f030a000 	C:\WINDOWS\System32\GDI32.dll
0x00007ff8edf50000 - 0x00007ff8ee05b000 	C:\WINDOWS\System32\gdi32full.dll
0x00007ff8ee060000 - 0x00007ff8ee0fd000 	C:\WINDOWS\System32\msvcp_win.dll
0x00007ff8d7830000 - 0x00007ff8d7aca000 	C:\WINDOWS\WinSxS\amd64_microsoft.windows.common-controls_6595b64144ccf1df_6.0.19041.1052_none_60b8f8fd71f5e8cb\COMCTL32.dll
0x00007ff8f0240000 - 0x00007ff8f02de000 	C:\WINDOWS\System32\msvcrt.dll
0x00007ff8ee9b0000 - 0x00007ff8ee9e0000 	C:\WINDOWS\System32\IMM32.DLL
0x00007ff8e9320000 - 0x00007ff8e932c000 	C:\Program Files\Java\jdk-15\bin\vcruntime140_1.dll
0x00007ff8c22a0000 - 0x00007ff8c2331000 	C:\Program Files\Java\jdk-15\bin\msvcp140.dll
0x00007ff8877b0000 - 0x00007ff88830c000 	C:\Program Files\Java\jdk-15\bin\server\jvm.dll
0x00007ff8efe20000 - 0x00007ff8efecc000 	C:\WINDOWS\System32\ADVAPI32.dll
0x00007ff8efcd0000 - 0x00007ff8efd6b000 	C:\WINDOWS\System32\sechost.dll
0x00007ff8f0310000 - 0x00007ff8f043b000 	C:\WINDOWS\System32\RPCRT4.dll
0x00007ff8f0210000 - 0x00007ff8f0218000 	C:\WINDOWS\System32\PSAPI.DLL
0x00007ff8d06d0000 - 0x00007ff8d06d9000 	C:\WINDOWS\SYSTEM32\WSOCK32.dll
0x00007ff8d7b60000 - 0x00007ff8d7b87000 	C:\WINDOWS\SYSTEM32\WINMM.dll
0x00007ff8e6310000 - 0x00007ff8e631a000 	C:\WINDOWS\SYSTEM32\VERSION.dll
0x00007ff8efc60000 - 0x00007ff8efccb000 	C:\WINDOWS\System32\WS2_32.dll
0x00007ff8ec820000 - 0x00007ff8ec832000 	C:\WINDOWS\SYSTEM32\kernel.appcore.dll
0x00007ff8e92b0000 - 0x00007ff8e92ba000 	C:\Program Files\Java\jdk-15\bin\jimage.dll
0x00007ff8ec4f0000 - 0x00007ff8ec6d4000 	C:\WINDOWS\SYSTEM32\DBGHELP.DLL
0x00007ff8d12f0000 - 0x00007ff8d131c000 	C:\WINDOWS\SYSTEM32\dbgcore.DLL
0x00007ff8ee790000 - 0x00007ff8ee813000 	C:\WINDOWS\System32\bcryptPrimitives.dll
0x00007ff8e7390000 - 0x00007ff8e73b5000 	C:\Program Files\Java\jdk-15\bin\java.dll
0x00007ff8ef400000 - 0x00007ff8efb3f000 	C:\WINDOWS\System32\SHELL32.dll
0x00007ff8ebc90000 - 0x00007ff8ec420000 	C:\WINDOWS\SYSTEM32\windows.storage.dll
0x00007ff8ee9e0000 - 0x00007ff8eed35000 	C:\WINDOWS\System32\combase.dll
0x00007ff8ed9c0000 - 0x00007ff8ed9ec000 	C:\WINDOWS\SYSTEM32\Wldp.dll
0x00007ff8efd70000 - 0x00007ff8efe1e000 	C:\WINDOWS\System32\SHCORE.dll
0x00007ff8f0770000 - 0x00007ff8f07c5000 	C:\WINDOWS\System32\shlwapi.dll
0x00007ff8ede90000 - 0x00007ff8edeaf000 	C:\WINDOWS\SYSTEM32\profapi.dll
0x00007ff8e7370000 - 0x00007ff8e7389000 	C:\Program Files\Java\jdk-15\bin\net.dll
0x00007ff8e5390000 - 0x00007ff8e549b000 	C:\WINDOWS\SYSTEM32\WINHTTP.dll
0x00007ff8ed730000 - 0x00007ff8ed79a000 	C:\WINDOWS\system32\mswsock.dll
0x00007ff8e27a0000 - 0x00007ff8e27b2000 	C:\Program Files\Java\jdk-15\bin\nio.dll
0x00007ff8e2780000 - 0x00007ff8e2798000 	C:\Program Files\Java\jdk-15\bin\zip.dll
0x00007ff8e2770000 - 0x00007ff8e2780000 	C:\Program Files\Java\jdk-15\bin\verify.dll
0x00007ff8e92f0000 - 0x00007ff8e9317000 	C:\Users\ne466\IdeaProjects\Sringboot-Security-Basic-V1\native\e1d6ef7f7dcc3fd88c89a11ec53ec762bb8ba0a96d01ffa2cd45eb1d1d8dd5c5\windows-amd64\native-platform.dll
0x00007ff8d6510000 - 0x00007ff8d6654000 	C:\Users\ne466\IdeaProjects\Sringboot-Security-Basic-V1\native\0d407fdbe67a94daf76414ababcb853783967236a71b16ec16e742cd7a986fd3\windows-amd64\native-platform-file-events.dll
0x00007ff8e92e0000 - 0x00007ff8e92e9000 	C:\Program Files\Java\jdk-15\bin\management.dll
0x00007ff8e8290000 - 0x00007ff8e829b000 	C:\Program Files\Java\jdk-15\bin\management_ext.dll
0x00007ff8ed910000 - 0x00007ff8ed928000 	C:\WINDOWS\SYSTEM32\CRYPTSP.dll
0x00007ff8ed060000 - 0x00007ff8ed094000 	C:\WINDOWS\system32\rsaenh.dll
0x00007ff8ee850000 - 0x00007ff8ee877000 	C:\WINDOWS\System32\bcrypt.dll
0x00007ff8ede50000 - 0x00007ff8ede7e000 	C:\WINDOWS\SYSTEM32\USERENV.dll
0x00007ff8ed900000 - 0x00007ff8ed90c000 	C:\WINDOWS\SYSTEM32\CRYPTBASE.dll
0x00007ff8ed3d0000 - 0x00007ff8ed40b000 	C:\WINDOWS\SYSTEM32\IPHLPAPI.DLL
0x00007ff8eedc0000 - 0x00007ff8eedc8000 	C:\WINDOWS\System32\NSI.dll
0x00007ff8e4d40000 - 0x00007ff8e4d57000 	C:\WINDOWS\SYSTEM32\dhcpcsvc6.DLL
0x00007ff8e4d00000 - 0x00007ff8e4d1d000 	C:\WINDOWS\SYSTEM32\dhcpcsvc.DLL
0x00007ff8ed420000 - 0x00007ff8ed4ec000 	C:\WINDOWS\SYSTEM32\DNSAPI.dll
0x00007ff8e77b0000 - 0x00007ff8e77bd000 	C:\Program Files\Java\jdk-15\bin\sunmscapi.dll
0x00007ff8ee630000 - 0x00007ff8ee78f000 	C:\WINDOWS\System32\CRYPT32.dll
0x00007ff8eda30000 - 0x00007ff8eda57000 	C:\WINDOWS\SYSTEM32\ncrypt.dll
0x00007ff8ed9f0000 - 0x00007ff8eda2b000 	C:\WINDOWS\SYSTEM32\NTASN1.dll
0x00007ff8e60d0000 - 0x00007ff8e60da000 	C:\Windows\System32\rasadhlp.dll
0x00007ff8d7160000 - 0x00007ff8d71df000 	C:\WINDOWS\System32\fwpuclnt.dll

dbghelp: loaded successfully - version: 4.0.5 - missing functions: none
symbol engine: initialized successfully - sym options: 0x614 - pdb path: .;C:\Program Files\Java\jdk-15\bin;C:\WINDOWS\SYSTEM32;C:\WINDOWS\WinSxS\amd64_microsoft.windows.common-controls_6595b64144ccf1df_6.0.19041.1052_none_60b8f8fd71f5e8cb;C:\Program Files\Java\jdk-15\bin\server;C:\Users\ne466\IdeaProjects\Sringboot-Security-Basic-V1\native\e1d6ef7f7dcc3fd88c89a11ec53ec762bb8ba0a96d01ffa2cd45eb1d1d8dd5c5\windows-amd64;C:\Users\ne466\IdeaProjects\Sringboot-Security-Basic-V1\native\0d407fdbe67a94daf76414ababcb853783967236a71b16ec16e742cd7a986fd3\windows-amd64

VM Arguments:
jvm_args: --add-opens=java.base/java.util=ALL-UNNAMED --add-opens=java.base/java.lang=ALL-UNNAMED --add-opens=java.base/java.lang.invoke=ALL-UNNAMED --add-opens=java.base/java.util=ALL-UNNAMED --add-opens=java.prefs/java.util.prefs=ALL-UNNAMED --add-opens=java.prefs/java.util.prefs=ALL-UNNAMED --add-opens=java.base/java.nio.charset=ALL-UNNAMED --add-opens=java.base/java.net=ALL-UNNAMED --add-opens=java.base/java.util.concurrent.atomic=ALL-UNNAMED -XX:MaxMetaspaceSize=256m -XX:+HeapDumpOnOutOfMemoryError -Xms256m -Xmx512m -Dfile.encoding=x-windows-949 -Duser.country=KR -Duser.language=ko -Duser.variant 
java_command: org.gradle.launcher.daemon.bootstrap.GradleDaemon 7.5.1
java_class_path (initial): C:\Users\ne466\IdeaProjects\Sringboot-Security-Basic-V1\wrapper\dists\gradle-7.5.1-bin\7jzzequgds1hbszbhq3npc5ng\gradle-7.5.1\lib\gradle-launcher-7.5.1.jar
Launcher Type: SUN_STANDARD

[Global flags]
     intx CICompilerCount                          = 3                                         {product} {ergonomic}
   size_t CompressedClassSpaceSize                 = 260046848                                 {product} {ergonomic}
     uint ConcGCThreads                            = 1                                         {product} {ergonomic}
     uint G1ConcRefinementThreads                  = 4                                         {product} {ergonomic}
   size_t G1HeapRegionSize                         = 1048576                                   {product} {ergonomic}
    uintx GCDrainStackTargetSize                   = 64                                        {product} {ergonomic}
     bool HeapDumpOnOutOfMemoryError               = true                                   {manageable} {command line}
   size_t InitialHeapSize                          = 268435456                                 {product} {command line}
   size_t MarkStackSize                            = 4194304                                   {product} {ergonomic}
   size_t MaxHeapSize                              = 536870912                                 {product} {command line}
   size_t MaxMetaspaceSize                         = 268435456                                 {product} {command line}
   size_t MaxNewSize                               = 321912832                                 {product} {ergonomic}
   size_t MinHeapDeltaBytes                        = 1048576                                   {product} {ergonomic}
   size_t MinHeapSize                              = 268435456                                 {product} {command line}
    uintx NonNMethodCodeHeapSize                   = 5832780                                {pd product} {ergonomic}
    uintx NonProfiledCodeHeapSize                  = 122912730                              {pd product} {ergonomic}
    uintx ProfiledCodeHeapSize                     = 122912730                              {pd product} {ergonomic}
    uintx ReservedCodeCacheSize                    = 251658240                              {pd product} {ergonomic}
     bool SegmentedCodeCache                       = true                                      {product} {ergonomic}
   size_t SoftMaxHeapSize                          = 536870912                              {manageable} {ergonomic}
     bool UseCompressedClassPointers               = true                                 {lp64_product} {ergonomic}
     bool UseCompressedOops                        = true                                 {lp64_product} {ergonomic}
     bool UseG1GC                                  = true                                      {product} {ergonomic}
     bool UseLargePagesIndividualAllocation        = false                                  {pd product} {ergonomic}

Logging:
Log output configuration:
 #0: stdout all=warning uptime,level,tags
 #1: stderr all=off uptime,level,tags

Environment Variables:
JAVA_HOME=C:\Program Files\Java\jdk-15
PATH=C:\Program Files\Java\jdk-15\bin\;C:\Program Files (x86)\VMware\VMware Player\bin\;C:\Program Files\Common Files\Oracle\Java\javapath;C:\Program Files (x86)\NAT Service;C:\Program Files (x86)\Common Files\Intel\Shared Libraries\redist\intel64\compiler;C:\Program Files (x86)\Intel\iCLS Client\;C:\Program Files\Intel\iCLS Client\;C:\windows\system32;C:\windows;C:\windows\System32\Wbem;C:\windows\System32\WindowsPowerShell\v1.0\;C:\Program Files (x86)\Intel\Intel(R) Management Engine Components\DAL;C:\Program Files\Intel\Intel(R) Management Engine Components\DAL;C:\Program Files (x86)\Intel\Intel(R) Management Engine Components\IPT;C:\Program Files\Intel\Intel(R) Management Engine Components\IPT;C:\Program Files (x86)\NVIDIA Corporation\PhysX\Common;C:\WINDOWS\system32;C:\WINDOWS;C:\WINDOWS\System32\Wbem;C:\WINDOWS\System32\WindowsPowerShell\v1.0\;C:\WINDOWS\System32\OpenSSH\;C:\Program Files\Intel\WiFi\bin\;C:\Program Files\Common Files\Intel\WirelessCommon\;C:\Program Files\Git\cmd;C:\Program Files\NVIDIA Corporation\NVIDIA NvDLISR;C:\Program Files\MySQL\MySQL Server 8.0\bin;C:\Program Files\MySQL\MySQL Shell 8.0\bin\;C:\Users\ne466\AppData\Local\Microsoft\WindowsApps;C:\Program Files (x86)\SoftForum\XecureHSM\;C:\Program Files\JetBrains\IntelliJ IDEA 2022.1\bin;;C:\Users\ne466\AppData\Local\Programs\Microsoft VS Code\bin;C:\Program Files\Java\jdk-15\bin;
USERNAME=ne466
OS=Windows_NT
PROCESSOR_IDENTIFIER=Intel64 Family 6 Model 142 Stepping 9, GenuineIntel



---------------  S Y S T E M  ---------------

OS:
 Windows 10 , 64 bit Build 19041 (10.0.19041.1023)
OS uptime: 0 days 13:11 hours

CPU: total 4 (initial active 4) (2 cores per cpu, 2 threads per core) family 6 model 142 stepping 9, cmov, cx8, fxsr, mmx, sse, sse2, sse3, ssse3, sse4.1, sse4.2, popcnt, vzeroupper, avx, avx2, aes, clmul, erms, 3dnowpref, lzcnt, ht, tsc, tscinvbit, bmi1, bmi2, adx, fma, clflush, clflushopt

Memory: 4k page, system-wide physical 8102M (260M free)
TotalPageFile size 11326M (AvailPageFile size 233M)
current process WorkingSet (physical memory assigned to process): 403M, peak: 414M
current process commit charge ("private bytes"): 504M, peak: 506M

vm_info: OpenJDK 64-Bit Server VM (15+36-1562) for windows-amd64 JRE (15+36-1562), built on Aug 11 2020 22:33:04 by "mach5one" with unknown MS VC++:1925

END.
